{"numTotalTestSuites":19,"numPassedTestSuites":19,"numFailedTestSuites":0,"numPendingTestSuites":0,"numTotalTests":38,"numPassedTests":38,"numFailedTests":0,"numPendingTests":0,"numTodoTests":0,"startTime":1755949639091,"success":true,"testResults":[{"assertionResults":[{"ancestorTitles":["","background sim toggle by visibility"],"fullName":" background sim toggle by visibility emits bg-tick events at ~2Hz when started","status":"passed","title":"emits bg-tick events at ~2Hz when started","duration":11,"failureMessages":[]},{"ancestorTitles":["","background sim toggle by visibility"],"fullName":" background sim toggle by visibility stops emitting when stopped","status":"passed","title":"stops emitting when stopped","duration":1,"failureMessages":[]},{"ancestorTitles":["","background sim toggle by visibility"],"fullName":" background sim toggle by visibility only ticks when document is visible","status":"passed","title":"only ticks when document is visible","duration":1,"failureMessages":[]}],"startTime":1755949640803,"endTime":1755949640816,"status":"passed","message":"","name":"C:/Users/ediaz/Coding_Projects/dragonIdler/tests/render/background-toggle.spec.ts"},{"assertionResults":[{"ancestorTitles":["","background sim contract"],"fullName":" background sim contract exposes a stable bg-tick event name for listeners","status":"passed","title":"exposes a stable bg-tick event name for listeners","duration":2,"failureMessages":[]},{"ancestorTitles":["","anti-regression guard"],"fullName":" anti-regression guard never exceeds intended low frequency in hidden mode (doc test)","status":"passed","title":"never exceeds intended low frequency in hidden mode (doc test)","duration":1,"failureMessages":[]}],"startTime":1755949640776,"endTime":1755949640779,"status":"passed","message":"","name":"C:/Users/ediaz/Coding_Projects/dragonIdler/tests/render/background.spec.ts"},{"assertionResults":[{"ancestorTitles":["","displayPool reset semantics"],"fullName":" displayPool reset semantics validates sprite reset properties","status":"passed","title":"validates sprite reset properties","duration":2,"failureMessages":[]},{"ancestorTitles":["","displayPool reset semantics"],"fullName":" displayPool reset semantics handles sprites without parent gracefully","status":"passed","title":"handles sprites without parent gracefully","duration":1,"failureMessages":[]}],"startTime":1755949640775,"endTime":1755949640778,"status":"passed","message":"","name":"C:/Users/ediaz/Coding_Projects/dragonIdler/tests/render/displayPool.spec.ts"},{"assertionResults":[{"ancestorTitles":["","clampDPR"],"fullName":" clampDPR clamps to [1,2] by default","status":"passed","title":"clamps to [1,2] by default","duration":2,"failureMessages":[]},{"ancestorTitles":["","clampDPR"],"fullName":" clampDPR respects custom min/max bounds","status":"passed","title":"respects custom min/max bounds","duration":0,"failureMessages":[]},{"ancestorTitles":["","clampDPR"],"fullName":" clampDPR uses fallback when devicePixelRatio is undefined","status":"passed","title":"uses fallback when devicePixelRatio is undefined","duration":1,"failureMessages":[]}],"startTime":1755949640783,"endTime":1755949640786,"status":"passed","message":"","name":"C:/Users/ediaz/Coding_Projects/dragonIdler/tests/render/dpr.spec.ts"},{"assertionResults":[{"ancestorTitles":["","HUD flag logic"],"fullName":" HUD flag logic detects hud=1 in query parameters","status":"passed","title":"detects hud=1 in query parameters","duration":4,"failureMessages":[]},{"ancestorTitles":["","HUD flag logic"],"fullName":" HUD flag logic parses different hud values correctly","status":"passed","title":"parses different hud values correctly","duration":1,"failureMessages":[]},{"ancestorTitles":["","HUD decoupled from Pixi ticker"],"fullName":" HUD decoupled from Pixi ticker HUD/layout does not import Pixi ticker directly","status":"passed","title":"HUD/layout does not import Pixi ticker directly","duration":1,"failureMessages":[]}],"startTime":1755949640811,"endTime":1755949640818,"status":"passed","message":"","name":"C:/Users/ediaz/Coding_Projects/dragonIdler/tests/render/hud.spec.ts"},{"assertionResults":[{"ancestorTitles":["","Required W2 file presence"],"fullName":" Required W2 file presence apps/web/src/lib/pixi/app.ts exists","status":"passed","title":"apps/web/src/lib/pixi/app.ts exists","duration":2,"failureMessages":[]},{"ancestorTitles":["","Required W2 file presence"],"fullName":" Required W2 file presence apps/web/src/lib/pixi/dpr.ts exists","status":"passed","title":"apps/web/src/lib/pixi/dpr.ts exists","duration":0,"failureMessages":[]},{"ancestorTitles":["","Required W2 file presence"],"fullName":" Required W2 file presence apps/web/src/lib/pixi/hud.ts exists","status":"passed","title":"apps/web/src/lib/pixi/hud.ts exists","duration":0,"failureMessages":[]},{"ancestorTitles":["","Required W2 file presence"],"fullName":" Required W2 file presence apps/web/src/lib/sim/background.ts exists","status":"passed","title":"apps/web/src/lib/sim/background.ts exists","duration":0,"failureMessages":[]},{"ancestorTitles":["","Required W2 file presence"],"fullName":" Required W2 file presence apps/web/src/lib/pool/pool.ts exists","status":"passed","title":"apps/web/src/lib/pool/pool.ts exists","duration":0,"failureMessages":[]},{"ancestorTitles":["","Required W2 file presence"],"fullName":" Required W2 file presence apps/web/src/lib/pool/displayPool.ts exists","status":"passed","title":"apps/web/src/lib/pool/displayPool.ts exists","duration":0,"failureMessages":[]},{"ancestorTitles":["","Required W2 file presence"],"fullName":" Required W2 file presence apps/web/src/lib/stores/flags.ts exists","status":"passed","title":"apps/web/src/lib/stores/flags.ts exists","duration":0,"failureMessages":[]},{"ancestorTitles":["","Required W2 file presence"],"fullName":" Required W2 file presence apps/web/src/routes/+layout.svelte exists","status":"passed","title":"apps/web/src/routes/+layout.svelte exists","duration":0,"failureMessages":[]},{"ancestorTitles":["","Required W2 file presence"],"fullName":" Required W2 file presence apps/web/src/routes/+layout.ts exists","status":"passed","title":"apps/web/src/routes/+layout.ts exists","duration":1,"failureMessages":[]},{"ancestorTitles":["","Required W2 file presence"],"fullName":" Required W2 file presence apps/web/src/routes/+page.svelte exists","status":"passed","title":"apps/web/src/routes/+page.svelte exists","duration":0,"failureMessages":[]},{"ancestorTitles":["","Required W2 file presence"],"fullName":" Required W2 file presence apps/web/src/routes/dev/pool/+page.svelte exists","status":"passed","title":"apps/web/src/routes/dev/pool/+page.svelte exists","duration":1,"failureMessages":[]},{"ancestorTitles":["","Required W2 file presence"],"fullName":" Required W2 file presence apps/web/svelte.config.js exists","status":"passed","title":"apps/web/svelte.config.js exists","duration":0,"failureMessages":[]},{"ancestorTitles":["","Required W2 file presence"],"fullName":" Required W2 file presence apps/web/vite.config.ts exists","status":"passed","title":"apps/web/vite.config.ts exists","duration":0,"failureMessages":[]},{"ancestorTitles":["","Required W2 file presence"],"fullName":" Required W2 file presence apps/web/src/app.html exists","status":"passed","title":"apps/web/src/app.html exists","duration":0,"failureMessages":[]},{"ancestorTitles":["","Required W2 file presence"],"fullName":" Required W2 file presence apps/web/src/app.d.ts exists","status":"passed","title":"apps/web/src/app.d.ts exists","duration":0,"failureMessages":[]},{"ancestorTitles":["","Required W2 file presence"],"fullName":" Required W2 file presence apps/web/package.json exists","status":"passed","title":"apps/web/package.json exists","duration":0,"failureMessages":[]},{"ancestorTitles":["","Required test files presence"],"fullName":" Required test files presence tests/render/dpr.spec.ts exists","status":"passed","title":"tests/render/dpr.spec.ts exists","duration":0,"failureMessages":[]},{"ancestorTitles":["","Required test files presence"],"fullName":" Required test files presence tests/render/pool.spec.ts exists","status":"passed","title":"tests/render/pool.spec.ts exists","duration":0,"failureMessages":[]},{"ancestorTitles":["","Required test files presence"],"fullName":" Required test files presence tests/render/ticker.spec.ts exists","status":"passed","title":"tests/render/ticker.spec.ts exists","duration":0,"failureMessages":[]},{"ancestorTitles":["","Required test files presence"],"fullName":" Required test files presence tests/render/background.spec.ts exists","status":"passed","title":"tests/render/background.spec.ts exists","duration":1,"failureMessages":[]},{"ancestorTitles":["","Required test files presence"],"fullName":" Required test files presence configs/vitest/vitest.config.ts exists","status":"passed","title":"configs/vitest/vitest.config.ts exists","duration":0,"failureMessages":[]}],"startTime":1755949640776,"endTime":1755949640783,"status":"passed","message":"","name":"C:/Users/ediaz/Coding_Projects/dragonIdler/tests/render/paths.spec.ts"},{"assertionResults":[{"ancestorTitles":["","pool"],"fullName":" pool reuses instances","status":"passed","title":"reuses instances","duration":3,"failureMessages":[]},{"ancestorTitles":["","pool"],"fullName":" pool tracks pool size and usage correctly","status":"passed","title":"tracks pool size and usage correctly","duration":1,"failureMessages":[]}],"startTime":1755949640794,"endTime":1755949640798,"status":"passed","message":"","name":"C:/Users/ediaz/Coding_Projects/dragonIdler/tests/render/pool.spec.ts"},{"assertionResults":[{"ancestorTitles":["","visibility policy"],"fullName":" visibility policy stops rendering when hidden and continues sim","status":"passed","title":"stops rendering when hidden and continues sim","duration":2,"failureMessages":[]},{"ancestorTitles":["","visibility policy"],"fullName":" visibility policy starts rendering when visible","status":"passed","title":"starts rendering when visible","duration":0,"failureMessages":[]}],"startTime":1755949640774,"endTime":1755949640776,"status":"passed","message":"","name":"C:/Users/ediaz/Coding_Projects/dragonIdler/tests/render/ticker.spec.ts"}]}