{"numTotalTestSuites":123,"numPassedTestSuites":98,"numFailedTestSuites":25,"numPendingTestSuites":0,"numTotalTests":340,"numPassedTests":307,"numFailedTests":33,"numPendingTests":0,"numTodoTests":0,"snapshot":{"added":0,"failure":false,"filesAdded":0,"filesRemoved":0,"filesRemovedList":[],"filesUnmatched":0,"filesUpdated":0,"matched":0,"total":0,"unchecked":0,"uncheckedKeysByFile":[],"unmatched":0,"updated":0,"didUpdate":false},"startTime":1762315103269,"success":false,"testResults":[{"assertionResults":[{"ancestorTitles":["Atomic Write Operations","putSaveAtomic"],"fullName":"Atomic Write Operations putSaveAtomic should write save data atomically","status":"failed","title":"should write save data atomically","duration":30.05460000000005,"failureMessages":["Error: Atomic save failed: [\n  {\n    \"expected\": \"object\",\n    \"code\": \"invalid_type\",\n    \"path\": [\n      \"profiles\",\n      0,\n      \"inventory\"\n    ],\n    \"message\": \"Invalid input: expected object, received undefined\"\n  },\n  {\n    \"expected\": \"object\",\n    \"code\": \"invalid_type\",\n    \"path\": [\n      \"profiles\",\n      0,\n      \"itemStats\"\n    ],\n    \"message\": \"Invalid input: expected object, received undefined\"\n  }\n]\n    at putSaveAtomic (C:\\Users\\ediaz\\Coding_Projects\\dragonIdler\\packages\\db\\src\\repo.js:108:15)\n    at C:\\Users\\ediaz\\Coding_Projects\\dragonIdler\\tests\\db\\atomic.spec.ts:57:28\n    at file:///C:/Users/ediaz/Coding_Projects/dragonIdler/node_modules/.pnpm/@vitest+runner@3.2.4/node_modules/@vitest/runner/dist/chunk-hooks.js:155:11\n    at file:///C:/Users/ediaz/Coding_Projects/dragonIdler/node_modules/.pnpm/@vitest+runner@3.2.4/node_modules/@vitest/runner/dist/chunk-hooks.js:752:26\n    at file:///C:/Users/ediaz/Coding_Projects/dragonIdler/node_modules/.pnpm/@vitest+runner@3.2.4/node_modules/@vitest/runner/dist/chunk-hooks.js:1897:20\n    at new Promise (<anonymous>)\n    at runWithTimeout (file:///C:/Users/ediaz/Coding_Projects/dragonIdler/node_modules/.pnpm/@vitest+runner@3.2.4/node_modules/@vitest/runner/dist/chunk-hooks.js:1863:10)\n    at runTest (file:///C:/Users/ediaz/Coding_Projects/dragonIdler/node_modules/.pnpm/@vitest+runner@3.2.4/node_modules/@vitest/runner/dist/chunk-hooks.js:1574:12)\n    at runSuite (file:///C:/Users/ediaz/Coding_Projects/dragonIdler/node_modules/.pnpm/@vitest+runner@3.2.4/node_modules/@vitest/runner/dist/chunk-hooks.js:1729:8)\n    at runSuite (file:///C:/Users/ediaz/Coding_Projects/dragonIdler/node_modules/.pnpm/@vitest+runner@3.2.4/node_modules/@vitest/runner/dist/chunk-hooks.js:1729:8)"],"meta":{}},{"ancestorTitles":["Atomic Write Operations","putSaveAtomic"],"fullName":"Atomic Write Operations putSaveAtomic should update active profile pointer","status":"failed","title":"should update active profile pointer","duration":8.82910000000004,"failureMessages":["Error: Atomic save failed: [\n  {\n    \"expected\": \"object\",\n    \"code\": \"invalid_type\",\n    \"path\": [\n      \"profiles\",\n      0,\n      \"inventory\"\n    ],\n    \"message\": \"Invalid input: expected object, received undefined\"\n  },\n  {\n    \"expected\": \"object\",\n    \"code\": \"invalid_type\",\n    \"path\": [\n      \"profiles\",\n      0,\n      \"itemStats\"\n    ],\n    \"message\": \"Invalid input: expected object, received undefined\"\n  }\n]\n    at putSaveAtomic (C:\\Users\\ediaz\\Coding_Projects\\dragonIdler\\packages\\db\\src\\repo.js:108:15)\n    at C:\\Users\\ediaz\\Coding_Projects\\dragonIdler\\tests\\db\\atomic.spec.ts:70:13\n    at file:///C:/Users/ediaz/Coding_Projects/dragonIdler/node_modules/.pnpm/@vitest+runner@3.2.4/node_modules/@vitest/runner/dist/chunk-hooks.js:155:11\n    at file:///C:/Users/ediaz/Coding_Projects/dragonIdler/node_modules/.pnpm/@vitest+runner@3.2.4/node_modules/@vitest/runner/dist/chunk-hooks.js:752:26\n    at file:///C:/Users/ediaz/Coding_Projects/dragonIdler/node_modules/.pnpm/@vitest+runner@3.2.4/node_modules/@vitest/runner/dist/chunk-hooks.js:1897:20\n    at new Promise (<anonymous>)\n    at runWithTimeout (file:///C:/Users/ediaz/Coding_Projects/dragonIdler/node_modules/.pnpm/@vitest+runner@3.2.4/node_modules/@vitest/runner/dist/chunk-hooks.js:1863:10)\n    at runTest (file:///C:/Users/ediaz/Coding_Projects/dragonIdler/node_modules/.pnpm/@vitest+runner@3.2.4/node_modules/@vitest/runner/dist/chunk-hooks.js:1574:12)\n    at runSuite (file:///C:/Users/ediaz/Coding_Projects/dragonIdler/node_modules/.pnpm/@vitest+runner@3.2.4/node_modules/@vitest/runner/dist/chunk-hooks.js:1729:8)\n    at runSuite (file:///C:/Users/ediaz/Coding_Projects/dragonIdler/node_modules/.pnpm/@vitest+runner@3.2.4/node_modules/@vitest/runner/dist/chunk-hooks.js:1729:8)"],"meta":{}},{"ancestorTitles":["Atomic Write Operations","putSaveAtomic"],"fullName":"Atomic Write Operations putSaveAtomic should prune old saves to keep only 3 backups","status":"failed","title":"should prune old saves to keep only 3 backups","duration":3.7550999999999704,"failureMessages":["Error: Atomic save failed: [\n  {\n    \"expected\": \"object\",\n    \"code\": \"invalid_type\",\n    \"path\": [\n      \"profiles\",\n      0,\n      \"inventory\"\n    ],\n    \"message\": \"Invalid input: expected object, received undefined\"\n  },\n  {\n    \"expected\": \"object\",\n    \"code\": \"invalid_type\",\n    \"path\": [\n      \"profiles\",\n      0,\n      \"itemStats\"\n    ],\n    \"message\": \"Invalid input: expected object, received undefined\"\n  }\n]\n    at putSaveAtomic (C:\\Users\\ediaz\\Coding_Projects\\dragonIdler\\packages\\db\\src\\repo.js:108:15)\n    at C:\\Users\\ediaz\\Coding_Projects\\dragonIdler\\tests\\db\\atomic.spec.ts:90:15\n    at file:///C:/Users/ediaz/Coding_Projects/dragonIdler/node_modules/.pnpm/@vitest+runner@3.2.4/node_modules/@vitest/runner/dist/chunk-hooks.js:155:11\n    at file:///C:/Users/ediaz/Coding_Projects/dragonIdler/node_modules/.pnpm/@vitest+runner@3.2.4/node_modules/@vitest/runner/dist/chunk-hooks.js:752:26\n    at file:///C:/Users/ediaz/Coding_Projects/dragonIdler/node_modules/.pnpm/@vitest+runner@3.2.4/node_modules/@vitest/runner/dist/chunk-hooks.js:1897:20\n    at new Promise (<anonymous>)\n    at runWithTimeout (file:///C:/Users/ediaz/Coding_Projects/dragonIdler/node_modules/.pnpm/@vitest+runner@3.2.4/node_modules/@vitest/runner/dist/chunk-hooks.js:1863:10)\n    at runTest (file:///C:/Users/ediaz/Coding_Projects/dragonIdler/node_modules/.pnpm/@vitest+runner@3.2.4/node_modules/@vitest/runner/dist/chunk-hooks.js:1574:12)\n    at runSuite (file:///C:/Users/ediaz/Coding_Projects/dragonIdler/node_modules/.pnpm/@vitest+runner@3.2.4/node_modules/@vitest/runner/dist/chunk-hooks.js:1729:8)\n    at runSuite (file:///C:/Users/ediaz/Coding_Projects/dragonIdler/node_modules/.pnpm/@vitest+runner@3.2.4/node_modules/@vitest/runner/dist/chunk-hooks.js:1729:8)"],"meta":{}},{"ancestorTitles":["Atomic Write Operations","putSaveAtomic"],"fullName":"Atomic Write Operations putSaveAtomic should handle concurrent writes to different profiles","status":"failed","title":"should handle concurrent writes to different profiles","duration":3.9885000000000446,"failureMessages":["Error: Atomic save failed: [\n  {\n    \"expected\": \"object\",\n    \"code\": \"invalid_type\",\n    \"path\": [\n      \"profiles\",\n      0,\n      \"inventory\"\n    ],\n    \"message\": \"Invalid input: expected object, received undefined\"\n  },\n  {\n    \"expected\": \"object\",\n    \"code\": \"invalid_type\",\n    \"path\": [\n      \"profiles\",\n      0,\n      \"itemStats\"\n    ],\n    \"message\": \"Invalid input: expected object, received undefined\"\n  }\n]\n    at putSaveAtomic (C:\\Users\\ediaz\\Coding_Projects\\dragonIdler\\packages\\db\\src\\repo.js:108:15)\n    at C:\\Users\\ediaz\\Coding_Projects\\dragonIdler\\tests\\db\\atomic.spec.ts:114:9\n    at file:///C:/Users/ediaz/Coding_Projects/dragonIdler/node_modules/.pnpm/@vitest+runner@3.2.4/node_modules/@vitest/runner/dist/chunk-hooks.js:155:11\n    at file:///C:/Users/ediaz/Coding_Projects/dragonIdler/node_modules/.pnpm/@vitest+runner@3.2.4/node_modules/@vitest/runner/dist/chunk-hooks.js:752:26\n    at file:///C:/Users/ediaz/Coding_Projects/dragonIdler/node_modules/.pnpm/@vitest+runner@3.2.4/node_modules/@vitest/runner/dist/chunk-hooks.js:1897:20\n    at new Promise (<anonymous>)\n    at runWithTimeout (file:///C:/Users/ediaz/Coding_Projects/dragonIdler/node_modules/.pnpm/@vitest+runner@3.2.4/node_modules/@vitest/runner/dist/chunk-hooks.js:1863:10)\n    at runTest (file:///C:/Users/ediaz/Coding_Projects/dragonIdler/node_modules/.pnpm/@vitest+runner@3.2.4/node_modules/@vitest/runner/dist/chunk-hooks.js:1574:12)\n    at runSuite (file:///C:/Users/ediaz/Coding_Projects/dragonIdler/node_modules/.pnpm/@vitest+runner@3.2.4/node_modules/@vitest/runner/dist/chunk-hooks.js:1729:8)\n    at runSuite (file:///C:/Users/ediaz/Coding_Projects/dragonIdler/node_modules/.pnpm/@vitest+runner@3.2.4/node_modules/@vitest/runner/dist/chunk-hooks.js:1729:8)"],"meta":{}},{"ancestorTitles":["Atomic Write Operations","putSaveAtomic"],"fullName":"Atomic Write Operations putSaveAtomic should maintain data integrity during transaction failures","status":"failed","title":"should maintain data integrity during transaction failures","duration":2.761600000000044,"failureMessages":["Error: Atomic save failed: [\n  {\n    \"expected\": \"object\",\n    \"code\": \"invalid_type\",\n    \"path\": [\n      \"profiles\",\n      0,\n      \"inventory\"\n    ],\n    \"message\": \"Invalid input: expected object, received undefined\"\n  },\n  {\n    \"expected\": \"object\",\n    \"code\": \"invalid_type\",\n    \"path\": [\n      \"profiles\",\n      0,\n      \"itemStats\"\n    ],\n    \"message\": \"Invalid input: expected object, received undefined\"\n  }\n]\n    at putSaveAtomic (C:\\Users\\ediaz\\Coding_Projects\\dragonIdler\\packages\\db\\src\\repo.js:108:15)\n    at C:\\Users\\ediaz\\Coding_Projects\\dragonIdler\\tests\\db\\atomic.spec.ts:132:13\n    at file:///C:/Users/ediaz/Coding_Projects/dragonIdler/node_modules/.pnpm/@vitest+runner@3.2.4/node_modules/@vitest/runner/dist/chunk-hooks.js:155:11\n    at file:///C:/Users/ediaz/Coding_Projects/dragonIdler/node_modules/.pnpm/@vitest+runner@3.2.4/node_modules/@vitest/runner/dist/chunk-hooks.js:752:26\n    at file:///C:/Users/ediaz/Coding_Projects/dragonIdler/node_modules/.pnpm/@vitest+runner@3.2.4/node_modules/@vitest/runner/dist/chunk-hooks.js:1897:20\n    at new Promise (<anonymous>)\n    at runWithTimeout (file:///C:/Users/ediaz/Coding_Projects/dragonIdler/node_modules/.pnpm/@vitest+runner@3.2.4/node_modules/@vitest/runner/dist/chunk-hooks.js:1863:10)\n    at runTest (file:///C:/Users/ediaz/Coding_Projects/dragonIdler/node_modules/.pnpm/@vitest+runner@3.2.4/node_modules/@vitest/runner/dist/chunk-hooks.js:1574:12)\n    at runSuite (file:///C:/Users/ediaz/Coding_Projects/dragonIdler/node_modules/.pnpm/@vitest+runner@3.2.4/node_modules/@vitest/runner/dist/chunk-hooks.js:1729:8)\n    at runSuite (file:///C:/Users/ediaz/Coding_Projects/dragonIdler/node_modules/.pnpm/@vitest+runner@3.2.4/node_modules/@vitest/runner/dist/chunk-hooks.js:1729:8)"],"meta":{}},{"ancestorTitles":["Atomic Write Operations","getActiveSave"],"fullName":"Atomic Write Operations getActiveSave should return the most recent save for a profile","status":"failed","title":"should return the most recent save for a profile","duration":3.1534000000000333,"failureMessages":["Error: Atomic save failed: [\n  {\n    \"expected\": \"object\",\n    \"code\": \"invalid_type\",\n    \"path\": [\n      \"profiles\",\n      0,\n      \"inventory\"\n    ],\n    \"message\": \"Invalid input: expected object, received undefined\"\n  },\n  {\n    \"expected\": \"object\",\n    \"code\": \"invalid_type\",\n    \"path\": [\n      \"profiles\",\n      0,\n      \"itemStats\"\n    ],\n    \"message\": \"Invalid input: expected object, received undefined\"\n  }\n]\n    at putSaveAtomic (C:\\Users\\ediaz\\Coding_Projects\\dragonIdler\\packages\\db\\src\\repo.js:108:15)\n    at C:\\Users\\ediaz\\Coding_Projects\\dragonIdler\\tests\\db\\atomic.spec.ts:160:15\n    at file:///C:/Users/ediaz/Coding_Projects/dragonIdler/node_modules/.pnpm/@vitest+runner@3.2.4/node_modules/@vitest/runner/dist/chunk-hooks.js:155:11\n    at file:///C:/Users/ediaz/Coding_Projects/dragonIdler/node_modules/.pnpm/@vitest+runner@3.2.4/node_modules/@vitest/runner/dist/chunk-hooks.js:752:26\n    at file:///C:/Users/ediaz/Coding_Projects/dragonIdler/node_modules/.pnpm/@vitest+runner@3.2.4/node_modules/@vitest/runner/dist/chunk-hooks.js:1897:20\n    at new Promise (<anonymous>)\n    at runWithTimeout (file:///C:/Users/ediaz/Coding_Projects/dragonIdler/node_modules/.pnpm/@vitest+runner@3.2.4/node_modules/@vitest/runner/dist/chunk-hooks.js:1863:10)\n    at runTest (file:///C:/Users/ediaz/Coding_Projects/dragonIdler/node_modules/.pnpm/@vitest+runner@3.2.4/node_modules/@vitest/runner/dist/chunk-hooks.js:1574:12)\n    at runSuite (file:///C:/Users/ediaz/Coding_Projects/dragonIdler/node_modules/.pnpm/@vitest+runner@3.2.4/node_modules/@vitest/runner/dist/chunk-hooks.js:1729:8)\n    at runSuite (file:///C:/Users/ediaz/Coding_Projects/dragonIdler/node_modules/.pnpm/@vitest+runner@3.2.4/node_modules/@vitest/runner/dist/chunk-hooks.js:1729:8)"],"meta":{}},{"ancestorTitles":["Atomic Write Operations","getActiveSave"],"fullName":"Atomic Write Operations getActiveSave should return null for non-existent profile","status":"passed","title":"should return null for non-existent profile","duration":2.5877000000000407,"failureMessages":[],"meta":{}},{"ancestorTitles":["Atomic Write Operations","getActiveSave"],"fullName":"Atomic Write Operations getActiveSave should handle profile with multiple saves correctly","status":"failed","title":"should handle profile with multiple saves correctly","duration":2.761199999999917,"failureMessages":["Error: Atomic save failed: [\n  {\n    \"expected\": \"object\",\n    \"code\": \"invalid_type\",\n    \"path\": [\n      \"profiles\",\n      0,\n      \"inventory\"\n    ],\n    \"message\": \"Invalid input: expected object, received undefined\"\n  },\n  {\n    \"expected\": \"object\",\n    \"code\": \"invalid_type\",\n    \"path\": [\n      \"profiles\",\n      0,\n      \"itemStats\"\n    ],\n    \"message\": \"Invalid input: expected object, received undefined\"\n  }\n]\n    at putSaveAtomic (C:\\Users\\ediaz\\Coding_Projects\\dragonIdler\\packages\\db\\src\\repo.js:108:15)\n    at C:\\Users\\ediaz\\Coding_Projects\\dragonIdler\\tests\\db\\atomic.spec.ts:187:15\n    at file:///C:/Users/ediaz/Coding_Projects/dragonIdler/node_modules/.pnpm/@vitest+runner@3.2.4/node_modules/@vitest/runner/dist/chunk-hooks.js:155:11\n    at file:///C:/Users/ediaz/Coding_Projects/dragonIdler/node_modules/.pnpm/@vitest+runner@3.2.4/node_modules/@vitest/runner/dist/chunk-hooks.js:752:26\n    at file:///C:/Users/ediaz/Coding_Projects/dragonIdler/node_modules/.pnpm/@vitest+runner@3.2.4/node_modules/@vitest/runner/dist/chunk-hooks.js:1897:20\n    at new Promise (<anonymous>)\n    at runWithTimeout (file:///C:/Users/ediaz/Coding_Projects/dragonIdler/node_modules/.pnpm/@vitest+runner@3.2.4/node_modules/@vitest/runner/dist/chunk-hooks.js:1863:10)\n    at runTest (file:///C:/Users/ediaz/Coding_Projects/dragonIdler/node_modules/.pnpm/@vitest+runner@3.2.4/node_modules/@vitest/runner/dist/chunk-hooks.js:1574:12)\n    at runSuite (file:///C:/Users/ediaz/Coding_Projects/dragonIdler/node_modules/.pnpm/@vitest+runner@3.2.4/node_modules/@vitest/runner/dist/chunk-hooks.js:1729:8)\n    at runSuite (file:///C:/Users/ediaz/Coding_Projects/dragonIdler/node_modules/.pnpm/@vitest+runner@3.2.4/node_modules/@vitest/runner/dist/chunk-hooks.js:1729:8)"],"meta":{}},{"ancestorTitles":["Atomic Write Operations","Database consistency"],"fullName":"Atomic Write Operations Database consistency should maintain referential integrity between saves and meta tables","status":"failed","title":"should maintain referential integrity between saves and meta tables","duration":7.112300000000005,"failureMessages":["Error: Atomic save failed: [\n  {\n    \"expected\": \"object\",\n    \"code\": \"invalid_type\",\n    \"path\": [\n      \"profiles\",\n      0,\n      \"inventory\"\n    ],\n    \"message\": \"Invalid input: expected object, received undefined\"\n  },\n  {\n    \"expected\": \"object\",\n    \"code\": \"invalid_type\",\n    \"path\": [\n      \"profiles\",\n      0,\n      \"itemStats\"\n    ],\n    \"message\": \"Invalid input: expected object, received undefined\"\n  }\n]\n    at putSaveAtomic (C:\\Users\\ediaz\\Coding_Projects\\dragonIdler\\packages\\db\\src\\repo.js:108:15)\n    at C:\\Users\\ediaz\\Coding_Projects\\dragonIdler\\tests\\db\\atomic.spec.ts:203:13\n    at file:///C:/Users/ediaz/Coding_Projects/dragonIdler/node_modules/.pnpm/@vitest+runner@3.2.4/node_modules/@vitest/runner/dist/chunk-hooks.js:155:11\n    at file:///C:/Users/ediaz/Coding_Projects/dragonIdler/node_modules/.pnpm/@vitest+runner@3.2.4/node_modules/@vitest/runner/dist/chunk-hooks.js:752:26\n    at file:///C:/Users/ediaz/Coding_Projects/dragonIdler/node_modules/.pnpm/@vitest+runner@3.2.4/node_modules/@vitest/runner/dist/chunk-hooks.js:1897:20\n    at new Promise (<anonymous>)\n    at runWithTimeout (file:///C:/Users/ediaz/Coding_Projects/dragonIdler/node_modules/.pnpm/@vitest+runner@3.2.4/node_modules/@vitest/runner/dist/chunk-hooks.js:1863:10)\n    at runTest (file:///C:/Users/ediaz/Coding_Projects/dragonIdler/node_modules/.pnpm/@vitest+runner@3.2.4/node_modules/@vitest/runner/dist/chunk-hooks.js:1574:12)\n    at runSuite (file:///C:/Users/ediaz/Coding_Projects/dragonIdler/node_modules/.pnpm/@vitest+runner@3.2.4/node_modules/@vitest/runner/dist/chunk-hooks.js:1729:8)\n    at runSuite (file:///C:/Users/ediaz/Coding_Projects/dragonIdler/node_modules/.pnpm/@vitest+runner@3.2.4/node_modules/@vitest/runner/dist/chunk-hooks.js:1729:8)"],"meta":{}},{"ancestorTitles":["Atomic Write Operations","Database consistency"],"fullName":"Atomic Write Operations Database consistency should handle database corruption gracefully","status":"failed","title":"should handle database corruption gracefully","duration":3.901200000000017,"failureMessages":["Error: Atomic save failed: [\n  {\n    \"expected\": \"object\",\n    \"code\": \"invalid_type\",\n    \"path\": [\n      \"profiles\",\n      0,\n      \"inventory\"\n    ],\n    \"message\": \"Invalid input: expected object, received undefined\"\n  },\n  {\n    \"expected\": \"object\",\n    \"code\": \"invalid_type\",\n    \"path\": [\n      \"profiles\",\n      0,\n      \"itemStats\"\n    ],\n    \"message\": \"Invalid input: expected object, received undefined\"\n  }\n]\n    at putSaveAtomic (C:\\Users\\ediaz\\Coding_Projects\\dragonIdler\\packages\\db\\src\\repo.js:108:15)\n    at C:\\Users\\ediaz\\Coding_Projects\\dragonIdler\\tests\\db\\atomic.spec.ts:225:13\n    at file:///C:/Users/ediaz/Coding_Projects/dragonIdler/node_modules/.pnpm/@vitest+runner@3.2.4/node_modules/@vitest/runner/dist/chunk-hooks.js:155:11\n    at file:///C:/Users/ediaz/Coding_Projects/dragonIdler/node_modules/.pnpm/@vitest+runner@3.2.4/node_modules/@vitest/runner/dist/chunk-hooks.js:752:26\n    at file:///C:/Users/ediaz/Coding_Projects/dragonIdler/node_modules/.pnpm/@vitest+runner@3.2.4/node_modules/@vitest/runner/dist/chunk-hooks.js:1897:20\n    at new Promise (<anonymous>)\n    at runWithTimeout (file:///C:/Users/ediaz/Coding_Projects/dragonIdler/node_modules/.pnpm/@vitest+runner@3.2.4/node_modules/@vitest/runner/dist/chunk-hooks.js:1863:10)\n    at runTest (file:///C:/Users/ediaz/Coding_Projects/dragonIdler/node_modules/.pnpm/@vitest+runner@3.2.4/node_modules/@vitest/runner/dist/chunk-hooks.js:1574:12)\n    at runSuite (file:///C:/Users/ediaz/Coding_Projects/dragonIdler/node_modules/.pnpm/@vitest+runner@3.2.4/node_modules/@vitest/runner/dist/chunk-hooks.js:1729:8)\n    at runSuite (file:///C:/Users/ediaz/Coding_Projects/dragonIdler/node_modules/.pnpm/@vitest+runner@3.2.4/node_modules/@vitest/runner/dist/chunk-hooks.js:1729:8)"],"meta":{}},{"ancestorTitles":["Atomic Write Operations","W3 time accounting integration"],"fullName":"Atomic Write Operations W3 time accounting integration should preserve W3 time accounting fields during atomic writes","status":"failed","title":"should preserve W3 time accounting fields during atomic writes","duration":3.2986000000000786,"failureMessages":["Error: Atomic save failed: [\n  {\n    \"expected\": \"object\",\n    \"code\": \"invalid_type\",\n    \"path\": [\n      \"profiles\",\n      0,\n      \"inventory\"\n    ],\n    \"message\": \"Invalid input: expected object, received undefined\"\n  },\n  {\n    \"expected\": \"object\",\n    \"code\": \"invalid_type\",\n    \"path\": [\n      \"profiles\",\n      0,\n      \"itemStats\"\n    ],\n    \"message\": \"Invalid input: expected object, received undefined\"\n  }\n]\n    at putSaveAtomic (C:\\Users\\ediaz\\Coding_Projects\\dragonIdler\\packages\\db\\src\\repo.js:108:15)\n    at C:\\Users\\ediaz\\Coding_Projects\\dragonIdler\\tests\\db\\atomic.spec.ts:250:13\n    at file:///C:/Users/ediaz/Coding_Projects/dragonIdler/node_modules/.pnpm/@vitest+runner@3.2.4/node_modules/@vitest/runner/dist/chunk-hooks.js:155:11\n    at file:///C:/Users/ediaz/Coding_Projects/dragonIdler/node_modules/.pnpm/@vitest+runner@3.2.4/node_modules/@vitest/runner/dist/chunk-hooks.js:752:26\n    at file:///C:/Users/ediaz/Coding_Projects/dragonIdler/node_modules/.pnpm/@vitest+runner@3.2.4/node_modules/@vitest/runner/dist/chunk-hooks.js:1897:20\n    at new Promise (<anonymous>)\n    at runWithTimeout (file:///C:/Users/ediaz/Coding_Projects/dragonIdler/node_modules/.pnpm/@vitest+runner@3.2.4/node_modules/@vitest/runner/dist/chunk-hooks.js:1863:10)\n    at runTest (file:///C:/Users/ediaz/Coding_Projects/dragonIdler/node_modules/.pnpm/@vitest+runner@3.2.4/node_modules/@vitest/runner/dist/chunk-hooks.js:1574:12)\n    at runSuite (file:///C:/Users/ediaz/Coding_Projects/dragonIdler/node_modules/.pnpm/@vitest+runner@3.2.4/node_modules/@vitest/runner/dist/chunk-hooks.js:1729:8)\n    at runSuite (file:///C:/Users/ediaz/Coding_Projects/dragonIdler/node_modules/.pnpm/@vitest+runner@3.2.4/node_modules/@vitest/runner/dist/chunk-hooks.js:1729:8)"],"meta":{}},{"ancestorTitles":["Atomic Write Operations","W3 time accounting integration"],"fullName":"Atomic Write Operations W3 time accounting integration should handle W3 time accounting updates correctly","status":"failed","title":"should handle W3 time accounting updates correctly","duration":2.774400000000014,"failureMessages":["Error: Atomic save failed: [\n  {\n    \"expected\": \"object\",\n    \"code\": \"invalid_type\",\n    \"path\": [\n      \"profiles\",\n      0,\n      \"inventory\"\n    ],\n    \"message\": \"Invalid input: expected object, received undefined\"\n  },\n  {\n    \"expected\": \"object\",\n    \"code\": \"invalid_type\",\n    \"path\": [\n      \"profiles\",\n      0,\n      \"itemStats\"\n    ],\n    \"message\": \"Invalid input: expected object, received undefined\"\n  }\n]\n    at putSaveAtomic (C:\\Users\\ediaz\\Coding_Projects\\dragonIdler\\packages\\db\\src\\repo.js:108:15)\n    at C:\\Users\\ediaz\\Coding_Projects\\dragonIdler\\tests\\db\\atomic.spec.ts:262:13\n    at file:///C:/Users/ediaz/Coding_Projects/dragonIdler/node_modules/.pnpm/@vitest+runner@3.2.4/node_modules/@vitest/runner/dist/chunk-hooks.js:155:11\n    at file:///C:/Users/ediaz/Coding_Projects/dragonIdler/node_modules/.pnpm/@vitest+runner@3.2.4/node_modules/@vitest/runner/dist/chunk-hooks.js:752:26\n    at file:///C:/Users/ediaz/Coding_Projects/dragonIdler/node_modules/.pnpm/@vitest+runner@3.2.4/node_modules/@vitest/runner/dist/chunk-hooks.js:1897:20\n    at new Promise (<anonymous>)\n    at runWithTimeout (file:///C:/Users/ediaz/Coding_Projects/dragonIdler/node_modules/.pnpm/@vitest+runner@3.2.4/node_modules/@vitest/runner/dist/chunk-hooks.js:1863:10)\n    at runTest (file:///C:/Users/ediaz/Coding_Projects/dragonIdler/node_modules/.pnpm/@vitest+runner@3.2.4/node_modules/@vitest/runner/dist/chunk-hooks.js:1574:12)\n    at runSuite (file:///C:/Users/ediaz/Coding_Projects/dragonIdler/node_modules/.pnpm/@vitest+runner@3.2.4/node_modules/@vitest/runner/dist/chunk-hooks.js:1729:8)\n    at runSuite (file:///C:/Users/ediaz/Coding_Projects/dragonIdler/node_modules/.pnpm/@vitest+runner@3.2.4/node_modules/@vitest/runner/dist/chunk-hooks.js:1729:8)"],"meta":{}}],"startTime":1762315104192,"endTime":1762315104267.7744,"status":"failed","message":"","name":"C:/Users/ediaz/Coding_Projects/dragonIdler/tests/db/atomic.spec.ts"},{"assertionResults":[{"ancestorTitles":["Export/Import Functionality","exportAllProfiles"],"fullName":"Export/Import Functionality exportAllProfiles should export all profiles with correct format","status":"failed","title":"should export all profiles with correct format","duration":36.86270000000002,"failureMessages":["Error: Atomic save failed: [\n  {\n    \"expected\": \"object\",\n    \"code\": \"invalid_type\",\n    \"path\": [\n      \"profiles\",\n      0,\n      \"inventory\"\n    ],\n    \"message\": \"Invalid input: expected object, received undefined\"\n  },\n  {\n    \"expected\": \"object\",\n    \"code\": \"invalid_type\",\n    \"path\": [\n      \"profiles\",\n      0,\n      \"itemStats\"\n    ],\n    \"message\": \"Invalid input: expected object, received undefined\"\n  }\n]\n    at putSaveAtomic (C:\\Users\\ediaz\\Coding_Projects\\dragonIdler\\packages\\db\\src\\repo.js:108:15)\n    at C:\\Users\\ediaz\\Coding_Projects\\dragonIdler\\tests\\db\\export-import.spec.ts:73:13\n    at file:///C:/Users/ediaz/Coding_Projects/dragonIdler/node_modules/.pnpm/@vitest+runner@3.2.4/node_modules/@vitest/runner/dist/chunk-hooks.js:155:11\n    at file:///C:/Users/ediaz/Coding_Projects/dragonIdler/node_modules/.pnpm/@vitest+runner@3.2.4/node_modules/@vitest/runner/dist/chunk-hooks.js:752:26\n    at file:///C:/Users/ediaz/Coding_Projects/dragonIdler/node_modules/.pnpm/@vitest+runner@3.2.4/node_modules/@vitest/runner/dist/chunk-hooks.js:1897:20\n    at new Promise (<anonymous>)\n    at runWithTimeout (file:///C:/Users/ediaz/Coding_Projects/dragonIdler/node_modules/.pnpm/@vitest+runner@3.2.4/node_modules/@vitest/runner/dist/chunk-hooks.js:1863:10)\n    at runTest (file:///C:/Users/ediaz/Coding_Projects/dragonIdler/node_modules/.pnpm/@vitest+runner@3.2.4/node_modules/@vitest/runner/dist/chunk-hooks.js:1574:12)\n    at runSuite (file:///C:/Users/ediaz/Coding_Projects/dragonIdler/node_modules/.pnpm/@vitest+runner@3.2.4/node_modules/@vitest/runner/dist/chunk-hooks.js:1729:8)\n    at runSuite (file:///C:/Users/ediaz/Coding_Projects/dragonIdler/node_modules/.pnpm/@vitest+runner@3.2.4/node_modules/@vitest/runner/dist/chunk-hooks.js:1729:8)"],"meta":{}},{"ancestorTitles":["Export/Import Functionality","exportAllProfiles"],"fullName":"Export/Import Functionality exportAllProfiles should include W3 time accounting fields in export","status":"failed","title":"should include W3 time accounting fields in export","duration":5.115399999999909,"failureMessages":["Error: Atomic save failed: [\n  {\n    \"expected\": \"object\",\n    \"code\": \"invalid_type\",\n    \"path\": [\n      \"profiles\",\n      0,\n      \"inventory\"\n    ],\n    \"message\": \"Invalid input: expected object, received undefined\"\n  },\n  {\n    \"expected\": \"object\",\n    \"code\": \"invalid_type\",\n    \"path\": [\n      \"profiles\",\n      0,\n      \"itemStats\"\n    ],\n    \"message\": \"Invalid input: expected object, received undefined\"\n  }\n]\n    at putSaveAtomic (C:\\Users\\ediaz\\Coding_Projects\\dragonIdler\\packages\\db\\src\\repo.js:108:15)\n    at C:\\Users\\ediaz\\Coding_Projects\\dragonIdler\\tests\\db\\export-import.spec.ts:103:13\n    at file:///C:/Users/ediaz/Coding_Projects/dragonIdler/node_modules/.pnpm/@vitest+runner@3.2.4/node_modules/@vitest/runner/dist/chunk-hooks.js:155:11\n    at file:///C:/Users/ediaz/Coding_Projects/dragonIdler/node_modules/.pnpm/@vitest+runner@3.2.4/node_modules/@vitest/runner/dist/chunk-hooks.js:752:26\n    at file:///C:/Users/ediaz/Coding_Projects/dragonIdler/node_modules/.pnpm/@vitest+runner@3.2.4/node_modules/@vitest/runner/dist/chunk-hooks.js:1897:20\n    at new Promise (<anonymous>)\n    at runWithTimeout (file:///C:/Users/ediaz/Coding_Projects/dragonIdler/node_modules/.pnpm/@vitest+runner@3.2.4/node_modules/@vitest/runner/dist/chunk-hooks.js:1863:10)\n    at runTest (file:///C:/Users/ediaz/Coding_Projects/dragonIdler/node_modules/.pnpm/@vitest+runner@3.2.4/node_modules/@vitest/runner/dist/chunk-hooks.js:1574:12)\n    at runSuite (file:///C:/Users/ediaz/Coding_Projects/dragonIdler/node_modules/.pnpm/@vitest+runner@3.2.4/node_modules/@vitest/runner/dist/chunk-hooks.js:1729:8)\n    at runSuite (file:///C:/Users/ediaz/Coding_Projects/dragonIdler/node_modules/.pnpm/@vitest+runner@3.2.4/node_modules/@vitest/runner/dist/chunk-hooks.js:1729:8)"],"meta":{}},{"ancestorTitles":["Export/Import Functionality","exportAllProfiles"],"fullName":"Export/Import Functionality exportAllProfiles should generate valid checksum for export data","status":"failed","title":"should generate valid checksum for export data","duration":5.8233000000000175,"failureMessages":["Error: Atomic save failed: [\n  {\n    \"expected\": \"object\",\n    \"code\": \"invalid_type\",\n    \"path\": [\n      \"profiles\",\n      0,\n      \"inventory\"\n    ],\n    \"message\": \"Invalid input: expected object, received undefined\"\n  },\n  {\n    \"expected\": \"object\",\n    \"code\": \"invalid_type\",\n    \"path\": [\n      \"profiles\",\n      0,\n      \"itemStats\"\n    ],\n    \"message\": \"Invalid input: expected object, received undefined\"\n  }\n]\n    at putSaveAtomic (C:\\Users\\ediaz\\Coding_Projects\\dragonIdler\\packages\\db\\src\\repo.js:108:15)\n    at C:\\Users\\ediaz\\Coding_Projects\\dragonIdler\\tests\\db\\export-import.spec.ts:119:13\n    at file:///C:/Users/ediaz/Coding_Projects/dragonIdler/node_modules/.pnpm/@vitest+runner@3.2.4/node_modules/@vitest/runner/dist/chunk-hooks.js:155:11\n    at file:///C:/Users/ediaz/Coding_Projects/dragonIdler/node_modules/.pnpm/@vitest+runner@3.2.4/node_modules/@vitest/runner/dist/chunk-hooks.js:752:26\n    at file:///C:/Users/ediaz/Coding_Projects/dragonIdler/node_modules/.pnpm/@vitest+runner@3.2.4/node_modules/@vitest/runner/dist/chunk-hooks.js:1897:20\n    at new Promise (<anonymous>)\n    at runWithTimeout (file:///C:/Users/ediaz/Coding_Projects/dragonIdler/node_modules/.pnpm/@vitest+runner@3.2.4/node_modules/@vitest/runner/dist/chunk-hooks.js:1863:10)\n    at runTest (file:///C:/Users/ediaz/Coding_Projects/dragonIdler/node_modules/.pnpm/@vitest+runner@3.2.4/node_modules/@vitest/runner/dist/chunk-hooks.js:1574:12)\n    at runSuite (file:///C:/Users/ediaz/Coding_Projects/dragonIdler/node_modules/.pnpm/@vitest+runner@3.2.4/node_modules/@vitest/runner/dist/chunk-hooks.js:1729:8)\n    at runSuite (file:///C:/Users/ediaz/Coding_Projects/dragonIdler/node_modules/.pnpm/@vitest+runner@3.2.4/node_modules/@vitest/runner/dist/chunk-hooks.js:1729:8)"],"meta":{}},{"ancestorTitles":["Export/Import Functionality","exportAllProfiles"],"fullName":"Export/Import Functionality exportAllProfiles should handle empty database gracefully","status":"passed","title":"should handle empty database gracefully","duration":7.36889999999994,"failureMessages":[],"meta":{}},{"ancestorTitles":["Export/Import Functionality","importFromBlob"],"fullName":"Export/Import Functionality importFromBlob should import valid export data correctly","status":"failed","title":"should import valid export data correctly","duration":5.270399999999995,"failureMessages":["Error: Atomic save failed: [\n  {\n    \"expected\": \"object\",\n    \"code\": \"invalid_type\",\n    \"path\": [\n      \"profiles\",\n      0,\n      \"inventory\"\n    ],\n    \"message\": \"Invalid input: expected object, received undefined\"\n  },\n  {\n    \"expected\": \"object\",\n    \"code\": \"invalid_type\",\n    \"path\": [\n      \"profiles\",\n      0,\n      \"itemStats\"\n    ],\n    \"message\": \"Invalid input: expected object, received undefined\"\n  },\n  {\n    \"expected\": \"object\",\n    \"code\": \"invalid_type\",\n    \"path\": [\n      \"profiles\",\n      1,\n      \"inventory\"\n    ],\n    \"message\": \"Invalid input: expected object, received undefined\"\n  },\n  {\n    \"expected\": \"object\",\n    \"code\": \"invalid_type\",\n    \"path\": [\n      \"profiles\",\n      1,\n      \"itemStats\"\n    ],\n    \"message\": \"Invalid input: expected object, received undefined\"\n  }\n]\n    at putSaveAtomic (C:\\Users\\ediaz\\Coding_Projects\\dragonIdler\\packages\\db\\src\\repo.js:108:15)\n    at C:\\Users\\ediaz\\Coding_Projects\\dragonIdler\\tests\\db\\export-import.spec.ts:152:13\n    at file:///C:/Users/ediaz/Coding_Projects/dragonIdler/node_modules/.pnpm/@vitest+runner@3.2.4/node_modules/@vitest/runner/dist/chunk-hooks.js:155:11\n    at file:///C:/Users/ediaz/Coding_Projects/dragonIdler/node_modules/.pnpm/@vitest+runner@3.2.4/node_modules/@vitest/runner/dist/chunk-hooks.js:752:26\n    at file:///C:/Users/ediaz/Coding_Projects/dragonIdler/node_modules/.pnpm/@vitest+runner@3.2.4/node_modules/@vitest/runner/dist/chunk-hooks.js:1897:20\n    at new Promise (<anonymous>)\n    at runWithTimeout (file:///C:/Users/ediaz/Coding_Projects/dragonIdler/node_modules/.pnpm/@vitest+runner@3.2.4/node_modules/@vitest/runner/dist/chunk-hooks.js:1863:10)\n    at runTest (file:///C:/Users/ediaz/Coding_Projects/dragonIdler/node_modules/.pnpm/@vitest+runner@3.2.4/node_modules/@vitest/runner/dist/chunk-hooks.js:1574:12)\n    at runSuite (file:///C:/Users/ediaz/Coding_Projects/dragonIdler/node_modules/.pnpm/@vitest+runner@3.2.4/node_modules/@vitest/runner/dist/chunk-hooks.js:1729:8)\n    at runSuite (file:///C:/Users/ediaz/Coding_Projects/dragonIdler/node_modules/.pnpm/@vitest+runner@3.2.4/node_modules/@vitest/runner/dist/chunk-hooks.js:1729:8)"],"meta":{}},{"ancestorTitles":["Export/Import Functionality","importFromBlob"],"fullName":"Export/Import Functionality importFromBlob should validate checksum during import","status":"passed","title":"should validate checksum during import","duration":4.2087999999999965,"failureMessages":[],"meta":{}},{"ancestorTitles":["Export/Import Functionality","importFromBlob"],"fullName":"Export/Import Functionality importFromBlob should reject import with wrong file version","status":"passed","title":"should reject import with wrong file version","duration":2.3719999999999573,"failureMessages":[],"meta":{}},{"ancestorTitles":["Export/Import Functionality","importFromBlob"],"fullName":"Export/Import Functionality importFromBlob should handle corrupted export data gracefully","status":"passed","title":"should handle corrupted export data gracefully","duration":1.9705999999999904,"failureMessages":[],"meta":{}},{"ancestorTitles":["Export/Import Functionality","importFromBlob"],"fullName":"Export/Import Functionality importFromBlob should preserve W3 time accounting during import","status":"failed","title":"should preserve W3 time accounting during import","duration":6.969500000000039,"failureMessages":["Error: Atomic save failed: [\n  {\n    \"expected\": \"object\",\n    \"code\": \"invalid_type\",\n    \"path\": [\n      \"profiles\",\n      0,\n      \"inventory\"\n    ],\n    \"message\": \"Invalid input: expected object, received undefined\"\n  },\n  {\n    \"expected\": \"object\",\n    \"code\": \"invalid_type\",\n    \"path\": [\n      \"profiles\",\n      0,\n      \"itemStats\"\n    ],\n    \"message\": \"Invalid input: expected object, received undefined\"\n  }\n]\n    at putSaveAtomic (C:\\Users\\ediaz\\Coding_Projects\\dragonIdler\\packages\\db\\src\\repo.js:108:15)\n    at C:\\Users\\ediaz\\Coding_Projects\\dragonIdler\\tests\\db\\export-import.spec.ts:239:13\n    at file:///C:/Users/ediaz/Coding_Projects/dragonIdler/node_modules/.pnpm/@vitest+runner@3.2.4/node_modules/@vitest/runner/dist/chunk-hooks.js:155:11\n    at file:///C:/Users/ediaz/Coding_Projects/dragonIdler/node_modules/.pnpm/@vitest+runner@3.2.4/node_modules/@vitest/runner/dist/chunk-hooks.js:752:26\n    at file:///C:/Users/ediaz/Coding_Projects/dragonIdler/node_modules/.pnpm/@vitest+runner@3.2.4/node_modules/@vitest/runner/dist/chunk-hooks.js:1897:20\n    at new Promise (<anonymous>)\n    at runWithTimeout (file:///C:/Users/ediaz/Coding_Projects/dragonIdler/node_modules/.pnpm/@vitest+runner@3.2.4/node_modules/@vitest/runner/dist/chunk-hooks.js:1863:10)\n    at runTest (file:///C:/Users/ediaz/Coding_Projects/dragonIdler/node_modules/.pnpm/@vitest+runner@3.2.4/node_modules/@vitest/runner/dist/chunk-hooks.js:1574:12)\n    at runSuite (file:///C:/Users/ediaz/Coding_Projects/dragonIdler/node_modules/.pnpm/@vitest+runner@3.2.4/node_modules/@vitest/runner/dist/chunk-hooks.js:1729:8)\n    at runSuite (file:///C:/Users/ediaz/Coding_Projects/dragonIdler/node_modules/.pnpm/@vitest+runner@3.2.4/node_modules/@vitest/runner/dist/chunk-hooks.js:1729:8)"],"meta":{}},{"ancestorTitles":["Export/Import Functionality","Round-trip data integrity"],"fullName":"Export/Import Functionality Round-trip data integrity should maintain data integrity through export-import cycle","status":"failed","title":"should maintain data integrity through export-import cycle","duration":3.6135000000000446,"failureMessages":["Error: Atomic save failed: [\n  {\n    \"expected\": \"object\",\n    \"code\": \"invalid_type\",\n    \"path\": [\n      \"profiles\",\n      0,\n      \"inventory\"\n    ],\n    \"message\": \"Invalid input: expected object, received undefined\"\n  },\n  {\n    \"expected\": \"object\",\n    \"code\": \"invalid_type\",\n    \"path\": [\n      \"profiles\",\n      0,\n      \"itemStats\"\n    ],\n    \"message\": \"Invalid input: expected object, received undefined\"\n  },\n  {\n    \"expected\": \"object\",\n    \"code\": \"invalid_type\",\n    \"path\": [\n      \"profiles\",\n      1,\n      \"inventory\"\n    ],\n    \"message\": \"Invalid input: expected object, received undefined\"\n  },\n  {\n    \"expected\": \"object\",\n    \"code\": \"invalid_type\",\n    \"path\": [\n      \"profiles\",\n      1,\n      \"itemStats\"\n    ],\n    \"message\": \"Invalid input: expected object, received undefined\"\n  }\n]\n    at putSaveAtomic (C:\\Users\\ediaz\\Coding_Projects\\dragonIdler\\packages\\db\\src\\repo.js:108:15)\n    at C:\\Users\\ediaz\\Coding_Projects\\dragonIdler\\tests\\db\\export-import.spec.ts:261:13\n    at file:///C:/Users/ediaz/Coding_Projects/dragonIdler/node_modules/.pnpm/@vitest+runner@3.2.4/node_modules/@vitest/runner/dist/chunk-hooks.js:155:11\n    at file:///C:/Users/ediaz/Coding_Projects/dragonIdler/node_modules/.pnpm/@vitest+runner@3.2.4/node_modules/@vitest/runner/dist/chunk-hooks.js:752:26\n    at file:///C:/Users/ediaz/Coding_Projects/dragonIdler/node_modules/.pnpm/@vitest+runner@3.2.4/node_modules/@vitest/runner/dist/chunk-hooks.js:1897:20\n    at new Promise (<anonymous>)\n    at runWithTimeout (file:///C:/Users/ediaz/Coding_Projects/dragonIdler/node_modules/.pnpm/@vitest+runner@3.2.4/node_modules/@vitest/runner/dist/chunk-hooks.js:1863:10)\n    at runTest (file:///C:/Users/ediaz/Coding_Projects/dragonIdler/node_modules/.pnpm/@vitest+runner@3.2.4/node_modules/@vitest/runner/dist/chunk-hooks.js:1574:12)\n    at runSuite (file:///C:/Users/ediaz/Coding_Projects/dragonIdler/node_modules/.pnpm/@vitest+runner@3.2.4/node_modules/@vitest/runner/dist/chunk-hooks.js:1729:8)\n    at runSuite (file:///C:/Users/ediaz/Coding_Projects/dragonIdler/node_modules/.pnpm/@vitest+runner@3.2.4/node_modules/@vitest/runner/dist/chunk-hooks.js:1729:8)"],"meta":{}},{"ancestorTitles":["Export/Import Functionality","Round-trip data integrity"],"fullName":"Export/Import Functionality Round-trip data integrity should preserve all profile data during round-trip","status":"failed","title":"should preserve all profile data during round-trip","duration":3.0004000000000133,"failureMessages":["Error: Atomic save failed: [\n  {\n    \"expected\": \"object\",\n    \"code\": \"invalid_type\",\n    \"path\": [\n      \"profiles\",\n      0,\n      \"inventory\"\n    ],\n    \"message\": \"Invalid input: expected object, received undefined\"\n  },\n  {\n    \"expected\": \"object\",\n    \"code\": \"invalid_type\",\n    \"path\": [\n      \"profiles\",\n      0,\n      \"itemStats\"\n    ],\n    \"message\": \"Invalid input: expected object, received undefined\"\n  }\n]\n    at putSaveAtomic (C:\\Users\\ediaz\\Coding_Projects\\dragonIdler\\packages\\db\\src\\repo.js:108:15)\n    at C:\\Users\\ediaz\\Coding_Projects\\dragonIdler\\tests\\db\\export-import.spec.ts:296:13\n    at file:///C:/Users/ediaz/Coding_Projects/dragonIdler/node_modules/.pnpm/@vitest+runner@3.2.4/node_modules/@vitest/runner/dist/chunk-hooks.js:155:11\n    at file:///C:/Users/ediaz/Coding_Projects/dragonIdler/node_modules/.pnpm/@vitest+runner@3.2.4/node_modules/@vitest/runner/dist/chunk-hooks.js:752:26\n    at file:///C:/Users/ediaz/Coding_Projects/dragonIdler/node_modules/.pnpm/@vitest+runner@3.2.4/node_modules/@vitest/runner/dist/chunk-hooks.js:1897:20\n    at new Promise (<anonymous>)\n    at runWithTimeout (file:///C:/Users/ediaz/Coding_Projects/dragonIdler/node_modules/.pnpm/@vitest+runner@3.2.4/node_modules/@vitest/runner/dist/chunk-hooks.js:1863:10)\n    at runTest (file:///C:/Users/ediaz/Coding_Projects/dragonIdler/node_modules/.pnpm/@vitest+runner@3.2.4/node_modules/@vitest/runner/dist/chunk-hooks.js:1574:12)\n    at runSuite (file:///C:/Users/ediaz/Coding_Projects/dragonIdler/node_modules/.pnpm/@vitest+runner@3.2.4/node_modules/@vitest/runner/dist/chunk-hooks.js:1729:8)\n    at runSuite (file:///C:/Users/ediaz/Coding_Projects/dragonIdler/node_modules/.pnpm/@vitest+runner@3.2.4/node_modules/@vitest/runner/dist/chunk-hooks.js:1729:8)"],"meta":{}},{"ancestorTitles":["Export/Import Functionality","Codec functions"],"fullName":"Export/Import Functionality Codec functions should encode and validate export data correctly","status":"failed","title":"should encode and validate export data correctly","duration":3.627200000000016,"failureMessages":["Error: Failed to encode export: [\n  {\n    \"expected\": \"object\",\n    \"code\": \"invalid_type\",\n    \"path\": [\n      \"profiles\",\n      0,\n      \"inventory\"\n    ],\n    \"message\": \"Invalid input: expected object, received undefined\"\n  },\n  {\n    \"expected\": \"object\",\n    \"code\": \"invalid_type\",\n    \"path\": [\n      \"profiles\",\n      0,\n      \"itemStats\"\n    ],\n    \"message\": \"Invalid input: expected object, received undefined\"\n  }\n]\n    at encodeExportV1 (C:\\Users\\ediaz\\Coding_Projects\\dragonIdler\\packages\\db\\src\\codec.js:97:15)\n    at C:\\Users\\ediaz\\Coding_Projects\\dragonIdler\\tests\\db\\export-import.spec.ts:322:29\n    at file:///C:/Users/ediaz/Coding_Projects/dragonIdler/node_modules/.pnpm/@vitest+runner@3.2.4/node_modules/@vitest/runner/dist/chunk-hooks.js:155:11\n    at file:///C:/Users/ediaz/Coding_Projects/dragonIdler/node_modules/.pnpm/@vitest+runner@3.2.4/node_modules/@vitest/runner/dist/chunk-hooks.js:752:26\n    at file:///C:/Users/ediaz/Coding_Projects/dragonIdler/node_modules/.pnpm/@vitest+runner@3.2.4/node_modules/@vitest/runner/dist/chunk-hooks.js:1897:20\n    at new Promise (<anonymous>)\n    at runWithTimeout (file:///C:/Users/ediaz/Coding_Projects/dragonIdler/node_modules/.pnpm/@vitest+runner@3.2.4/node_modules/@vitest/runner/dist/chunk-hooks.js:1863:10)\n    at runTest (file:///C:/Users/ediaz/Coding_Projects/dragonIdler/node_modules/.pnpm/@vitest+runner@3.2.4/node_modules/@vitest/runner/dist/chunk-hooks.js:1574:12)\n    at runSuite (file:///C:/Users/ediaz/Coding_Projects/dragonIdler/node_modules/.pnpm/@vitest+runner@3.2.4/node_modules/@vitest/runner/dist/chunk-hooks.js:1729:8)\n    at runSuite (file:///C:/Users/ediaz/Coding_Projects/dragonIdler/node_modules/.pnpm/@vitest+runner@3.2.4/node_modules/@vitest/runner/dist/chunk-hooks.js:1729:8)"],"meta":{}},{"ancestorTitles":["Export/Import Functionality","Codec functions"],"fullName":"Export/Import Functionality Codec functions should detect tampered export data","status":"failed","title":"should detect tampered export data","duration":2.165899999999965,"failureMessages":["Error: Failed to encode export: [\n  {\n    \"expected\": \"object\",\n    \"code\": \"invalid_type\",\n    \"path\": [\n      \"profiles\",\n      0,\n      \"inventory\"\n    ],\n    \"message\": \"Invalid input: expected object, received undefined\"\n  },\n  {\n    \"expected\": \"object\",\n    \"code\": \"invalid_type\",\n    \"path\": [\n      \"profiles\",\n      0,\n      \"itemStats\"\n    ],\n    \"message\": \"Invalid input: expected object, received undefined\"\n  }\n]\n    at encodeExportV1 (C:\\Users\\ediaz\\Coding_Projects\\dragonIdler\\packages\\db\\src\\codec.js:97:15)\n    at C:\\Users\\ediaz\\Coding_Projects\\dragonIdler\\tests\\db\\export-import.spec.ts:336:29\n    at file:///C:/Users/ediaz/Coding_Projects/dragonIdler/node_modules/.pnpm/@vitest+runner@3.2.4/node_modules/@vitest/runner/dist/chunk-hooks.js:155:11\n    at file:///C:/Users/ediaz/Coding_Projects/dragonIdler/node_modules/.pnpm/@vitest+runner@3.2.4/node_modules/@vitest/runner/dist/chunk-hooks.js:752:26\n    at file:///C:/Users/ediaz/Coding_Projects/dragonIdler/node_modules/.pnpm/@vitest+runner@3.2.4/node_modules/@vitest/runner/dist/chunk-hooks.js:1897:20\n    at new Promise (<anonymous>)\n    at runWithTimeout (file:///C:/Users/ediaz/Coding_Projects/dragonIdler/node_modules/.pnpm/@vitest+runner@3.2.4/node_modules/@vitest/runner/dist/chunk-hooks.js:1863:10)\n    at runTest (file:///C:/Users/ediaz/Coding_Projects/dragonIdler/node_modules/.pnpm/@vitest+runner@3.2.4/node_modules/@vitest/runner/dist/chunk-hooks.js:1574:12)\n    at runSuite (file:///C:/Users/ediaz/Coding_Projects/dragonIdler/node_modules/.pnpm/@vitest+runner@3.2.4/node_modules/@vitest/runner/dist/chunk-hooks.js:1729:8)\n    at runSuite (file:///C:/Users/ediaz/Coding_Projects/dragonIdler/node_modules/.pnpm/@vitest+runner@3.2.4/node_modules/@vitest/runner/dist/chunk-hooks.js:1729:8)"],"meta":{}},{"ancestorTitles":["Export/Import Functionality","Codec functions"],"fullName":"Export/Import Functionality Codec functions should handle checksum generation consistently","status":"passed","title":"should handle checksum generation consistently","duration":2.3220000000000027,"failureMessages":[],"meta":{}},{"ancestorTitles":["Export/Import Functionality","Multiple profile handling"],"fullName":"Export/Import Functionality Multiple profile handling should handle multiple profile pointers correctly","status":"failed","title":"should handle multiple profile pointers correctly","duration":3.1376999999999953,"failureMessages":["Error: Atomic save failed: [\n  {\n    \"expected\": \"object\",\n    \"code\": \"invalid_type\",\n    \"path\": [\n      \"profiles\",\n      0,\n      \"inventory\"\n    ],\n    \"message\": \"Invalid input: expected object, received undefined\"\n  },\n  {\n    \"expected\": \"object\",\n    \"code\": \"invalid_type\",\n    \"path\": [\n      \"profiles\",\n      0,\n      \"itemStats\"\n    ],\n    \"message\": \"Invalid input: expected object, received undefined\"\n  },\n  {\n    \"expected\": \"object\",\n    \"code\": \"invalid_type\",\n    \"path\": [\n      \"profiles\",\n      1,\n      \"inventory\"\n    ],\n    \"message\": \"Invalid input: expected object, received undefined\"\n  },\n  {\n    \"expected\": \"object\",\n    \"code\": \"invalid_type\",\n    \"path\": [\n      \"profiles\",\n      1,\n      \"itemStats\"\n    ],\n    \"message\": \"Invalid input: expected object, received undefined\"\n  },\n  {\n    \"expected\": \"object\",\n    \"code\": \"invalid_type\",\n    \"path\": [\n      \"profiles\",\n      2,\n      \"inventory\"\n    ],\n    \"message\": \"Invalid input: expected object, received undefined\"\n  },\n  {\n    \"expected\": \"object\",\n    \"code\": \"invalid_type\",\n    \"path\": [\n      \"profiles\",\n      2,\n      \"itemStats\"\n    ],\n    \"message\": \"Invalid input: expected object, received undefined\"\n  }\n]\n    at putSaveAtomic (C:\\Users\\ediaz\\Coding_Projects\\dragonIdler\\packages\\db\\src\\repo.js:108:15)\n    at C:\\Users\\ediaz\\Coding_Projects\\dragonIdler\\tests\\db\\export-import.spec.ts:365:13\n    at file:///C:/Users/ediaz/Coding_Projects/dragonIdler/node_modules/.pnpm/@vitest+runner@3.2.4/node_modules/@vitest/runner/dist/chunk-hooks.js:155:11\n    at file:///C:/Users/ediaz/Coding_Projects/dragonIdler/node_modules/.pnpm/@vitest+runner@3.2.4/node_modules/@vitest/runner/dist/chunk-hooks.js:752:26\n    at file:///C:/Users/ediaz/Coding_Projects/dragonIdler/node_modules/.pnpm/@vitest+runner@3.2.4/node_modules/@vitest/runner/dist/chunk-hooks.js:1897:20\n    at new Promise (<anonymous>)\n    at runWithTimeout (file:///C:/Users/ediaz/Coding_Projects/dragonIdler/node_modules/.pnpm/@vitest+runner@3.2.4/node_modules/@vitest/runner/dist/chunk-hooks.js:1863:10)\n    at runTest (file:///C:/Users/ediaz/Coding_Projects/dragonIdler/node_modules/.pnpm/@vitest+runner@3.2.4/node_modules/@vitest/runner/dist/chunk-hooks.js:1574:12)\n    at runSuite (file:///C:/Users/ediaz/Coding_Projects/dragonIdler/node_modules/.pnpm/@vitest+runner@3.2.4/node_modules/@vitest/runner/dist/chunk-hooks.js:1729:8)\n    at runSuite (file:///C:/Users/ediaz/Coding_Projects/dragonIdler/node_modules/.pnpm/@vitest+runner@3.2.4/node_modules/@vitest/runner/dist/chunk-hooks.js:1729:8)"],"meta":{}},{"ancestorTitles":["Export/Import Functionality","Multiple profile handling"],"fullName":"Export/Import Functionality Multiple profile handling should maintain profile independence during import","status":"failed","title":"should maintain profile independence during import","duration":2.9968999999999824,"failureMessages":["Error: Atomic save failed: [\n  {\n    \"expected\": \"object\",\n    \"code\": \"invalid_type\",\n    \"path\": [\n      \"profiles\",\n      0,\n      \"inventory\"\n    ],\n    \"message\": \"Invalid input: expected object, received undefined\"\n  },\n  {\n    \"expected\": \"object\",\n    \"code\": \"invalid_type\",\n    \"path\": [\n      \"profiles\",\n      0,\n      \"itemStats\"\n    ],\n    \"message\": \"Invalid input: expected object, received undefined\"\n  }\n]\n    at putSaveAtomic (C:\\Users\\ediaz\\Coding_Projects\\dragonIdler\\packages\\db\\src\\repo.js:108:15)\n    at C:\\Users\\ediaz\\Coding_Projects\\dragonIdler\\tests\\db\\export-import.spec.ts:394:13\n    at file:///C:/Users/ediaz/Coding_Projects/dragonIdler/node_modules/.pnpm/@vitest+runner@3.2.4/node_modules/@vitest/runner/dist/chunk-hooks.js:155:11\n    at file:///C:/Users/ediaz/Coding_Projects/dragonIdler/node_modules/.pnpm/@vitest+runner@3.2.4/node_modules/@vitest/runner/dist/chunk-hooks.js:752:26\n    at file:///C:/Users/ediaz/Coding_Projects/dragonIdler/node_modules/.pnpm/@vitest+runner@3.2.4/node_modules/@vitest/runner/dist/chunk-hooks.js:1897:20\n    at new Promise (<anonymous>)\n    at runWithTimeout (file:///C:/Users/ediaz/Coding_Projects/dragonIdler/node_modules/.pnpm/@vitest+runner@3.2.4/node_modules/@vitest/runner/dist/chunk-hooks.js:1863:10)\n    at runTest (file:///C:/Users/ediaz/Coding_Projects/dragonIdler/node_modules/.pnpm/@vitest+runner@3.2.4/node_modules/@vitest/runner/dist/chunk-hooks.js:1574:12)\n    at runSuite (file:///C:/Users/ediaz/Coding_Projects/dragonIdler/node_modules/.pnpm/@vitest+runner@3.2.4/node_modules/@vitest/runner/dist/chunk-hooks.js:1729:8)\n    at runSuite (file:///C:/Users/ediaz/Coding_Projects/dragonIdler/node_modules/.pnpm/@vitest+runner@3.2.4/node_modules/@vitest/runner/dist/chunk-hooks.js:1729:8)"],"meta":{}}],"startTime":1762315104201,"endTime":1762315104298.9968,"status":"failed","message":"","name":"C:/Users/ediaz/Coding_Projects/dragonIdler/tests/db/export-import.spec.ts"},{"assertionResults":[{"ancestorTitles":["Migration System","Database Version Management"],"fullName":"Migration System Database Version Management should return version 1 for new database","status":"passed","title":"should return version 1 for new database","duration":17.455600000000004,"failureMessages":[],"meta":{}},{"ancestorTitles":["Migration System","Database Version Management"],"fullName":"Migration System Database Version Management should track database version in meta table","status":"passed","title":"should track database version in meta table","duration":4.530900000000088,"failureMessages":[],"meta":{}},{"ancestorTitles":["Migration System","Database Version Management"],"fullName":"Migration System Database Version Management should handle missing version gracefully","status":"passed","title":"should handle missing version gracefully","duration":2.717300000000023,"failureMessages":[],"meta":{}},{"ancestorTitles":["Migration System","Migration Status"],"fullName":"Migration System Migration Status should return correct migration status for fresh database","status":"passed","title":"should return correct migration status for fresh database","duration":3.057800000000043,"failureMessages":[],"meta":{}},{"ancestorTitles":["Migration System","Migration Status"],"fullName":"Migration System Migration Status should handle database with version set","status":"passed","title":"should handle database with version set","duration":5.113100000000031,"failureMessages":[],"meta":{}},{"ancestorTitles":["Migration System","Migration Execution"],"fullName":"Migration System Migration Execution should handle no migrations needed","status":"passed","title":"should handle no migrations needed","duration":3.044899999999984,"failureMessages":[],"meta":{}},{"ancestorTitles":["Migration System","Migration Execution"],"fullName":"Migration System Migration Execution should complete successfully when no data exists","status":"passed","title":"should complete successfully when no data exists","duration":2.1948999999999614,"failureMessages":[],"meta":{}},{"ancestorTitles":["Migration System","Migration Execution"],"fullName":"Migration System Migration Execution should handle migration with existing data","status":"failed","title":"should handle migration with existing data","duration":16.495199999999954,"failureMessages":["Error: Atomic save failed: [\n  {\n    \"expected\": \"object\",\n    \"code\": \"invalid_type\",\n    \"path\": [\n      \"profiles\",\n      0,\n      \"inventory\"\n    ],\n    \"message\": \"Invalid input: expected object, received undefined\"\n  },\n  {\n    \"expected\": \"object\",\n    \"code\": \"invalid_type\",\n    \"path\": [\n      \"profiles\",\n      0,\n      \"itemStats\"\n    ],\n    \"message\": \"Invalid input: expected object, received undefined\"\n  }\n]\n    at putSaveAtomic (C:\\Users\\ediaz\\Coding_Projects\\dragonIdler\\packages\\db\\src\\repo.js:108:15)\n    at C:\\Users\\ediaz\\Coding_Projects\\dragonIdler\\tests\\db\\migrate.spec.ts:131:13\n    at file:///C:/Users/ediaz/Coding_Projects/dragonIdler/node_modules/.pnpm/@vitest+runner@3.2.4/node_modules/@vitest/runner/dist/chunk-hooks.js:155:11\n    at file:///C:/Users/ediaz/Coding_Projects/dragonIdler/node_modules/.pnpm/@vitest+runner@3.2.4/node_modules/@vitest/runner/dist/chunk-hooks.js:752:26\n    at file:///C:/Users/ediaz/Coding_Projects/dragonIdler/node_modules/.pnpm/@vitest+runner@3.2.4/node_modules/@vitest/runner/dist/chunk-hooks.js:1897:20\n    at new Promise (<anonymous>)\n    at runWithTimeout (file:///C:/Users/ediaz/Coding_Projects/dragonIdler/node_modules/.pnpm/@vitest+runner@3.2.4/node_modules/@vitest/runner/dist/chunk-hooks.js:1863:10)\n    at runTest (file:///C:/Users/ediaz/Coding_Projects/dragonIdler/node_modules/.pnpm/@vitest+runner@3.2.4/node_modules/@vitest/runner/dist/chunk-hooks.js:1574:12)\n    at runSuite (file:///C:/Users/ediaz/Coding_Projects/dragonIdler/node_modules/.pnpm/@vitest+runner@3.2.4/node_modules/@vitest/runner/dist/chunk-hooks.js:1729:8)\n    at runSuite (file:///C:/Users/ediaz/Coding_Projects/dragonIdler/node_modules/.pnpm/@vitest+runner@3.2.4/node_modules/@vitest/runner/dist/chunk-hooks.js:1729:8)"],"meta":{}},{"ancestorTitles":["Migration System","Migration Validation"],"fullName":"Migration System Migration Validation should validate empty database successfully","status":"passed","title":"should validate empty database successfully","duration":4.78959999999995,"failureMessages":[],"meta":{}},{"ancestorTitles":["Migration System","Migration Validation"],"fullName":"Migration System Migration Validation should validate valid save data","status":"failed","title":"should validate valid save data","duration":4.385799999999904,"failureMessages":["Error: Atomic save failed: [\n  {\n    \"expected\": \"object\",\n    \"code\": \"invalid_type\",\n    \"path\": [\n      \"profiles\",\n      0,\n      \"inventory\"\n    ],\n    \"message\": \"Invalid input: expected object, received undefined\"\n  },\n  {\n    \"expected\": \"object\",\n    \"code\": \"invalid_type\",\n    \"path\": [\n      \"profiles\",\n      0,\n      \"itemStats\"\n    ],\n    \"message\": \"Invalid input: expected object, received undefined\"\n  }\n]\n    at putSaveAtomic (C:\\Users\\ediaz\\Coding_Projects\\dragonIdler\\packages\\db\\src\\repo.js:108:15)\n    at C:\\Users\\ediaz\\Coding_Projects\\dragonIdler\\tests\\db\\migrate.spec.ts:155:13\n    at file:///C:/Users/ediaz/Coding_Projects/dragonIdler/node_modules/.pnpm/@vitest+runner@3.2.4/node_modules/@vitest/runner/dist/chunk-hooks.js:155:11\n    at file:///C:/Users/ediaz/Coding_Projects/dragonIdler/node_modules/.pnpm/@vitest+runner@3.2.4/node_modules/@vitest/runner/dist/chunk-hooks.js:752:26\n    at file:///C:/Users/ediaz/Coding_Projects/dragonIdler/node_modules/.pnpm/@vitest+runner@3.2.4/node_modules/@vitest/runner/dist/chunk-hooks.js:1897:20\n    at new Promise (<anonymous>)\n    at runWithTimeout (file:///C:/Users/ediaz/Coding_Projects/dragonIdler/node_modules/.pnpm/@vitest+runner@3.2.4/node_modules/@vitest/runner/dist/chunk-hooks.js:1863:10)\n    at runTest (file:///C:/Users/ediaz/Coding_Projects/dragonIdler/node_modules/.pnpm/@vitest+runner@3.2.4/node_modules/@vitest/runner/dist/chunk-hooks.js:1574:12)\n    at runSuite (file:///C:/Users/ediaz/Coding_Projects/dragonIdler/node_modules/.pnpm/@vitest+runner@3.2.4/node_modules/@vitest/runner/dist/chunk-hooks.js:1729:8)\n    at runSuite (file:///C:/Users/ediaz/Coding_Projects/dragonIdler/node_modules/.pnpm/@vitest+runner@3.2.4/node_modules/@vitest/runner/dist/chunk-hooks.js:1729:8)"],"meta":{}},{"ancestorTitles":["Migration System","Migration Validation"],"fullName":"Migration System Migration Validation should detect invalid save data structure","status":"passed","title":"should detect invalid save data structure","duration":3.6077999999999975,"failureMessages":[],"meta":{}},{"ancestorTitles":["Migration System","Migration Validation"],"fullName":"Migration System Migration Validation should detect missing required fields","status":"passed","title":"should detect missing required fields","duration":5.94259999999997,"failureMessages":[],"meta":{}},{"ancestorTitles":["Migration System","Migration Backup"],"fullName":"Migration System Migration Backup should create backup successfully for empty database","status":"passed","title":"should create backup successfully for empty database","duration":2.7445999999999913,"failureMessages":[],"meta":{}},{"ancestorTitles":["Migration System","Migration Backup"],"fullName":"Migration System Migration Backup should create backup with save data","status":"failed","title":"should create backup with save data","duration":2.603900000000067,"failureMessages":["Error: Atomic save failed: [\n  {\n    \"expected\": \"object\",\n    \"code\": \"invalid_type\",\n    \"path\": [\n      \"profiles\",\n      0,\n      \"inventory\"\n    ],\n    \"message\": \"Invalid input: expected object, received undefined\"\n  },\n  {\n    \"expected\": \"object\",\n    \"code\": \"invalid_type\",\n    \"path\": [\n      \"profiles\",\n      0,\n      \"itemStats\"\n    ],\n    \"message\": \"Invalid input: expected object, received undefined\"\n  }\n]\n    at putSaveAtomic (C:\\Users\\ediaz\\Coding_Projects\\dragonIdler\\packages\\db\\src\\repo.js:108:15)\n    at C:\\Users\\ediaz\\Coding_Projects\\dragonIdler\\tests\\db\\migrate.spec.ts:216:13\n    at file:///C:/Users/ediaz/Coding_Projects/dragonIdler/node_modules/.pnpm/@vitest+runner@3.2.4/node_modules/@vitest/runner/dist/chunk-hooks.js:155:11\n    at file:///C:/Users/ediaz/Coding_Projects/dragonIdler/node_modules/.pnpm/@vitest+runner@3.2.4/node_modules/@vitest/runner/dist/chunk-hooks.js:752:26\n    at file:///C:/Users/ediaz/Coding_Projects/dragonIdler/node_modules/.pnpm/@vitest+runner@3.2.4/node_modules/@vitest/runner/dist/chunk-hooks.js:1897:20\n    at new Promise (<anonymous>)\n    at runWithTimeout (file:///C:/Users/ediaz/Coding_Projects/dragonIdler/node_modules/.pnpm/@vitest+runner@3.2.4/node_modules/@vitest/runner/dist/chunk-hooks.js:1863:10)\n    at runTest (file:///C:/Users/ediaz/Coding_Projects/dragonIdler/node_modules/.pnpm/@vitest+runner@3.2.4/node_modules/@vitest/runner/dist/chunk-hooks.js:1574:12)\n    at runSuite (file:///C:/Users/ediaz/Coding_Projects/dragonIdler/node_modules/.pnpm/@vitest+runner@3.2.4/node_modules/@vitest/runner/dist/chunk-hooks.js:1729:8)\n    at runSuite (file:///C:/Users/ediaz/Coding_Projects/dragonIdler/node_modules/.pnpm/@vitest+runner@3.2.4/node_modules/@vitest/runner/dist/chunk-hooks.js:1729:8)"],"meta":{}},{"ancestorTitles":["Migration System","Migration Backup"],"fullName":"Migration System Migration Backup should store backup in meta table","status":"failed","title":"should store backup in meta table","duration":2.3384999999999536,"failureMessages":["Error: Atomic save failed: [\n  {\n    \"expected\": \"object\",\n    \"code\": \"invalid_type\",\n    \"path\": [\n      \"profiles\",\n      0,\n      \"inventory\"\n    ],\n    \"message\": \"Invalid input: expected object, received undefined\"\n  },\n  {\n    \"expected\": \"object\",\n    \"code\": \"invalid_type\",\n    \"path\": [\n      \"profiles\",\n      0,\n      \"itemStats\"\n    ],\n    \"message\": \"Invalid input: expected object, received undefined\"\n  }\n]\n    at putSaveAtomic (C:\\Users\\ediaz\\Coding_Projects\\dragonIdler\\packages\\db\\src\\repo.js:108:15)\n    at C:\\Users\\ediaz\\Coding_Projects\\dragonIdler\\tests\\db\\migrate.spec.ts:230:13\n    at file:///C:/Users/ediaz/Coding_Projects/dragonIdler/node_modules/.pnpm/@vitest+runner@3.2.4/node_modules/@vitest/runner/dist/chunk-hooks.js:155:11\n    at file:///C:/Users/ediaz/Coding_Projects/dragonIdler/node_modules/.pnpm/@vitest+runner@3.2.4/node_modules/@vitest/runner/dist/chunk-hooks.js:752:26\n    at file:///C:/Users/ediaz/Coding_Projects/dragonIdler/node_modules/.pnpm/@vitest+runner@3.2.4/node_modules/@vitest/runner/dist/chunk-hooks.js:1897:20\n    at new Promise (<anonymous>)\n    at runWithTimeout (file:///C:/Users/ediaz/Coding_Projects/dragonIdler/node_modules/.pnpm/@vitest+runner@3.2.4/node_modules/@vitest/runner/dist/chunk-hooks.js:1863:10)\n    at runTest (file:///C:/Users/ediaz/Coding_Projects/dragonIdler/node_modules/.pnpm/@vitest+runner@3.2.4/node_modules/@vitest/runner/dist/chunk-hooks.js:1574:12)\n    at runSuite (file:///C:/Users/ediaz/Coding_Projects/dragonIdler/node_modules/.pnpm/@vitest+runner@3.2.4/node_modules/@vitest/runner/dist/chunk-hooks.js:1729:8)\n    at runSuite (file:///C:/Users/ediaz/Coding_Projects/dragonIdler/node_modules/.pnpm/@vitest+runner@3.2.4/node_modules/@vitest/runner/dist/chunk-hooks.js:1729:8)"],"meta":{}},{"ancestorTitles":["Migration System","Migration Backup"],"fullName":"Migration System Migration Backup should not backup other backups","status":"passed","title":"should not backup other backups","duration":3.489599999999996,"failureMessages":[],"meta":{}},{"ancestorTitles":["Migration System","Integration Tests"],"fullName":"Migration System Integration Tests should handle complete migration workflow","status":"failed","title":"should handle complete migration workflow","duration":2.6661000000000286,"failureMessages":["Error: Atomic save failed: [\n  {\n    \"expected\": \"object\",\n    \"code\": \"invalid_type\",\n    \"path\": [\n      \"profiles\",\n      0,\n      \"inventory\"\n    ],\n    \"message\": \"Invalid input: expected object, received undefined\"\n  },\n  {\n    \"expected\": \"object\",\n    \"code\": \"invalid_type\",\n    \"path\": [\n      \"profiles\",\n      0,\n      \"itemStats\"\n    ],\n    \"message\": \"Invalid input: expected object, received undefined\"\n  }\n]\n    at putSaveAtomic (C:\\Users\\ediaz\\Coding_Projects\\dragonIdler\\packages\\db\\src\\repo.js:108:15)\n    at C:\\Users\\ediaz\\Coding_Projects\\dragonIdler\\tests\\db\\migrate.spec.ts:269:13\n    at file:///C:/Users/ediaz/Coding_Projects/dragonIdler/node_modules/.pnpm/@vitest+runner@3.2.4/node_modules/@vitest/runner/dist/chunk-hooks.js:155:11\n    at file:///C:/Users/ediaz/Coding_Projects/dragonIdler/node_modules/.pnpm/@vitest+runner@3.2.4/node_modules/@vitest/runner/dist/chunk-hooks.js:752:26\n    at file:///C:/Users/ediaz/Coding_Projects/dragonIdler/node_modules/.pnpm/@vitest+runner@3.2.4/node_modules/@vitest/runner/dist/chunk-hooks.js:1897:20\n    at new Promise (<anonymous>)\n    at runWithTimeout (file:///C:/Users/ediaz/Coding_Projects/dragonIdler/node_modules/.pnpm/@vitest+runner@3.2.4/node_modules/@vitest/runner/dist/chunk-hooks.js:1863:10)\n    at runTest (file:///C:/Users/ediaz/Coding_Projects/dragonIdler/node_modules/.pnpm/@vitest+runner@3.2.4/node_modules/@vitest/runner/dist/chunk-hooks.js:1574:12)\n    at runSuite (file:///C:/Users/ediaz/Coding_Projects/dragonIdler/node_modules/.pnpm/@vitest+runner@3.2.4/node_modules/@vitest/runner/dist/chunk-hooks.js:1729:8)\n    at runSuite (file:///C:/Users/ediaz/Coding_Projects/dragonIdler/node_modules/.pnpm/@vitest+runner@3.2.4/node_modules/@vitest/runner/dist/chunk-hooks.js:1729:8)"],"meta":{}},{"ancestorTitles":["Migration System","Integration Tests"],"fullName":"Migration System Integration Tests should maintain data integrity through migration process","status":"failed","title":"should maintain data integrity through migration process","duration":3.1241999999999734,"failureMessages":["Error: Atomic save failed: [\n  {\n    \"expected\": \"object\",\n    \"code\": \"invalid_type\",\n    \"path\": [\n      \"profiles\",\n      0,\n      \"inventory\"\n    ],\n    \"message\": \"Invalid input: expected object, received undefined\"\n  },\n  {\n    \"expected\": \"object\",\n    \"code\": \"invalid_type\",\n    \"path\": [\n      \"profiles\",\n      0,\n      \"itemStats\"\n    ],\n    \"message\": \"Invalid input: expected object, received undefined\"\n  }\n]\n    at putSaveAtomic (C:\\Users\\ediaz\\Coding_Projects\\dragonIdler\\packages\\db\\src\\repo.js:108:15)\n    at C:\\Users\\ediaz\\Coding_Projects\\dragonIdler\\tests\\db\\migrate.spec.ts:293:13\n    at file:///C:/Users/ediaz/Coding_Projects/dragonIdler/node_modules/.pnpm/@vitest+runner@3.2.4/node_modules/@vitest/runner/dist/chunk-hooks.js:155:11\n    at file:///C:/Users/ediaz/Coding_Projects/dragonIdler/node_modules/.pnpm/@vitest+runner@3.2.4/node_modules/@vitest/runner/dist/chunk-hooks.js:752:26\n    at file:///C:/Users/ediaz/Coding_Projects/dragonIdler/node_modules/.pnpm/@vitest+runner@3.2.4/node_modules/@vitest/runner/dist/chunk-hooks.js:1897:20\n    at new Promise (<anonymous>)\n    at runWithTimeout (file:///C:/Users/ediaz/Coding_Projects/dragonIdler/node_modules/.pnpm/@vitest+runner@3.2.4/node_modules/@vitest/runner/dist/chunk-hooks.js:1863:10)\n    at runTest (file:///C:/Users/ediaz/Coding_Projects/dragonIdler/node_modules/.pnpm/@vitest+runner@3.2.4/node_modules/@vitest/runner/dist/chunk-hooks.js:1574:12)\n    at runSuite (file:///C:/Users/ediaz/Coding_Projects/dragonIdler/node_modules/.pnpm/@vitest+runner@3.2.4/node_modules/@vitest/runner/dist/chunk-hooks.js:1729:8)\n    at runSuite (file:///C:/Users/ediaz/Coding_Projects/dragonIdler/node_modules/.pnpm/@vitest+runner@3.2.4/node_modules/@vitest/runner/dist/chunk-hooks.js:1729:8)"],"meta":{}}],"startTime":1762315104192,"endTime":1762315104284.1243,"status":"failed","message":"","name":"C:/Users/ediaz/Coding_Projects/dragonIdler/tests/db/migrate.spec.ts"},{"assertionResults":[{"ancestorTitles":["Schema Validation","ProfileV1 validation"],"fullName":"Schema Validation ProfileV1 validation should validate a complete valid profile","status":"failed","title":"should validate a complete valid profile","duration":11.055600000000027,"failureMessages":["ZodError: [\n  {\n    \"expected\": \"object\",\n    \"code\": \"invalid_type\",\n    \"path\": [\n      \"inventory\"\n    ],\n    \"message\": \"Invalid input: expected object, received undefined\"\n  },\n  {\n    \"expected\": \"object\",\n    \"code\": \"invalid_type\",\n    \"path\": [\n      \"itemStats\"\n    ],\n    \"message\": \"Invalid input: expected object, received undefined\"\n  }\n]\n    at validateProfileV1 (C:\\Users\\ediaz\\Coding_Projects\\dragonIdler\\packages\\db\\src\\schema.v1.js:206:28)\n    at C:\\Users\\ediaz\\Coding_Projects\\dragonIdler\\tests\\db\\schema.spec.ts:61:22\n    at file:///C:/Users/ediaz/Coding_Projects/dragonIdler/node_modules/.pnpm/@vitest+runner@3.2.4/node_modules/@vitest/runner/dist/chunk-hooks.js:155:11\n    at file:///C:/Users/ediaz/Coding_Projects/dragonIdler/node_modules/.pnpm/@vitest+runner@3.2.4/node_modules/@vitest/runner/dist/chunk-hooks.js:752:26\n    at file:///C:/Users/ediaz/Coding_Projects/dragonIdler/node_modules/.pnpm/@vitest+runner@3.2.4/node_modules/@vitest/runner/dist/chunk-hooks.js:1897:20\n    at new Promise (<anonymous>)\n    at runWithTimeout (file:///C:/Users/ediaz/Coding_Projects/dragonIdler/node_modules/.pnpm/@vitest+runner@3.2.4/node_modules/@vitest/runner/dist/chunk-hooks.js:1863:10)\n    at runTest (file:///C:/Users/ediaz/Coding_Projects/dragonIdler/node_modules/.pnpm/@vitest+runner@3.2.4/node_modules/@vitest/runner/dist/chunk-hooks.js:1574:12)\n    at processTicksAndRejections (node:internal/process/task_queues:105:5)\n    at runSuite (file:///C:/Users/ediaz/Coding_Projects/dragonIdler/node_modules/.pnpm/@vitest+runner@3.2.4/node_modules/@vitest/runner/dist/chunk-hooks.js:1729:8)"],"meta":{}},{"ancestorTitles":["Schema Validation","ProfileV1 validation"],"fullName":"Schema Validation ProfileV1 validation should reject profile with missing W3 time accounting fields","status":"passed","title":"should reject profile with missing W3 time accounting fields","duration":1.7221000000000686,"failureMessages":[],"meta":{}},{"ancestorTitles":["Schema Validation","ProfileV1 validation"],"fullName":"Schema Validation ProfileV1 validation should reject profile with invalid W3 time accounting","status":"passed","title":"should reject profile with invalid W3 time accounting","duration":0.6872999999999365,"failureMessages":[],"meta":{}},{"ancestorTitles":["Schema Validation","ProfileV1 validation"],"fullName":"Schema Validation ProfileV1 validation should reject profile with invalid name length","status":"passed","title":"should reject profile with invalid name length","duration":0.5317999999999756,"failureMessages":[],"meta":{}},{"ancestorTitles":["Schema Validation","ProfileV1 validation"],"fullName":"Schema Validation ProfileV1 validation should reject profile with negative progress values","status":"passed","title":"should reject profile with negative progress values","duration":0.6123000000000047,"failureMessages":[],"meta":{}},{"ancestorTitles":["Schema Validation","ProfileV1 validation"],"fullName":"Schema Validation ProfileV1 validation should reject profile with non-integer values","status":"passed","title":"should reject profile with non-integer values","duration":0.44060000000001764,"failureMessages":[],"meta":{}},{"ancestorTitles":["Schema Validation","SaveV1 validation"],"fullName":"Schema Validation SaveV1 validation should validate a complete valid save","status":"failed","title":"should validate a complete valid save","duration":1.363399999999956,"failureMessages":["ZodError: [\n  {\n    \"expected\": \"object\",\n    \"code\": \"invalid_type\",\n    \"path\": [\n      \"profiles\",\n      0,\n      \"inventory\"\n    ],\n    \"message\": \"Invalid input: expected object, received undefined\"\n  },\n  {\n    \"expected\": \"object\",\n    \"code\": \"invalid_type\",\n    \"path\": [\n      \"profiles\",\n      0,\n      \"itemStats\"\n    ],\n    \"message\": \"Invalid input: expected object, received undefined\"\n  }\n]\n    at validateSaveV1 (C:\\Users\\ediaz\\Coding_Projects\\dragonIdler\\packages\\db\\src\\schema.v1.js:194:25)\n    at C:\\Users\\ediaz\\Coding_Projects\\dragonIdler\\tests\\db\\schema.spec.ts:143:22\n    at file:///C:/Users/ediaz/Coding_Projects/dragonIdler/node_modules/.pnpm/@vitest+runner@3.2.4/node_modules/@vitest/runner/dist/chunk-hooks.js:155:11\n    at file:///C:/Users/ediaz/Coding_Projects/dragonIdler/node_modules/.pnpm/@vitest+runner@3.2.4/node_modules/@vitest/runner/dist/chunk-hooks.js:752:26\n    at file:///C:/Users/ediaz/Coding_Projects/dragonIdler/node_modules/.pnpm/@vitest+runner@3.2.4/node_modules/@vitest/runner/dist/chunk-hooks.js:1897:20\n    at new Promise (<anonymous>)\n    at runWithTimeout (file:///C:/Users/ediaz/Coding_Projects/dragonIdler/node_modules/.pnpm/@vitest+runner@3.2.4/node_modules/@vitest/runner/dist/chunk-hooks.js:1863:10)\n    at runTest (file:///C:/Users/ediaz/Coding_Projects/dragonIdler/node_modules/.pnpm/@vitest+runner@3.2.4/node_modules/@vitest/runner/dist/chunk-hooks.js:1574:12)\n    at processTicksAndRejections (node:internal/process/task_queues:105:5)\n    at runSuite (file:///C:/Users/ediaz/Coding_Projects/dragonIdler/node_modules/.pnpm/@vitest+runner@3.2.4/node_modules/@vitest/runner/dist/chunk-hooks.js:1729:8)"],"meta":{}},{"ancestorTitles":["Schema Validation","SaveV1 validation"],"fullName":"Schema Validation SaveV1 validation should reject save with wrong version","status":"passed","title":"should reject save with wrong version","duration":0.467899999999986,"failureMessages":[],"meta":{}},{"ancestorTitles":["Schema Validation","SaveV1 validation"],"fullName":"Schema Validation SaveV1 validation should reject save with no profiles","status":"passed","title":"should reject save with no profiles","duration":0.5097000000000662,"failureMessages":[],"meta":{}},{"ancestorTitles":["Schema Validation","SaveV1 validation"],"fullName":"Schema Validation SaveV1 validation should reject save with too many profiles","status":"passed","title":"should reject save with too many profiles","duration":1.3406999999999698,"failureMessages":[],"meta":{}},{"ancestorTitles":["Schema Validation","SaveV1 validation"],"fullName":"Schema Validation SaveV1 validation should reject save with invalid profile","status":"passed","title":"should reject save with invalid profile","duration":0.5480000000000018,"failureMessages":[],"meta":{}},{"ancestorTitles":["Schema Validation","ExportFileV1 validation"],"fullName":"Schema Validation ExportFileV1 validation should validate a complete valid export file","status":"failed","title":"should validate a complete valid export file","duration":0.8278999999999996,"failureMessages":["ZodError: [\n  {\n    \"expected\": \"object\",\n    \"code\": \"invalid_type\",\n    \"path\": [\n      \"data\",\n      \"profiles\",\n      0,\n      \"inventory\"\n    ],\n    \"message\": \"Invalid input: expected object, received undefined\"\n  },\n  {\n    \"expected\": \"object\",\n    \"code\": \"invalid_type\",\n    \"path\": [\n      \"data\",\n      \"profiles\",\n      0,\n      \"itemStats\"\n    ],\n    \"message\": \"Invalid input: expected object, received undefined\"\n  }\n]\n    at validateExportFileV1 (C:\\Users\\ediaz\\Coding_Projects\\dragonIdler\\packages\\db\\src\\schema.v1.js:212:31)\n    at C:\\Users\\ediaz\\Coding_Projects\\dragonIdler\\tests\\db\\schema.spec.ts:217:22\n    at file:///C:/Users/ediaz/Coding_Projects/dragonIdler/node_modules/.pnpm/@vitest+runner@3.2.4/node_modules/@vitest/runner/dist/chunk-hooks.js:155:11\n    at file:///C:/Users/ediaz/Coding_Projects/dragonIdler/node_modules/.pnpm/@vitest+runner@3.2.4/node_modules/@vitest/runner/dist/chunk-hooks.js:752:26\n    at file:///C:/Users/ediaz/Coding_Projects/dragonIdler/node_modules/.pnpm/@vitest+runner@3.2.4/node_modules/@vitest/runner/dist/chunk-hooks.js:1897:20\n    at new Promise (<anonymous>)\n    at runWithTimeout (file:///C:/Users/ediaz/Coding_Projects/dragonIdler/node_modules/.pnpm/@vitest+runner@3.2.4/node_modules/@vitest/runner/dist/chunk-hooks.js:1863:10)\n    at runTest (file:///C:/Users/ediaz/Coding_Projects/dragonIdler/node_modules/.pnpm/@vitest+runner@3.2.4/node_modules/@vitest/runner/dist/chunk-hooks.js:1574:12)\n    at processTicksAndRejections (node:internal/process/task_queues:105:5)\n    at runSuite (file:///C:/Users/ediaz/Coding_Projects/dragonIdler/node_modules/.pnpm/@vitest+runner@3.2.4/node_modules/@vitest/runner/dist/chunk-hooks.js:1729:8)"],"meta":{}},{"ancestorTitles":["Schema Validation","ExportFileV1 validation"],"fullName":"Schema Validation ExportFileV1 validation should reject export with wrong file version","status":"passed","title":"should reject export with wrong file version","duration":0.422800000000052,"failureMessages":[],"meta":{}},{"ancestorTitles":["Schema Validation","ExportFileV1 validation"],"fullName":"Schema Validation ExportFileV1 validation should reject export with empty checksum","status":"passed","title":"should reject export with empty checksum","duration":0.3933000000000675,"failureMessages":[],"meta":{}},{"ancestorTitles":["Schema Validation","ExportFileV1 validation"],"fullName":"Schema Validation ExportFileV1 validation should reject export with invalid data","status":"passed","title":"should reject export with invalid data","duration":0.45289999999999964,"failureMessages":[],"meta":{}},{"ancestorTitles":["Schema Validation","Database row validation"],"fullName":"Schema Validation Database row validation should validate a complete valid save row","status":"failed","title":"should validate a complete valid save row","duration":0.9026999999999816,"failureMessages":["ZodError: [\n  {\n    \"expected\": \"object\",\n    \"code\": \"invalid_type\",\n    \"path\": [\n      \"data\",\n      \"profiles\",\n      0,\n      \"inventory\"\n    ],\n    \"message\": \"Invalid input: expected object, received undefined\"\n  },\n  {\n    \"expected\": \"object\",\n    \"code\": \"invalid_type\",\n    \"path\": [\n      \"data\",\n      \"profiles\",\n      0,\n      \"itemStats\"\n    ],\n    \"message\": \"Invalid input: expected object, received undefined\"\n  }\n]\n    at validateSaveRowV1 (C:\\Users\\ediaz\\Coding_Projects\\dragonIdler\\packages\\db\\src\\schema.v1.js:218:36)\n    at C:\\Users\\ediaz\\Coding_Projects\\dragonIdler\\tests\\db\\schema.spec.ts:295:22\n    at file:///C:/Users/ediaz/Coding_Projects/dragonIdler/node_modules/.pnpm/@vitest+runner@3.2.4/node_modules/@vitest/runner/dist/chunk-hooks.js:155:11\n    at file:///C:/Users/ediaz/Coding_Projects/dragonIdler/node_modules/.pnpm/@vitest+runner@3.2.4/node_modules/@vitest/runner/dist/chunk-hooks.js:752:26\n    at file:///C:/Users/ediaz/Coding_Projects/dragonIdler/node_modules/.pnpm/@vitest+runner@3.2.4/node_modules/@vitest/runner/dist/chunk-hooks.js:1897:20\n    at new Promise (<anonymous>)\n    at runWithTimeout (file:///C:/Users/ediaz/Coding_Projects/dragonIdler/node_modules/.pnpm/@vitest+runner@3.2.4/node_modules/@vitest/runner/dist/chunk-hooks.js:1863:10)\n    at runTest (file:///C:/Users/ediaz/Coding_Projects/dragonIdler/node_modules/.pnpm/@vitest+runner@3.2.4/node_modules/@vitest/runner/dist/chunk-hooks.js:1574:12)\n    at processTicksAndRejections (node:internal/process/task_queues:105:5)\n    at runSuite (file:///C:/Users/ediaz/Coding_Projects/dragonIdler/node_modules/.pnpm/@vitest+runner@3.2.4
[...]
uery string","status":"passed","title":"should parse dev menu flag from query string","duration":0.14249999999992724,"failureMessages":[],"meta":{}},{"ancestorTitles":["Flag Parsing","getQueryFlags"],"fullName":"Flag Parsing getQueryFlags should parse console logging flag from query string","status":"passed","title":"should parse console logging flag from query string","duration":0.13589999999999236,"failureMessages":[],"meta":{}},{"ancestorTitles":["Flag Parsing","getQueryFlags"],"fullName":"Flag Parsing getQueryFlags should parse legacy background sim flag from query string","status":"passed","title":"should parse legacy background sim flag from query string","duration":0.19079999999996744,"failureMessages":[],"meta":{}},{"ancestorTitles":["Flag Parsing","getQueryFlags"],"fullName":"Flag Parsing getQueryFlags should parse force mode from query string","status":"passed","title":"should parse force mode from query string","duration":0.12139999999999418,"failureMessages":[],"meta":{}},{"ancestorTitles":["Flag Parsing","getQueryFlags"],"fullName":"Flag Parsing getQueryFlags should ignore invalid force mode values","status":"passed","title":"should ignore invalid force mode values","duration":0.11630000000002383,"failureMessages":[],"meta":{}},{"ancestorTitles":["Flag Parsing","getQueryFlags"],"fullName":"Flag Parsing getQueryFlags should parse multiple flags from query string","status":"passed","title":"should parse multiple flags from query string","duration":0.12810000000001764,"failureMessages":[],"meta":{}},{"ancestorTitles":["Flag Parsing","getQueryFlags"],"fullName":"Flag Parsing getQueryFlags should ignore non-flag query parameters","status":"passed","title":"should ignore non-flag query parameters","duration":0.21619999999995798,"failureMessages":[],"meta":{}},{"ancestorTitles":["Flag Parsing","mergeFlags"],"fullName":"Flag Parsing mergeFlags should merge flags with correct precedence: query > env > defaults","status":"passed","title":"should merge flags with correct precedence: query > env > defaults","duration":0.1570000000000391,"failureMessages":[],"meta":{}},{"ancestorTitles":["Flag Parsing","mergeFlags"],"fullName":"Flag Parsing mergeFlags should handle empty env and query flags","status":"passed","title":"should handle empty env and query flags","duration":0.11230000000000473,"failureMessages":[],"meta":{}},{"ancestorTitles":["Flag Parsing","mergeFlags"],"fullName":"Flag Parsing mergeFlags should handle partial flag overrides","status":"passed","title":"should handle partial flag overrides","duration":0.10970000000008895,"failureMessages":[],"meta":{}},{"ancestorTitles":["Flag Parsing","createFlags"],"fullName":"Flag Parsing createFlags should create complete flag configuration from URL","status":"passed","title":"should create complete flag configuration from URL","duration":0.16629999999997835,"failureMessages":[],"meta":{}},{"ancestorTitles":["Flag Parsing","createFlags"],"fullName":"Flag Parsing createFlags should return defaults when no overrides are present","status":"passed","title":"should return defaults when no overrides are present","duration":0.278699999999958,"failureMessages":[],"meta":{}},{"ancestorTitles":["Flag Parsing","createFlags"],"fullName":"Flag Parsing createFlags should respect production mode restrictions","status":"passed","title":"should respect production mode restrictions","duration":0.13789999999994507,"failureMessages":[],"meta":{}},{"ancestorTitles":["Flag Parsing","ForceMode type validation"],"fullName":"Flag Parsing ForceMode type validation should accept valid force mode values","status":"passed","title":"should accept valid force mode values","duration":0.237700000000018,"failureMessages":[],"meta":{}},{"ancestorTitles":["Flag Parsing","ForceMode type validation"],"fullName":"Flag Parsing ForceMode type validation should reject invalid force mode values","status":"passed","title":"should reject invalid force mode values","duration":0.18240000000002965,"failureMessages":[],"meta":{}},{"ancestorTitles":["Flag Parsing","Edge cases"],"fullName":"Flag Parsing Edge cases should handle malformed URLs gracefully","status":"passed","title":"should handle malformed URLs gracefully","duration":0.8997999999999138,"failureMessages":[],"meta":{}},{"ancestorTitles":["Flag Parsing","Edge cases"],"fullName":"Flag Parsing Edge cases should handle empty query parameter values","status":"passed","title":"should handle empty query parameter values","duration":0.15760000000000218,"failureMessages":[],"meta":{}},{"ancestorTitles":["Flag Parsing","Edge cases"],"fullName":"Flag Parsing Edge cases should handle undefined environment variables","status":"passed","title":"should handle undefined environment variables","duration":0.12419999999997344,"failureMessages":[],"meta":{}}],"startTime":1762315103999,"endTime":1762315104007.1577,"status":"passed","message":"","name":"C:/Users/ediaz/Coding_Projects/dragonIdler/tests/flags/parse.spec.ts"},{"assertionResults":[{"ancestorTitles":["Flag Store","appFlags store"],"fullName":"Flag Store appFlags store should initialize with default values","status":"passed","title":"should initialize with default values","duration":2.447300000000041,"failureMessages":[],"meta":{}},{"ancestorTitles":["Flag Store","appFlags store"],"fullName":"Flag Store appFlags store should update when set is called","status":"passed","title":"should update when set is called","duration":0.2540000000000191,"failureMessages":[],"meta":{}},{"ancestorTitles":["Flag Store","appFlags store"],"fullName":"Flag Store appFlags store should update when update is called","status":"passed","title":"should update when update is called","duration":0.2959000000000742,"failureMessages":[],"meta":{}},{"ancestorTitles":["Flag Store","appFlags store"],"fullName":"Flag Store appFlags store should notify subscribers when values change","status":"passed","title":"should notify subscribers when values change","duration":2.5878000000000156,"failureMessages":[],"meta":{}},{"ancestorTitles":["Flag Store","appFlags store"],"fullName":"Flag Store appFlags store should not notify unsubscribed listeners","status":"passed","title":"should not notify unsubscribed listeners","duration":0.6475000000000364,"failureMessages":[],"meta":{}},{"ancestorTitles":["Flag Store","derived stores"],"fullName":"Flag Store derived stores should derive hudEnabled correctly","status":"passed","title":"should derive hudEnabled correctly","duration":0.8610999999999649,"failureMessages":[],"meta":{}},{"ancestorTitles":["Flag Store","derived stores"],"fullName":"Flag Store derived stores should derive devMenuEnabled correctly","status":"passed","title":"should derive devMenuEnabled correctly","duration":0.481200000000058,"failureMessages":[],"meta":{}},{"ancestorTitles":["Flag Store","derived stores"],"fullName":"Flag Store derived stores should derive logConsoleEnabled correctly","status":"passed","title":"should derive logConsoleEnabled correctly","duration":0.35419999999999163,"failureMessages":[],"meta":{}},{"ancestorTitles":["Flag Store","derived stores"],"fullName":"Flag Store derived stores should derive legacyBgSimEnabled correctly","status":"passed","title":"should derive legacyBgSimEnabled correctly","duration":0.45429999999998927,"failureMessages":[],"meta":{}},{"ancestorTitles":["Flag Store","derived stores"],"fullName":"Flag Store derived stores should derive forceMode correctly","status":"passed","title":"should derive forceMode correctly","duration":0.42650000000003274,"failureMessages":[],"meta":{}},{"ancestorTitles":["Flag Store","derived stores"],"fullName":"Flag Store derived stores should update derived stores when parent store changes","status":"passed","title":"should update derived stores when parent store changes","duration":0.6311000000000604,"failureMessages":[],"meta":{}},{"ancestorTitles":["Flag Store","isFlagEnabled utility"],"fullName":"Flag Store isFlagEnabled utility should return a derived store for boolean flags","status":"passed","title":"should return a derived store for boolean flags","duration":0.2777999999999565,"failureMessages":[],"meta":{}},{"ancestorTitles":["Flag Store","isFlagEnabled utility"],"fullName":"Flag Store isFlagEnabled utility should work with all boolean flags","status":"passed","title":"should work with all boolean flags","duration":0.48939999999993233,"failureMessages":[],"meta":{}},{"ancestorTitles":["Flag Store","isFlagEnabled utility"],"fullName":"Flag Store isFlagEnabled utility should convert non-boolean values to boolean","status":"passed","title":"should convert non-boolean values to boolean","duration":0.16259999999999764,"failureMessages":[],"meta":{}},{"ancestorTitles":["Flag Store","isFlagEnabled utility"],"fullName":"Flag Store isFlagEnabled utility should update when flag values change","status":"passed","title":"should update when flag values change","duration":0.3805999999999585,"failureMessages":[],"meta":{}},{"ancestorTitles":["Flag Store","getCurrentFlags utility"],"fullName":"Flag Store getCurrentFlags utility should return current flag values","status":"passed","title":"should return current flag values","duration":0.23489999999992506,"failureMessages":[],"meta":{}},{"ancestorTitles":["Flag Store","getCurrentFlags utility"],"fullName":"Flag Store getCurrentFlags utility should return updated values after store changes","status":"passed","title":"should return updated values after store changes","duration":0.14369999999996708,"failureMessages":[],"meta":{}},{"ancestorTitles":["Flag Store","getCurrentFlags utility"],"fullName":"Flag Store getCurrentFlags utility should return a snapshot of current state","status":"passed","title":"should return a snapshot of current state","duration":0.19389999999998508,"failureMessages":[],"meta":{}},{"ancestorTitles":["Flag Store","store integration"],"fullName":"Flag Store store integration should maintain consistency across all derived stores","status":"passed","title":"should maintain consistency across all derived stores","duration":0.3085999999999558,"failureMessages":[],"meta":{}},{"ancestorTitles":["Flag Store","store integration"],"fullName":"Flag Store store integration should handle rapid updates correctly","status":"passed","title":"should handle rapid updates correctly","duration":0.2317000000000462,"failureMessages":[],"meta":{}},{"ancestorTitles":["Flag Store","store integration"],"fullName":"Flag Store store integration should handle partial updates correctly","status":"passed","title":"should handle partial updates correctly","duration":0.17980000000000018,"failureMessages":[],"meta":{}},{"ancestorTitles":["Flag Store","edge cases"],"fullName":"Flag Store edge cases should handle undefined values gracefully","status":"passed","title":"should handle undefined values gracefully","duration":0.8634999999999309,"failureMessages":[],"meta":{}},{"ancestorTitles":["Flag Store","edge cases"],"fullName":"Flag Store edge cases should handle multiple subscribers correctly","status":"passed","title":"should handle multiple subscribers correctly","duration":1.2875999999999976,"failureMessages":[],"meta":{}}],"startTime":1762315104219,"endTime":1762315104234.2876,"status":"passed","message":"","name":"C:/Users/ediaz/Coding_Projects/dragonIdler/tests/flags/store.spec.ts"},{"assertionResults":[{"ancestorTitles":["Error Boundary Integration Tests","Error Handling Functions"],"fullName":"Error Boundary Integration Tests Error Handling Functions should handle page reload functionality","status":"passed","title":"should handle page reload functionality","duration":2.296799999999962,"failureMessages":[],"meta":{}},{"ancestorTitles":["Error Boundary Integration Tests","Error Handling Functions"],"fullName":"Error Boundary Integration Tests Error Handling Functions should handle navigation to home","status":"passed","title":"should handle navigation to home","duration":0.4332999999999174,"failureMessages":[],"meta":{}},{"ancestorTitles":["Error Boundary Integration Tests","Error Handling Functions"],"fullName":"Error Boundary Integration Tests Error Handling Functions should handle log export functionality","status":"passed","title":"should handle log export functionality","duration":3.624900000000025,"failureMessages":[],"meta":{}},{"ancestorTitles":["Error Boundary Integration Tests","Error Handling Functions"],"fullName":"Error Boundary Integration Tests Error Handling Functions should handle log export errors gracefully","status":"passed","title":"should handle log export errors gracefully","duration":8.26789999999994,"failureMessages":[],"meta":{}},{"ancestorTitles":["Error Boundary Integration Tests","Error Handling Functions"],"fullName":"Error Boundary Integration Tests Error Handling Functions should prevent multiple simultaneous log exports","status":"passed","title":"should prevent multiple simultaneous log exports","duration":104.2858,"failureMessages":[],"meta":{}},{"ancestorTitles":["Error Boundary Integration Tests","Error Information Processing"],"fullName":"Error Boundary Integration Tests Error Information Processing should generate detailed error information","status":"passed","title":"should generate detailed error information","duration":0.7731999999999744,"failureMessages":[],"meta":{}},{"ancestorTitles":["Error Boundary Integration Tests","Error Information Processing"],"fullName":"Error Boundary Integration Tests Error Information Processing should handle missing error information gracefully","status":"passed","title":"should handle missing error information gracefully","duration":0.2559000000001106,"failureMessages":[],"meta":{}},{"ancestorTitles":["Error Boundary Integration Tests","Download Functionality"],"fullName":"Error Boundary Integration Tests Download Functionality should generate correct filename with current date","status":"passed","title":"should generate correct filename with current date","duration":0.22310000000004493,"failureMessages":[],"meta":{}},{"ancestorTitles":["Error Boundary Integration Tests","Download Functionality"],"fullName":"Error Boundary Integration Tests Download Functionality should handle download errors gracefully","status":"passed","title":"should handle download errors gracefully","duration":1.4861999999999398,"failureMessages":[],"meta":{}},{"ancestorTitles":["Error Boundary Integration Tests","Integration Scenarios"],"fullName":"Error Boundary Integration Tests Integration Scenarios should handle complete error boundary workflow","status":"passed","title":"should handle complete error boundary workflow","duration":0.5939999999999372,"failureMessages":[],"meta":{}},{"ancestorTitles":["Error Boundary Integration Tests","Integration Scenarios"],"fullName":"Error Boundary Integration Tests Integration Scenarios should handle rapid user interactions without issues","status":"passed","title":"should handle rapid user interactions without issues","duration":0.2639000000000351,"failureMessages":[],"meta":{}}],"startTime":1762315103937,"endTime":1762315104060.264,"status":"passed","message":"","name":"C:/Users/ediaz/Coding_Projects/dragonIdler/tests/integration/error-boundary.int.spec.ts"},{"assertionResults":[{"ancestorTitles":["Log Export Integration Tests","NDJSON Export"],"fullName":"Log Export Integration Tests NDJSON Export should export logs as NDJSON blob","status":"passed","title":"should export logs as NDJSON blob","duration":7.2379000000000815,"failureMessages":[],"meta":{}},{"ancestorTitles":["Log Export Integration Tests","NDJSON Export"],"fullName":"Log Export Integration Tests NDJSON Export should export empty logs when no logs are present","status":"passed","title":"should export empty logs when no logs are present","duration":0.5903999999999314,"failureMessages":[],"meta":{}},{"ancestorTitles":["Log Export Integration Tests","NDJSON Export"],"fullName":"Log Export Integration Tests NDJSON Export should include proper NDJSON formatting","status":"passed","title":"should include proper NDJSON formatting","duration":1.322400000000016,"failureMessages":[],"meta":{}},{"ancestorTitles":["Log Export Integration Tests","NDJSON Export"],"fullName":"Log Export Integration Tests NDJSON Export should handle multiple log entries correctly","status":"passed","title":"should handle multiple log entries correctly","duration":0.5839999999999463,"failureMessages":[],"meta":{}},{"ancestorTitles":["Log Export Integration Tests","Download Functionality"],"fullName":"Log Export Integration Tests Download Functionality should trigger download with correct filename","status":"passed","title":"should trigger download with correct filename","duration":2.0631000000000768,"failureMessages":[],"meta":{}},{"ancestorTitles":["Log Export Integration Tests","Download Functionality"],"fullName":"Log Export Integration Tests Download Functionality should generate filename with current date","status":"passed","title":"should generate filename with current date","duration":0.3206000000000131,"failureMessages":[],"meta":{}},{"ancestorTitles":["Log Export Integration Tests","Download Functionality"],"fullName":"Log Export Integration Tests Download Functionality should handle download errors gracefully","status":"passed","title":"should handle download errors gracefully","duration":0.5973999999999933,"failureMessages":[],"meta":{}},{"ancestorTitles":["Log Export Integration Tests","PII Redaction in Exports"],"fullName":"Log Export Integration Tests PII Redaction in Exports should redact sensitive information in exported logs","status":"passed","title":"should redact sensitive information in exported logs","duration":0.49860000000001037,"failureMessages":[],"meta":{}},{"ancestorTitles":["Log Export Integration Tests","PII Redaction in Exports"],"fullName":"Log Export Integration Tests PII Redaction in Exports should preserve allowed data fields in exports","status":"passed","title":"should preserve allowed data fields in exports","duration":0.6486999999999625,"failureMessages":[],"meta":{}},{"ancestorTitles":["Log Export Integration Tests","PII Redaction in Exports"],"fullName":"Log Export Integration Tests PII Redaction in Exports should handle nested objects in data field","status":"passed","title":"should handle nested objects in data field","duration":0.513300000000072,"failureMessages":[],"meta":{}},{"ancestorTitles":["Log Export Integration Tests","Memory Management"],"fullName":"Log Export Integration Tests Memory Management should respect memory limits during export","status":"passed","title":"should respect memory limits during export","duration":0.47630000000003747,"failureMessages":[],"meta":{}},{"ancestorTitles":["Log Export Integration Tests","Memory Management"],"fullName":"Log Export Integration Tests Memory Management should handle large exports efficiently","status":"passed","title":"should handle large exports efficiently","duration":1.0203000000000202,"failureMessages":[],"meta":{}},{"ancestorTitles":["Log Export Integration Tests","Error Handling"],"fullName":"Log Export Integration Tests Error Handling should handle export errors gracefully","status":"passed","title":"should handle export errors gracefully","duration":1.2194000000000642,"failureMessages":[],"meta":{}},{"ancestorTitles":["Log Export Integration Tests","Error Handling"],"fullName":"Log Export Integration Tests Error Handling should handle corrupted log data","status":"passed","title":"should handle corrupted log data","duration":0.4895999999999958,"failureMessages":[],"meta":{}},{"ancestorTitles":["Log Export Integration Tests","Integration with Error Boundary"],"fullName":"Log Export Integration Tests Integration with Error Boundary should work correctly when called from error boundary","status":"passed","title":"should work correctly when called from error boundary","duration":0.9335999999999558,"failureMessages":[],"meta":{}}],"startTime":1762315103955,"endTime":1762315103973.9336,"status":"passed","message":"","name":"C:/Users/ediaz/Coding_Projects/dragonIdler/tests/integration/export-logs.int.spec.ts"}]}