{
  "numTotalTestSuites": 88,
  "numPassedTestSuites": 82,
  "numFailedTestSuites": 6,
  "numPendingTestSuites": 0,
  "numTotalTests": 271,
  "numPassedTests": 269,
  "numFailedTests": 2,
  "numPendingTests": 0,
  "numTodoTests": 0,
  "snapshot": {
    "added": 0,
    "failure": false,
    "filesAdded": 0,
    "filesRemoved": 0,
    "filesRemovedList": [],
    "filesUnmatched": 0,
    "filesUpdated": 0,
    "matched": 0,
    "total": 0,
    "unchecked": 0,
    "uncheckedKeysByFile": [],
    "unmatched": 0,
    "updated": 0,
    "didUpdate": false
  },
  "startTime": 1759266706292,
  "success": false,
  "testResults": [
    {
      "assertionResults": [
        {
          "ancestorTitles": ["Atomic Write Operations", "putSaveAtomic"],
          "fullName": "Atomic Write Operations putSaveAtomic should write save data atomically",
          "status": "passed",
          "title": "should write save data atomically",
          "duration": 44.45760599999994,
          "failureMessages": [],
          "meta": {}
        },
        {
          "ancestorTitles": ["Atomic Write Operations", "putSaveAtomic"],
          "fullName": "Atomic Write Operations putSaveAtomic should update active profile pointer",
          "status": "passed",
          "title": "should update active profile pointer",
          "duration": 8.238826000000017,
          "failureMessages": [],
          "meta": {}
        },
        {
          "ancestorTitles": ["Atomic Write Operations", "putSaveAtomic"],
          "fullName": "Atomic Write Operations putSaveAtomic should prune old saves to keep only 3 backups",
          "status": "passed",
          "title": "should prune old saves to keep only 3 backups",
          "duration": 21.666999999999916,
          "failureMessages": [],
          "meta": {}
        },
        {
          "ancestorTitles": ["Atomic Write Operations", "putSaveAtomic"],
          "fullName": "Atomic Write Operations putSaveAtomic should handle concurrent writes to different profiles",
          "status": "passed",
          "title": "should handle concurrent writes to different profiles",
          "duration": 7.779060999999956,
          "failureMessages": [],
          "meta": {}
        },
        {
          "ancestorTitles": ["Atomic Write Operations", "putSaveAtomic"],
          "fullName": "Atomic Write Operations putSaveAtomic should maintain data integrity during transaction failures",
          "status": "passed",
          "title": "should maintain data integrity during transaction failures",
          "duration": 6.695124000000078,
          "failureMessages": [],
          "meta": {}
        },
        {
          "ancestorTitles": ["Atomic Write Operations", "getActiveSave"],
          "fullName": "Atomic Write Operations getActiveSave should return the most recent save for a profile",
          "status": "passed",
          "title": "should return the most recent save for a profile",
          "duration": 10.273791999999958,
          "failureMessages": [],
          "meta": {}
        },
        {
          "ancestorTitles": ["Atomic Write Operations", "getActiveSave"],
          "fullName": "Atomic Write Operations getActiveSave should return null for non-existent profile",
          "status": "passed",
          "title": "should return null for non-existent profile",
          "duration": 4.66833100000008,
          "failureMessages": [],
          "meta": {}
        },
        {
          "ancestorTitles": ["Atomic Write Operations", "getActiveSave"],
          "fullName": "Atomic Write Operations getActiveSave should handle profile with multiple saves correctly",
          "status": "passed",
          "title": "should handle profile with multiple saves correctly",
          "duration": 8.170313000000078,
          "failureMessages": [],
          "meta": {}
        },
        {
          "ancestorTitles": ["Atomic Write Operations", "Database consistency"],
          "fullName": "Atomic Write Operations Database consistency should maintain referential integrity between saves and meta tables",
          "status": "passed",
          "title": "should maintain referential integrity between saves and meta tables",
          "duration": 5.442242000000078,
          "failureMessages": [],
          "meta": {}
        },
        {
          "ancestorTitles": ["Atomic Write Operations", "Database consistency"],
          "fullName": "Atomic Write Operations Database consistency should handle database corruption gracefully",
          "status": "passed",
          "title": "should handle database corruption gracefully",
          "duration": 8.527970000000096,
          "failureMessages": [],
          "meta": {}
        },
        {
          "ancestorTitles": ["Atomic Write Operations", "W3 time accounting integration"],
          "fullName": "Atomic Write Operations W3 time accounting integration should preserve W3 time accounting fields during atomic writes",
          "status": "passed",
          "title": "should preserve W3 time accounting fields during atomic writes",
          "duration": 4.274635999999873,
          "failureMessages": [],
          "meta": {}
        },
        {
          "ancestorTitles": ["Atomic Write Operations", "W3 time accounting integration"],
          "fullName": "Atomic Write Operations W3 time accounting integration should handle W3 time accounting updates correctly",
          "status": "passed",
          "title": "should handle W3 time accounting updates correctly",
          "duration": 6.356813999999986,
          "failureMessages": [],
          "meta": {}
        }
      ],
      "startTime": 1759266707391,
      "endTime": 1759266707529.357,
      "status": "passed",
      "message": "",
      "name": "C:/Users/ediaz/Coding_Projects/dragonIdler/tests/db/atomic.spec.ts"
    },
    {
      "assertionResults": [
        {
          "ancestorTitles": ["Export/Import Functionality", "exportAllProfiles"],
          "fullName": "Export/Import Functionality exportAllProfiles should export all profiles with correct format",
          "status": "passed",
          "title": "should export all profiles with correct format",
          "duration": 43.68767600000001,
          "failureMessages": [],
          "meta": {}
        },
        {
          "ancestorTitles": ["Export/Import Functionality", "exportAllProfiles"],
          "fullName": "Export/Import Functionality exportAllProfiles should include W3 time accounting fields in export",
          "status": "passed",
          "title": "should include W3 time accounting fields in export",
          "duration": 7.693295999999918,
          "failureMessages": [],
          "meta": {}
        },
        {
          "ancestorTitles": ["Export/Import Functionality", "exportAllProfiles"],
          "fullName": "Export/Import Functionality exportAllProfiles should generate valid checksum for export data",
          "status": "passed",
          "title": "should generate valid checksum for export data",
          "duration": 10.115252000000055,
          "failureMessages": [],
          "meta": {}
        },
        {
          "ancestorTitles": ["Export/Import Functionality", "exportAllProfiles"],
          "fullName": "Export/Import Functionality exportAllProfiles should handle empty database gracefully",
          "status": "passed",
          "title": "should handle empty database gracefully",
          "duration": 5.477302000000009,
          "failureMessages": [],
          "meta": {}
        },
        {
          "ancestorTitles": ["Export/Import Functionality", "importFromBlob"],
          "fullName": "Export/Import Functionality importFromBlob should import valid export data correctly",
          "status": "passed",
          "title": "should import valid export data correctly",
          "duration": 17.44628200000011,
          "failureMessages": [],
          "meta": {}
        },
        {
          "ancestorTitles": ["Export/Import Functionality", "importFromBlob"],
          "fullName": "Export/Import Functionality importFromBlob should validate checksum during import",
          "status": "passed",
          "title": "should validate checksum during import",
          "duration": 3.5687500000001364,
          "failureMessages": [],
          "meta": {}
        },
        {
          "ancestorTitles": ["Export/Import Functionality", "importFromBlob"],
          "fullName": "Export/Import Functionality importFromBlob should reject import with wrong file version",
          "status": "passed",
          "title": "should reject import with wrong file version",
          "duration": 5.14373999999998,
          "failureMessages": [],
          "meta": {}
        },
        {
          "ancestorTitles": ["Export/Import Functionality", "importFromBlob"],
          "fullName": "Export/Import Functionality importFromBlob should handle corrupted export data gracefully",
          "status": "passed",
          "title": "should handle corrupted export data gracefully",
          "duration": 4.488489999999956,
          "failureMessages": [],
          "meta": {}
        },
        {
          "ancestorTitles": ["Export/Import Functionality", "importFromBlob"],
          "fullName": "Export/Import Functionality importFromBlob should preserve W3 time accounting during import",
          "status": "passed",
          "title": "should preserve W3 time accounting during import",
          "duration": 8.730858000000126,
          "failureMessages": [],
          "meta": {}
        },
        {
          "ancestorTitles": ["Export/Import Functionality", "Round-trip data integrity"],
          "fullName": "Export/Import Functionality Round-trip data integrity should maintain data integrity through export-import cycle",
          "status": "passed",
          "title": "should maintain data integrity through export-import cycle",
          "duration": 15.974446999999827,
          "failureMessages": [],
          "meta": {}
        },
        {
          "ancestorTitles": ["Export/Import Functionality", "Round-trip data integrity"],
          "fullName": "Export/Import Functionality Round-trip data integrity should preserve all profile data during round-trip",
          "status": "passed",
          "title": "should preserve all profile data during round-trip",
          "duration": 8.325428999999986,
          "failureMessages": [],
          "meta": {}
        },
        {
          "ancestorTitles": ["Export/Import Functionality", "Codec functions"],
          "fullName": "Export/Import Functionality Codec functions should encode and validate export data correctly",
          "status": "passed",
          "title": "should encode and validate export data correctly",
          "duration": 3.6283240000000205,
          "failureMessages": [],
          "meta": {}
        },
        {
          "ancestorTitles": ["Export/Import Functionality", "Codec functions"],
          "fullName": "Export/Import Functionality Codec functions should detect tampered export data",
          "status": "passed",
          "title": "should detect tampered export data",
          "duration": 4.303409999999985,
          "failureMessages": [],
          "meta": {}
        },
        {
          "ancestorTitles": ["Export/Import Functionality", "Codec functions"],
          "fullName": "Export/Import Functionality Codec functions should handle checksum generation consistently",
          "status": "passed",
          "title": "should handle checksum generation consistently",
          "duration": 3.2763250000000426,
          "failureMessages": [],
          "meta": {}
        },
        {
          "ancestorTitles": ["Export/Import Functionality", "Multiple profile handling"],
          "fullName": "Export/Import Functionality Multiple profile handling should handle multiple profile pointers correctly",
          "status": "passed",
          "title": "should handle multiple profile pointers correctly",
          "duration": 19.874801999999818,
          "failureMessages": [],
          "meta": {}
        },
        {
          "ancestorTitles": ["Export/Import Functionality", "Multiple profile handling"],
          "fullName": "Export/Import Functionality Multiple profile handling should maintain profile independence during import",
          "status": "passed",
          "title": "should maintain profile independence during import",
          "duration": 8.510929000000033,
          "failureMessages": [],
          "meta": {}
        }
      ],
      "startTime": 1759266707399,
      "endTime": 1759266707571.511,
      "status": "passed",
      "message": "",
      "name": "C:/Users/ediaz/Coding_Projects/dragonIdler/tests/db/export-import.spec.ts"
    },
    {
      "assertionResults": [
        {
          "ancestorTitles": ["Migration System", "Database Version Management"],
          "fullName": "Migration System Database Version Management should return version 1 for new database",
          "status": "passed",
          "title": "should return version 1 for new database",
          "duration": 24.481043999999883,
          "failureMessages": [],
          "meta": {}
        },
        {
          "ancestorTitles": ["Migration System", "Database Version Management"],
          "fullName": "Migration System Database Version Management should track database version in meta table",
          "status": "passed",
          "title": "should track database version in meta table",
          "duration": 6.208750000000009,
          "failureMessages": [],
          "meta": {}
        },
        {
          "ancestorTitles": ["Migration System", "Database Version Management"],
          "fullName": "Migration System Database Version Management should handle missing version gracefully",
          "status": "passed",
          "title": "should handle missing version gracefully",
          "duration": 6.464718999999832,
          "failureMessages": [],
          "meta": {}
        },
        {
          "ancestorTitles": ["Migration System", "Migration Status"],
          "fullName": "Migration System Migration Status should return correct migration status for fresh database",
          "status": "passed",
          "title": "should return correct migration status for fresh database",
          "duration": 4.388686999999891,
          "failureMessages": [],
          "meta": {}
        },
        {
          "ancestorTitles": ["Migration System", "Migration Status"],
          "fullName": "Migration System Migration Status should handle database with version set",
          "status": "passed",
          "title": "should handle database with version set",
          "duration": 3.965658000000076,
          "failureMessages": [],
          "meta": {}
        },
        {
          "ancestorTitles": ["Migration System", "Migration Execution"],
          "fullName": "Migration System Migration Execution should handle no migrations needed",
          "status": "passed",
          "title": "should handle no migrations needed",
          "duration": 3.7774349999999686,
          "failureMessages": [],
          "meta": {}
        },
        {
          "ancestorTitles": ["Migration System", "Migration Execution"],
          "fullName": "Migration System Migration Execution should complete successfully when no data exists",
          "status": "passed",
          "title": "should complete successfully when no data exists",
          "duration": 2.9750289999999495,
          "failureMessages": [],
          "meta": {}
        },
        {
          "ancestorTitles": ["Migration System", "Migration Execution"],
          "fullName": "Migration System Migration Execution should handle migration with existing data",
          "status": "passed",
          "title": "should handle migration with existing data",
          "duration": 12.069271000000072,
          "failureMessages": [],
          "meta": {}
        },
        {
          "ancestorTitles": ["Migration System", "Migration Validation"],
          "fullName": "Migration System Migration Validation should validate empty database successfully",
          "status": "passed",
          "title": "should validate empty database successfully",
          "duration": 7.082045000000107,
          "failureMessages": [],
          "meta": {}
        },
        {
          "ancestorTitles": ["Migration System", "Migration Validation"],
          "fullName": "Migration System Migration Validation should validate valid save data",
          "status": "passed",
          "title": "should validate valid save data",
          "duration": 6.863511999999901,
          "failureMessages": [],
          "meta": {}
        },
        {
          "ancestorTitles": ["Migration System", "Migration Validation"],
          "fullName": "Migration System Migration Validation should detect invalid save data structure",
          "status": "passed",
          "title": "should detect invalid save data structure",
          "duration": 6.699804000000086,
          "failureMessages": [],
          "meta": {}
        },
        {
          "ancestorTitles": ["Migration System", "Migration Validation"],
          "fullName": "Migration System Migration Validation should detect missing required fields",
          "status": "passed",
          "title": "should detect missing required fields",
          "duration": 3.670857000000069,
          "failureMessages": [],
          "meta": {}
        },
        {
          "ancestorTitles": ["Migration System", "Migration Backup"],
          "fullName": "Migration System Migration Backup should create backup successfully for empty database",
          "status": "passed",
          "title": "should create backup successfully for empty database",
          "duration": 3.7173720000000685,
          "failureMessages": [],
          "meta": {}
        },
        {
          "ancestorTitles": ["Migration System", "Migration Backup"],
          "fullName": "Migration System Migration Backup should create backup with save data",
          "status": "passed",
          "title": "should create backup with save data",
          "duration": 4.830571999999847,
          "failureMessages": [],
          "meta": {}
        },
        {
          "ancestorTitles": ["Migration System", "Migration Backup"],
          "fullName": "Migration System Migration Backup should store backup in meta table",
          "status": "passed",
          "title": "should store backup in meta table",
          "duration": 6.003905000000032,
          "failureMessages": [],
          "meta": {}
        },
        {
          "ancestorTitles": ["Migration System", "Migration Backup"],
          "fullName": "Migration System Migration Backup should not backup other backups",
          "status": "passed",
          "title": "should not backup other backups",
          "duration": 4.32722600000011,
          "failureMessages": [],
          "meta": {}
        },
        {
          "ancestorTitles": ["Migration System", "Integration Tests"],
          "fullName": "Migration System Integration Tests should handle complete migration workflow",
          "status": "passed",
          "title": "should handle complete migration workflow",
          "duration": 4.839092999999821,
          "failureMessages": [],
          "meta": {}
        },
        {
          "ancestorTitles": ["Migration System", "Integration Tests"],
          "fullName": "Migration System Integration Tests should maintain data integrity through migration process",
          "status": "passed",
          "title": "should maintain data integrity through migration process",
          "duration": 5.674044999999978,
          "failureMessages": [],
          "meta": {}
        }
      ],
      "startTime": 1759266707392,
      "endTime": 1759266707511.674,
      "status": "passed",
      "message": "",
      "name": "C:/Users/ediaz/Coding_Projects/dragonIdler/tests/db/migrate.spec.ts"
    },
    {
      "assertionResults": [
        {
          "ancestorTitles": ["Schema Validation", "ProfileV1 validation"],
          "fullName": "Schema Validation ProfileV1 validation should validate a complete valid profile",
          "status": "passed",
          "title": "should validate a complete valid profile",
          "duration": 7.0499880000000985,
          "failureMessages": [],
          "meta": {}
        },
        {
          "ancestorTitles": ["Schema Validation", "ProfileV1 validation"],
          "fullName": "Schema Validation ProfileV1 validation should reject profile with missing W3 time accounting fields",
          "status": "passed",
          "title": "should reject profile with missing W3 time accounting fields",
          "duration": 2.011708999999996,
          "failureMessages": [],
          "meta": {}
        },
        {
          "ancestorTitles": ["Schema Validation", "ProfileV1 validation"],
          "fullName": "Schema Validation ProfileV1 validation should reject profile with invalid W3 time accounting",
          "status": "passed",
          "title": "should reject profile with invalid W3 time accounting",
          "duration": 0.5517459999999801,
          "failureMessages": [],
          "meta": {}
        },
        {
          "ancestorTitles": ["Schema Validation", "ProfileV1 validation"],
          "fullName": "Schema Validation ProfileV1 validation should reject profile with invalid name length",
          "status": "passed",
          "title": "should reject profile with invalid name length",
          "duration": 0.6798350000000255,
          "failureMessages": [],
          "meta": {}
        },
        {
          "ancestorTitles": ["Schema Validation", "ProfileV1 validation"],
          "fullName": "Schema Validation ProfileV1 validation should reject profile with negative progress values",
          "status": "passed",
          "title": "should reject profile with negative progress values",
          "duration": 0.5265339999999696,
          "failureMessages": [],
          "meta": {}
        },
        {
          "ancestorTitles": ["Schema Validation", "ProfileV1 validation"],
          "fullName": "Schema Validation ProfileV1 validation should reject profile with non-integer values",
          "status": "passed",
          "title": "should reject profile with non-integer values",
          "duration": 0.4900759999999309,
          "failureMessages": [],
          "meta": {}
        },
        {
          "ancestorTitles": ["Schema Validation", "SaveV1 validation"],
          "fullName": "Schema Validation SaveV1 validation should validate a complete valid save",
          "status": "passed",
          "title": "should validate a complete valid save",
          "duration": 1.101327000000083,
          "failureMessages": [],
          "meta": {}
        },
        {
          "ancestorTitles": ["Schema Validation", "SaveV1 validation"],
          "fullName": "Schema Validation SaveV1 validation should reject save with wrong version",
          "status": "passed",
          "title": "should reject save with wrong version",
          "duration": 0.6146039999999857,
          "failureMessages": [],
          "meta": {}
        },
        {
          "ancestorTitles": ["Schema Validation", "SaveV1 validation"],
          "fullName": "Schema Validation SaveV1 validation should reject save with no profiles",
          "status": "passed",
          "title": "should reject save with no profiles",
          "duration": 0.7277460000000247,
          "failureMessages": [],
          "meta": {}
        },
        {
          "ancestorTitles": ["Schema Validation", "SaveV1 validation"],
          "fullName": "Schema Validation SaveV1 validation should reject save with too many profiles",
          "status": "passed",
          "title": "should reject save with too many profiles",
          "duration": 1.2546979999999621,
          "failureMessages": [],
          "meta": {}
        },
        {
          "ancestorTitles": ["Schema Validation", "SaveV1 validation"],
          "fullName": "Schema Validation SaveV1 validation should reject save with invalid profile",
          "status": "passed",
          "title": "should reject save with invalid profile",
          "duration": 0.7324259999999185,
          "failureMessages": [],
          "meta": {}
        },
        {
          "ancestorTitles": ["Schema Validation", "ExportFileV1 validation"],
          "fullName": "Schema Validation ExportFileV1 validation should validate a complete valid export file",
          "status": "passed",
          "title": "should validate a complete valid export file",
          "duration": 0.7754480000000967,
          "failureMessages": [],
          "meta": {}
        },
        {
          "ancestorTitles": ["Schema Validation", "ExportFileV1 validation"],
          "fullName": "Schema Validation ExportFileV1 validation should reject export with wrong file version",
          "status": "passed",
          "title": "should reject export with wrong file version",
          "duration": 0.4509649999999965,
          "failureMessages": [],
          "meta": {}
        },
        {
          "ancestorTitles": ["Schema Validation", "ExportFileV1 validation"],
          "fullName": "Schema Validation ExportFileV1 validation should reject export with empty checksum",
          "status": "passed",
          "title": "should reject export with empty checksum",
          "duration": 0.4035430000000133,
          "failureMessages": [],
          "meta": {}
        },
        {
          "ancestorTitles": ["Schema Validation", "ExportFileV1 validation"],
          "fullName": "Schema Validation ExportFileV1 validation should reject export with invalid data",
          "status": "passed",
          "title": "should reject export with invalid data",
          "duration": 0.4115749999999707,
          "failureMessages": [],
          "meta": {}
        },
        {
          "ancestorTitles": ["Schema Validation", "Database row validation"],
          "fullName": "Schema Validation Database row validation should validate a complete valid save row",
          "status": "passed",
          "title": "should validate a complete valid save row",
          "duration": 0.8723880000000008,
          "failureMessages": [],
          "meta": {}
        },
        {
          "ancestorTitles": ["Schema Validation", "Database row validation"],
          "fullName": "Schema Validation Database row validation should validate save row with optional id",
          "status": "passed",
          "title": "should validate save row with optional id",
          "duration": 0.3468320000000631,
          "failureMessages": [],
          "meta": {}
        },
        {
          "ancestorTitles": ["Schema Validation", "Database row validation"],
          "fullName": "Schema Validation Database row validation should reject save row with invalid profile id",
          "status": "passed",
          "title": "should reject save row with invalid profile id",
          "duration": 0.5753519999999526,
          "failureMessages": [],
          "meta": {}
        },
        {
          "ancestorTitles": ["Schema Validation", "Database row validation"],
          "fullName": "Schema Validation Database row validation should validate a complete valid meta row",
          "status": "passed",
          "title": "should validate a complete valid meta row",
          "duration": 0.6301079999999502,
          "failureMessages": [],
          "meta": {}
        },
        {
          "ancestorTitles": ["Schema Validation", "Database row validation"],
          "fullName": "Schema Validation Database row validation should reject meta row with empty key",
          "status": "passed",
          "title": "should reject meta row with empty key",
          "duration": 0.5038349999999809,
          "failureMessages": [],
          "meta": {}
        },
        {
          "ancestorTitles": ["Schema Validation", "Database row validation"],
          "fullName": "Schema Validation Database row validation should validate a complete valid log row",
          "status": "passed",
          "title": "should validate a complete valid log row",
          "duration": 0.8501780000000281,
          "failureMessages": [],
          "meta": {}
        },
        {
          "ancestorTitles": ["Schema Validation", "Database row validation"],
          "fullName": "Schema Validation Database row validation should validate log row with optional id",
          "status": "passed",
          "title": "should validate log row with optional id",
          "duration": 0.2781769999999142,
          "failureMessages": [],
          "meta": {}
        },
        {
          "ancestorTitles": ["Schema Validation", "Database row validation"],
          "fullName": "Schema Validation Database row validation should validate log row with optional data",
          "status": "passed",
          "title": "should validate log row with optional data",
          "duration": 0.7895559999999477,
          "failureMessages": [],
          "meta": {}
        },
        {
          "ancestorTitles": ["Schema Validation", "Database row validation"],
          "fullName": "Schema Validation Database row validation should reject log row with invalid level",
          "status": "passed",
          "title": "should reject log row with invalid level",
          "duration": 0.625917999999956,
          "failureMessages": [],
          "meta": {}
        },
        {
          "ancestorTitles": ["Schema Validation", "Database row validation"],
          "fullName": "Schema Validation Database row validation should reject log row with invalid source",
          "status": "passed",
          "title": "should reject log row with invalid source",
          "duration": 0.5289780000000519,
          "failureMessages": [],
          "meta": {}
        },
        {
          "ancestorTitles": ["Schema Validation", "Database row validation"],
          "fullName": "Schema Validation Database row validation should reject log row with empty message",
          "status": "passed",
          "title": "should reject log row with empty message",
          "duration": 0.4608130000000301,
          "failureMessages": [],
          "meta": {}
        }
      ],
      "startTime": 1759266707308,
      "endTime": 1759266707333.529,
      "status": "passed",
      "message": "",
      "name": "C:/Users/ediaz/Coding_Projects/dragonIdler/tests/db/schema.spec.ts"
    },
    {
      "assertionResults": [
        {
          "ancestorTitles": ["Arcana Drop System", "Arcana Drop Manager"],
          "fullName": "Arcana Drop System Arcana Drop Manager should initialize with zero balance",
          "status": "passed",
          "title": "should initialize with zero balance",
          "duration": 4.656458000000043,
          "failureMessages": [],
          "meta": {}
        },
        {
          "ancestorTitles": ["Arcana Drop System", "Arcana Drop Manager"],
          "fullName": "Arcana Drop System Arcana Drop Manager should drop Arcana correctly",
          "status": "passed",
          "title": "should drop Arcana correctly",
          "duration": 3.523772000000008,
          "failureMessages": [],
          "meta": {}
        },
        {
          "ancestorTitles": ["Arcana Drop System", "Arcana Drop Manager"],
          "fullName": "Arcana Drop System Arcana Drop Manager should calculate drop amounts correctly",
          "status": "passed",
          "title": "should calculate drop amounts correctly",
          "duration": 0.7110539999999901,
          "failureMessages": [],
          "meta": {}
        },
        {
          "ancestorTitles": ["Arcana Drop System", "Arcana Drop Manager"],
          "fullName": "Arcana Drop System Arcana Drop Manager should handle distance scaling",
          "status": "passed",
          "title": "should handle distance scaling",
          "duration": 0.3529079999999567,
          "failureMessages": [],
          "meta": {}
        },
        {
          "ancestorTitles": ["Arcana Drop System", "Arcana Drop Manager"],
          "fullName": "Arcana Drop System Arcana Drop Manager should handle ward scaling",
          "status": "passed",
          "title": "should handle ward scaling",
          "duration": 0.4712200000000166,
          "failureMessages": [],
          "meta": {}
        },
        {
          "ancestorTitles": ["Arcana Drop System", "Arcana Drop Manager"],
          "fullName": "Arcana Drop System Arcana Drop Manager should handle combined distance and ward scaling",
          "status": "passed",
          "title": "should handle combined distance and ward scaling",
          "duration": 0.2876060000000962,
          "failureMessages": [],
          "meta": {}
        },
        {
          "ancestorTitles": ["Arcana Drop System", "Arcana Drop Manager"],
          "fullName": "Arcana Drop System Arcana Drop Manager should spend Arcana correctly",
          "status": "passed",
          "title": "should spend Arcana correctly",
          "duration": 1.378667000000064,
          "failureMessages": [],
          "meta": {}
        },
        {
          "ancestorTitles": ["Arcana Drop System", "Arcana Drop Manager"],
          "fullName": "Arcana Drop System Arcana Drop Manager should reset for new journey",
          "status": "passed",
          "title": "should reset for new journey",
          "duration": 1.3521969999999328,
          "failureMessages": [],
          "meta": {}
        },
        {
          "ancestorTitles": ["Arcana Drop System", "Arcana Drop Manager"],
          "fullName": "Arcana Drop System Arcana Drop Manager should track drop history",
          "status": "passed",
          "title": "should track drop history",
          "duration": 1.2722289999999248,
          "failureMessages": [],
          "meta": {}
        },
        {
          "ancestorTitles": ["Arcana Drop System", "Arcana Drop Manager"],
          "fullName": "Arcana Drop System Arcana Drop Manager should get journey statistics",
          "status": "failed",
          "title": "should get journey statistics",
          "duration": 9.262698999999998,
          "failureMessages": [
            "AssertionError: expected 0 to be greater than 0\n    at C:\\Users\\ediaz\\Coding_Projects\\dragonIdler\\tests\\economy\\arcana-drop.test.ts:142:37\n    at file:///C:/Users/ediaz/Coding_Projects/dragonIdler/node_modules/.pnpm/@vitest+runner@3.2.4/node_modules/@vitest/runner/dist/chunk-hooks.js:155:11\n    at file:///C:/Users/ediaz/Coding_Projects/dragonIdler/node_modules/.pnpm/@vitest+runner@3.2.4/node_modules/@vitest/runner/dist/chunk-hooks.js:752:26\n    at file:///C:/Users/ediaz/Coding_Projects/dragonIdler/node_modules/.pnpm/@vitest+runner@3.2.4/node_modules/@vitest/runner/dist/chunk-hooks.js:1897:20\n    at new Promise (<anonymous>)\n    at runWithTimeout (file:///C:/Users/ediaz/Coding_Projects/dragonIdler/node_modules/.pnpm/@vitest+runner@3.2.4/node_modules/@vitest/runner/dist/chunk-hooks.js:1863:10)\n    at runTest (file:///C:/Users/ediaz/Coding_Projects/dragonIdler/node_modules/.pnpm/@vitest+runner@3.2.4/node_modules/@vitest/runner/dist/chunk-hooks.js:1574:12)\n    at processTicksAndRejections (node:internal/process/task_queues:105:5)\n    at runSuite (file:///C:/Users/ediaz/Coding_Projects/dragonIdler/node_modules/.pnpm/@vitest+runner@3.2.4/node_modules/@vitest/runner/dist/chunk-hooks.js:1729:8)\n    at runSuite (file:///C:/Users/ediaz/Coding_Projects/dragonIdler/node_modules/.pnpm/@vitest+runner@3.2.4/node_modules/@vitest/runner/dist/chunk-hooks.js:1729:8)"
          ],
          "meta": {}
        },
        {
          "ancestorTitles": ["Arcana Drop System", "Arcana Drop Manager"],
          "fullName": "Arcana Drop System Arcana Drop Manager should filter drops by source type",
          "status": "passed",
          "title": "should filter drops by source type",
          "duration": 1.226762000000008,
          "failureMessages": [],
          "meta": {}
        },
        {
          "ancestorTitles": ["Arcana Drop System", "Arcana Drop Manager"],
          "fullName": "Arcana Drop System Arcana Drop Manager should calculate total drops by source type",
          "status": "passed",
          "title": "should calculate total drops by source type",
          "duration": 0.6377209999999423,
          "failureMessages": [],
          "meta": {}
        },
        {
          "ancestorTitles": ["Arcana Drop System", "Arcana Scaling System"],
          "fullName": "Arcana Drop System Arcana Scaling System should calculate distance scaling factor",
          "status": "passed",
          "title": "should calculate distance scaling factor",
          "duration": 0.29710499999998774,
          "failureMessages": [],
          "meta": {}
        },
        {
          "ancestorTitles": ["Arcana Drop System", "Arcana Scaling System"],
          "fullName": "Arcana Drop System Arcana Scaling System should calculate ward scaling factor",
          "status": "passed",
          "title": "should calculate ward scaling factor",
          "duration": 0.32790399999998954,
          "failureMessages": [],
          "meta": {}
        },
        {
          "ancestorTitles": ["Arcana Drop System", "Arcana Scaling System"],
          "fullName": "Arcana Drop System Arcana Scaling System should calculate total scaling factor",
          "status": "passed",
          "title": "should calculate total scaling factor",
          "duration": 0.19820899999990615,
          "failureMessages": [],
          "meta": {}
        },
        {
          "ancestorTitles": ["Arcana Drop System", "Arcana Scaling System"],
          "fullName": "Arcana Drop System Arcana Scaling System should calculate drop amounts for different enemy types",
          "status": "passed",
          "title": "should calculate drop amounts for different enemy types",
          "duration": 0.2531739999999445,
          "failureMessages": [],
          "meta": {}
        },
        {
          "ancestorTitles": ["Arcana Drop System", "Arcana Scaling System"],
          "fullName": "Arcana Drop System Arcana Scaling System should apply scaling correctly",
          "status": "passed",
          "title": "should apply scaling correctly",
          "duration": 0.24220900000000256,
          "failureMessages": [],
          "meta": {}
        },
        {
          "ancestorTitles": ["Arcana Drop System", "Performance Tests"],
          "fullName": "Arcana Drop System Performance Tests should handle many drops efficiently",
          "status": "passed",
          "title": "should handle many drops efficiently",
          "duration": 55.873373000000015,
          "failureMessages": [],
          "meta": {}
        },
        {
          "ancestorTitles": ["Arcana Drop System", "Performance Tests"],
          "fullName": "Arcana Drop System Performance Tests should handle scaling calculations efficiently",
          "status": "passed",
          "title": "should handle scaling calculations efficiently",
          "duration": 4.308229000000097,
          "failureMessages": [],
          "meta": {}
        },
        {
          "ancestorTitles": ["Arcana Drop System", "Edge Cases"],
          "fullName": "Arcana Drop System Edge Cases should handle zero amounts gracefully",
          "status": "passed",
          "title": "should handle zero amounts gracefully",
          "duration": 0.5374289999999746,
          "failureMessages": [],
          "meta": {}
        },
        {
          "ancestorTitles": ["Arcana Drop System", "Edge Cases"],
          "fullName": "Arcana Drop System Edge Cases should handle negative amounts gracefully",
          "status": "passed",
          "title": "should handle negative amounts gracefully",
          "duration": 0.3339809999999943,
          "failureMessages": [],
          "meta": {}
        },
        {
          "ancestorTitles": ["Arcana Drop System", "Edge Cases"],
          "fullName": "Arcana Drop System Edge Cases should handle spending more than available",
          "status": "passed",
          "title": "should handle spending more than available",
          "duration": 0.7665080000000444,
          "failureMessages": [],
          "meta": {}
        },
        {
          "ancestorTitles": ["Arcana Drop System", "Edge Cases"],
          "fullName": "Arcana Drop System Edge Cases should handle spending zero amount",
          "status": "passed",
          "title": "should handle spending zero amount",
          "duration": 0.4670289999999113,
          "failureMessages": [],
          "meta": {}
        }
      ],
      "startTime": 1759266707193,
      "endTime": 1759266707283.467,
      "status": "failed",
      "message": "",
      "name": "C:/Users/ediaz/Coding_Projects/dragonIdler/tests/economy/arcana-drop.test.ts"
    },
    {
      "assertionResults": [
        {
          "ancestorTitles": ["Enchant System", "Enchant Cost Calculator"],
          "fullName": "Enchant System Enchant Cost Calculator should calculate correct costs for geometric progression",
          "status": "passed",
          "title": "should calculate correct costs for geometric progression",
          "duration": 3.3771050000000287,
          "failureMessages": [],
          "meta": {}
        },
        {
          "ancestorTitles": ["Enchant System", "Enchant Cost Calculator"],
          "fullName": "Enchant System Enchant Cost Calculator should calculate total cost for level ranges",
          "status": "passed",
          "title": "should calculate total cost for level ranges",
          "duration": 0.45892700000001696,
          "failureMessages": [],
          "meta": {}
        },
        {
          "ancestorTitles": ["Enchant System", "Enchant Cost Calculator"],
          "fullName": "Enchant System Enchant Cost Calculator should handle Soul Forging cost calculations",
          "status": "passed",
          "title": "should handle Soul Forging cost calculations",
          "duration": 0.46982200000002194,
          "failureMessages": [],
          "meta": {}
        },
        {
          "ancestorTitles": ["Enchant System", "Enchant Cost Calculator"],
          "fullName": "Enchant System Enchant Cost Calculator should validate affordable purchases",
          "status": "passed",
          "title": "should validate affordable purchases",
          "duration": 0.3159620000000132,
          "failureMessages": [],
          "meta": {}
        },
        {
          "ancestorTitles": ["Enchant System", "Enchant Cost Calculator"],
          "fullName": "Enchant System Enchant Cost Calculator should calculate max affordable level",
          "status": "passed",
          "title": "should calculate max affordable level",
          "duration": 0.7039999999999509,
          "failureMessages": [],
          "meta": {}
        },
        {
          "ancestorTitles": ["Enchant System", "Soul Forging System"],
          "fullName": "Enchant System Soul Forging System should initialize with zero levels",
          "status": "passed",
          "title": "should initialize with zero levels",
          "duration": 0.4424450000000206,
          "failureMessages": [],
          "meta": {}
        },
        {
          "ancestorTitles": ["Enchant System", "Soul Forging System"],
          "fullName": "Enchant System Soul Forging System should calculate effective cap correctly",
          "status": "passed",
          "title": "should calculate effective cap correctly",
          "duration": 0.21099000000003798,
          "failureMessages": [],
          "meta": {}
        },
        {
          "ancestorTitles": ["Enchant System", "Soul Forging System"],
          "fullName": "Enchant System Soul Forging System should handle temporary Soul Forging purchases",
          "status": "passed",
          "title": "should handle temporary Soul Forging purchases",
          "duration": 0.8383049999999912,
          "failureMessages": [],
          "meta": {}
        },
        {
          "ancestorTitles": ["Enchant System", "Soul Forging System"],
          "fullName": "Enchant System Soul Forging System should handle permanent Soul Forging purchases",
          "status": "passed",
          "title": "should handle permanent Soul Forging purchases",
          "duration": 0.6193530000000464,
          "failureMessages": [],
          "meta": {}
        },
        {
          "ancestorTitles": ["Enchant System", "Soul Forging System"],
          "fullName": "Enchant System Soul Forging System should reset temporary Soul Forging",
          "status": "passed",
          "title": "should reset temporary Soul Forging",
          "duration": 0.310444000000075,
          "failureMessages": [],
          "meta": {}
        },
        {
          "ancestorTitles": ["Enchant System", "Soul Forging System"],
          "fullName": "Enchant System Soul Forging System should track transaction history",
          "status": "passed",
          "title": "should track transaction history",
          "duration": 0.30080599999996593,
          "failureMessages": [],
          "meta": {}
        },
        {
          "ancestorTitles": ["Enchant System", "Soul Forging System"],
          "fullName": "Enchant System Soul Forging System should provide Soul Forging statistics",
          "status": "passed",
          "title": "should provide Soul Forging statistics",
          "duration": 0.38091499999995904,
          "failureMessages": [],
          "meta": {}
        },
        {
          "ancestorTitles": ["Enchant System", "Enchant Manager"],
          "fullName": "Enchant System Enchant Manager should initialize with zero levels",
          "status": "passed",
          "title": "should initialize with zero levels",
          "duration": 0.27398700000003373,
          "failureMessages": [],
          "meta": {}
        },
        {
          "ancestorTitles": ["Enchant System", "Enchant Manager"],
          "fullName": "Enchant System Enchant Manager should have correct initial cap",
          "status": "passed",
          "title": "should have correct initial cap",
          "duration": 0.326507000000106,
          "failureMessages": [],
          "meta": {}
        },
        {
          "ancestorTitles": ["Enchant System", "Enchant Manager"],
          "fullName": "Enchant System Enchant Manager should calculate enchant costs correctly",
          "status": "passed",
          "title": "should calculate enchant costs correctly",
          "duration": 0.33167600000001585,
          "failureMessages": [],
          "meta": {}
        },
        {
          "ancestorTitles": ["Enchant System", "Enchant Manager"],
          "fullName": "Enchant System Enchant Manager should enforce location restrictions for Arcana spending",
          "status": "passed",
          "title": "should enforce location restrictions for Arcana spending",
          "duration": 0.24786700000004203,
          "failureMessages": [],
          "meta": {}
        },
        {
          "ancestorTitles": ["Enchant System", "Enchant Manager"],
          "fullName": "Enchant System Enchant Manager should enforce location restrictions for Soul Power spending",
          "status": "passed",
          "title": "should enforce location restrictions for Soul Power spending",
          "duration": 0.18116799999995692,
          "failureMessages": [],
          "meta": {}
        },
        {
          "ancestorTitles": ["Enchant System", "Enchant Manager"],
          "fullName": "Enchant System Enchant Manager should handle successful enchant purchases",
          "status": "passed",
          "title": "should handle successful enchant purchases",
          "duration": 0.4054989999999634,
          "failureMessages": [],
          "meta": {}
        },
        {
          "ancestorTitles": ["Enchant System", "Enchant Manager"],
          "fullName": "Enchant System Enchant Manager should handle failed enchant purchases due to location",
          "status": "passed",
          "title": "should handle failed enchant purchases due to location",
          "duration": 0.6060830000000124,
          "failureMessages": [],
          "meta": {}
        },
        {
          "ancestorTitles": ["Enchant System", "Enchant Manager"],
          "fullName": "Enchant System Enchant Manager should handle failed enchant purchases due to insufficient currency",
          "status": "passed",
          "title": "should handle failed enchant purchases due to insufficient currency",
          "duration": 0.48777099999995244,
          "failureMessages": [],
          "meta": {}
        },
        {
          "ancestorTitles": ["Enchant System", "Enchant Manager"],
          "fullName": "Enchant System Enchant Manager should reset temporary enchants",
          "status": "passed",
          "title": "should reset temporary enchants",
          "duration": 0.2776890000000094,
          "failureMessages": [],
          "meta": {}
        },
        {
          "ancestorTitles": ["Enchant System", "Enchant Manager"],
          "fullName": "Enchant System Enchant Manager should track transaction history",
          "status": "passed",
          "title": "should track transaction history",
          "duration": 0.2881649999999354,
          "failureMessages": [],
          "meta": {}
        },
        {
          "ancestorTitles": ["Enchant System", "Enchant Manager"],
          "fullName": "Enchant System Enchant Manager should provide analytics",
          "status": "passed",
          "title": "should provide analytics",
          "duration": 0.5194799999999304,
          "failureMessages": [],
          "meta": {}
        },
        {
          "ancestorTitles": ["Enchant System", "Integration Tests"],
          "fullName": "Enchant System Integration Tests should integrate Soul Forging with enchant caps",
          "status": "passed",
          "title": "should integrate Soul Forging with enchant caps",
          "duration": 0.3032510000000457,
          "failureMessages": [],
          "meta": {}
        },
        {
          "ancestorTitles": ["Enchant System", "Integration Tests"],
          "fullName": "Enchant System Integration Tests should handle complex enchant scenarios",
          "status": "passed",
          "title": "should handle complex enchant scenarios",
          "duration": 0.43860300000005736,
          "failureMessages": [],
          "meta": {}
        },
        {
          "ancestorTitles": ["Enchant System", "Integration Tests"],
          "fullName": "Enchant System Integration Tests should handle location switching",
          "status": "passed",
          "title": "should handle location switching",
          "duration": 0.4049400000000105,
          "failureMessages": [],
          "meta": {}
        },
        {
          "ancestorTitles": ["Enchant System", "Performance Tests"],
          "fullName": "Enchant System Performance Tests should meet performance targets for cost calculations",
          "status": "passed",
          "title": "should meet performance targets for cost calculations",
          "duration": 0.5696250000000873,
          "failureMessages": [],
          "meta": {}
        },
        {
          "ancestorTitles": ["Enchant System", "Performance Tests"],
          "fullName": "Enchant System Performance Tests should meet performance targets for enchant operations",
          "status": "passed",
          "title": "should meet performance targets for enchant operations",
          "duration": 0.6643299999999499,
          "failureMessages": [],
          "meta": {}
        },
        {
          "ancestorTitles": ["Enchant System", "Edge Cases"],
          "fullName": "Enchant System Edge Cases should handle zero amount purchases",
          "status": "passed",
          "title": "should handle zero amount purchases",
          "duration": 0.23424799999997958,
          "failureMessages": [],
          "meta": {}
        },
        {
          "ancestorTitles": ["Enchant System", "Edge Cases"],
          "fullName": "Enchant System Edge Cases should handle negative amount purchases",
          "status": "passed",
          "title": "should handle negative amount purchases",
          "duration": 0.21385400000008303,
          "failureMessages": [],
          "meta": {}
        },
        {
          "ancestorTitles": ["Enchant System", "Edge Cases"],
          "fullName": "Enchant System Edge Cases should handle invalid enchant types gracefully",
          "status": "passed",
          "title": "should handle invalid enchant types gracefully",
          "duration": 1.3914479999999685,
          "failureMessages": [],
          "meta": {}
        },
        {
          "ancestorTitles": ["Enchant System", "Edge Cases"],
          "fullName": "Enchant System Edge Cases should handle Soul Forging with insufficient currency",
          "status": "passed",
          "title": "should handle Soul Forging with insufficient currency",
          "duration": 0.33314299999995,
          "failureMessages": [],
          "meta": {}
        }
      ],
      "startTime": 1759266707277,
      "endTime": 1759266707295.3914,
      "status": "passed",
      "message": "",
      "name": "C:/Users/ediaz/Coding_Projects/dragonIdler/tests/economy/enchant-system.test.ts"
    },
    {
      "assertionResults": [
        {
          "ancestorTitles": ["Enhanced Soul Forging System", "Enhanced Soul Forging Manager"],
          "fullName": "Enhanced Soul Forging System Enhanced Soul Forging Manager should initialize with zero levels",
          "status": "passed",
          "title": "should initialize with zero levels",
          "duration": 3.965238999999997,
          "failureMessages": [],
          "meta": {}
        },
        {
          "ancestorTitles": ["Enhanced Soul Forging System", "Enhanced Soul Forging Manager"],
          "fullName": "Enhanced Soul Forging System Enhanced Soul Forging Manager should handle temporary Soul Forging purchases",
          "status": "passed",
          "title": "should handle temporary Soul Forging purchases",
          "duration": 1.1704699999999093,
          "failureMessages": [],
          "meta": {}
        },
        {
          "ancestorTitles": ["Enhanced Soul Forging System", "Enhanced Soul Forging Manager"],
          "fullName": "Enhanced Soul Forging System Enhanced Soul Forging Manager should handle permanent Soul Forging purchases",
          "status": "passed",
          "title": "should handle permanent Soul Forging purchases",
          "duration": 0.512356000000068,
          "failureMessages": [],
          "meta": {}
        },
        {
          "ancestorTitles": ["Enhanced Soul Forging System", "Enhanced Soul Forging Manager"],
          "fullName": "Enhanced Soul Forging System Enhanced Soul Forging Manager should track milestones and achievements",
          "status": "passed",
          "title": "should track milestones and achievements",
          "duration": 0.41876800000000003,
          "failureMessages": [],
          "meta": {}
        },
        {
          "ancestorTitles": ["Enhanced Soul Forging System", "Enhanced Soul Forging Manager"],
          "fullName": "Enhanced Soul Forging System Enhanced Soul Forging Manager should provide analytics",
          "status": "passed",
          "title": "should provide analytics",
          "duration": 0.6226350000000593,
          "failureMessages": [],
          "meta": {}
        },
        {
          "ancestorTitles": ["Enhanced Soul Forging System", "Enhanced Soul Forging Manager"],
          "fullName": "Enhanced Soul Forging System Enhanced Soul Forging Manager should calculate optimal Soul Forging",
          "status": "passed",
          "title": "should calculate optimal Soul Forging",
          "duration": 0.6188640000000305,
          "failureMessages": [],
          "meta": {}
        },
        {
          "ancestorTitles": ["Enhanced Soul Forging System", "Enhanced Soul Forging Manager"],
          "fullName": "Enhanced Soul Forging System Enhanced Soul Forging Manager should validate Soul Forging progression",
          "status": "passed",
          "title": "should validate Soul Forging progression",
          "duration": 1.2712510000000066,
          "failureMessages": [],
          "meta": {}
        },
        {
          "ancestorTitles": ["Enhanced Soul Forging System", "Enhanced Soul Forging Manager"],
          "fullName": "Enhanced Soul Forging System Enhanced Soul Forging Manager should save and load state",
          "status": "passed",
          "title": "should save and load state",
          "duration": 0.5813590000000204,
          "failureMessages": [],
          "meta": {}
        },
        {
          "ancestorTitles": ["Enhanced Soul Forging System", "Enhanced Soul Forging Manager"],
          "fullName": "Enhanced Soul Forging System Enhanced Soul Forging Manager should reset temporary Soul Forging",
          "status": "passed",
          "title": "should reset temporary Soul Forging",
          "duration": 0.6882859999999482,
          "failureMessages": [],
          "meta": {}
        },
        {
          "ancestorTitles": ["Enhanced Soul Forging System", "Soul Forging Cost Optimizer"],
          "fullName": "Enhanced Soul Forging System Soul Forging Cost Optimizer should calculate optimal purchase",
          "status": "passed",
          "title": "should calculate optimal purchase",
          "duration": 1.7553209999999808,
          "failureMessages": [],
          "meta": {}
        },
        {
          "ancestorTitles": ["Enhanced Soul Forging System", "Soul Forging Cost Optimizer"],
          "fullName": "Enhanced Soul Forging System Soul Forging Cost Optimizer should calculate bulk purchase",
          "status": "passed",
          "title": "should calculate bulk purchase",
          "duration": 0.47827300000005835,
          "failureMessages": [],
          "meta": {}
        },
        {
          "ancestorTitles": ["Enhanced Soul Forging System", "Soul Forging Cost Optimizer"],
          "fullName": "Enhanced Soul Forging System Soul Forging Cost Optimizer should calculate cost progression",
          "status": "passed",
          "title": "should calculate cost progression",
          "duration": 0.4386029999999437,
          "failureMessages": [],
          "meta": {}
        },
        {
          "ancestorTitles": ["Enhanced Soul Forging System", "Soul Forging Cost Optimizer"],
          "fullName": "Enhanced Soul Forging System Soul Forging Cost Optimizer should get cost efficiency",
          "status": "passed",
          "title": "should get cost efficiency",
          "duration": 0.2020509999999831,
          "failureMessages": [],
          "meta": {}
        },
        {
          "ancestorTitles": ["Enhanced Soul Forging System", "Soul Forging Persistence"],
          "fullName": "Enhanced Soul Forging System Soul Forging Persistence should save and load state",
          "status": "passed",
          "title": "should save and load state",
          "duration": 0.9083559999999125,
          "failureMessages": [],
          "meta": {}
        },
        {
          "ancestorTitles": ["Enhanced Soul Forging System", "Soul Forging Persistence"],
          "fullName": "Enhanced Soul Forging System Soul Forging Persistence should validate state",
          "status": "passed",
          "title": "should validate state",
          "duration": 0.31561200000010103,
          "failureMessages": [],
          "meta": {}
        },
        {
          "ancestorTitles": ["Enhanced Soul Forging System", "Soul Forging Persistence"],
          "fullName": "Enhanced Soul Forging System Soul Forging Persistence should repair invalid state",
          "status": "passed",
          "title": "should repair invalid state",
          "duration": 0.34312999999997373,
          "failureMessages": [],
          "meta": {}
        },
        {
          "ancestorTitles": ["Enhanced Soul Forging System", "Soul Forging Persistence"],
          "fullName": "Enhanced Soul Forging System Soul Forging Persistence should list saved states",
          "status": "passed",
          "title": "should list saved states",
          "duration": 0.5629910000000109,
          "failureMessages": [],
          "meta": {}
        },
        {
          "ancestorTitles": ["Enhanced Soul Forging System", "Soul Forging Persistence"],
          "fullName": "Enhanced Soul Forging System Soul Forging Persistence should delete saved state",
          "status": "passed",
          "title": "should delete saved state",
          "duration": 0.37372099999993225,
          "failureMessages": [],
          "meta": {}
        },
        {
          "ancestorTitles": ["Enhanced Soul Forging System", "Soul Forging Analytics"],
          "fullName": "Enhanced Soul Forging System Soul Forging Analytics should analyze Soul Forging state",
          "status": "passed",
          "title": "should analyze Soul Forging state",
          "duration": 1.4756770000001325,
          "failureMessages": [],
          "meta": {}
        },
        {
          "ancestorTitles": ["Enhanced Soul Forging System", "Soul Forging Analytics"],
          "fullName": "Enhanced Soul Forging System Soul Forging Analytics should generate analytics report",
          "status": "passed",
          "title": "should generate analytics report",
          "duration": 0.7811750000000757,
          "failureMessages": [],
          "meta": {}
        },
        {
          "ancestorTitles": ["Enhanced Soul Forging System", "Soul Forging Analytics"],
          "fullName": "Enhanced Soul Forging System Soul Forging Analytics should get progression analytics",
          "status": "passed",
          "title": "should get progression analytics",
          "duration": 0.3297210000000632,
          "failureMessages": [],
          "meta": {}
        },
        {
          "ancestorTitles": ["Enhanced Soul Forging System", "Soul Forging Analytics"],
          "fullName": "Enhanced Soul Forging System Soul Forging Analytics should get cost analytics",
          "status": "passed",
          "title": "should get cost analytics",
          "duration": 0.28104099999995924,
          "failureMessages": [],
          "meta": {}
        },
        {
          "ancestorTitles": ["Enhanced Soul Forging System", "Soul Forging Analytics"],
          "fullName": "Enhanced Soul Forging System Soul Forging Analytics should get performance analytics",
          "status": "passed",
          "title": "should get performance analytics",
          "duration": 0.27252100000009705,
          "failureMessages": [],
          "meta": {}
        },
        {
          "ancestorTitles": ["Enhanced Soul Forging System", "Soul Forging Analytics"],
          "fullName": "Enhanced Soul Forging System Soul Forging Analytics should get trend analytics",
          "status": "passed",
          "title": "should get trend analytics",
          "duration": 0.49154300000009243,
          "failureMessages": [],
          "meta": {}
        },
        {
          "ancestorTitles": ["Enhanced Soul Forging System", "Soul Forging Analytics"],
          "fullName": "Enhanced Soul Forging System Soul Forging Analytics should get recommendations",
          "status": "passed",
          "title": "should get recommendations",
          "duration": 0.3094659999999294,
          "failureMessages": [],
          "meta": {}
        },
        {
          "ancestorTitles": ["Enhanced Soul Forging System", "Integration Tests"],
          "fullName": "Enhanced Soul Forging System Integration Tests should integrate all Soul Forging components",
          "status": "passed",
          "title": "should integrate all Soul Forging components",
          "duration": 0.4683559999998579,
          "failureMessages": [],
          "meta": {}
        },
        {
          "ancestorTitles": ["Enhanced Soul Forging System", "Integration Tests"],
          "fullName": "Enhanced Soul Forging System Integration Tests should handle complex Soul Forging scenarios",
          "status": "passed",
          "title": "should handle complex Soul Forging scenarios",
          "duration": 0.5006220000000212,
          "failureMessages": [],
          "meta": {}
        },
        {
          "ancestorTitles": ["Enhanced Soul Forging System", "Integration Tests"],
          "fullName": "Enhanced Soul Forging System Integration Tests should handle state persistence across sessions",
          "status": "passed",
          "title": "should handle state persistence across sessions",
          "duration": 0.43385399999988294,
          "failureMessages": [],
          "meta": {}
        },
        {
          "ancestorTitles": ["Enhanced Soul Forging System", "Performance Tests"],
          "fullName": "Enhanced Soul Forging System Performance Tests should meet performance targets for Soul Forging operations",
          "status": "passed",
          "title": "should meet performance targets for Soul Forging operations",
          "duration": 2.280387000000019,
          "failureMessages": [],
          "meta": {}
        },
        {
          "ancestorTitles": ["Enhanced Soul Forging System", "Performance Tests"],
          "fullName": "Enhanced Soul Forging System Performance Tests should meet performance targets for cost calculations",
          "status": "passed",
          "title": "should meet performance targets for cost calculations",
          "duration": 9.535219999999981,
          "failureMessages": [],
          "meta": {}
        },
        {
          "ancestorTitles": ["Enhanced Soul Forging System", "Edge Cases"],
          "fullName": "Enhanced Soul Forging System Edge Cases should handle zero amount purchases",
          "status": "passed",
          "title": "should handle zero amount purchases",
          "duration": 0.4584379999998873,
          "failureMessages": [],
          "meta": {}
        },
        {
          "ancestorTitles": ["Enhanced Soul Forging System", "Edge Cases"],
          "fullName": "Enhanced Soul Forging System Edge Cases should handle negative amount purchases",
          "status": "passed",
          "title": "should handle negative amount purchases",
          "duration": 0.2672820000000229,
          "failureMessages": [],
          "meta": {}
        },
        {
          "ancestorTitles": ["Enhanced Soul Forging System", "Edge Cases"],
          "fullName": "Enhanced Soul Forging System Edge Cases should handle insufficient currency",
          "status": "passed",
          "title": "should handle insufficient currency",
          "duration": 0.3165209999999661,
          "failureMessages": [],
          "meta": {}
        },
        {
          "ancestorTitles": ["Enhanced Soul Forging System", "Edge Cases"],
          "fullName": "Enhanced Soul Forging System Edge Cases should handle invalid state loading",
          "status": "passed",
          "title": "should handle invalid state loading",
          "duration": 1.3705650000001697,
          "failureMessages": [],
          "meta": {}
        },
        {
          "ancestorTitles": ["Enhanced Soul Forging System", "Edge Cases"],
          "fullName": "Enhanced Soul Forging System Edge Cases should handle empty analytics",
          "status": "passed",
          "title": "should handle empty analytics",
          "duration": 0.48022900000000845,
          "failureMessages": [],
          "meta": {}
        }
      ],
      "startTime": 1759266707373,
      "endTime": 1759266707410.4802,
      "status": "passed",
      "message": "",
      "name": "C:/Users/ediaz/Coding_Projects/dragonIdler/tests/economy/soul-forging.test.ts"
    },
    {
      "assertionResults": [
        {
          "ancestorTitles": ["Soul Power Drop System", "Soul Power Drop Manager"],
          "fullName": "Soul Power Drop System Soul Power Drop Manager should initialize with zero balance",
          "status": "passed",
          "title": "should initialize with zero balance",
          "duration": 4.121753000000012,
          "failureMessages": [],
          "meta": {}
        },
        {
          "ancestorTitles": ["Soul Power Drop System", "Soul Power Drop Manager"],
          "fullName": "Soul Power Drop System Soul Power Drop Manager should drop Soul Power correctly",
          "status": "passed",
          "title": "should drop Soul Power correctly",
          "duration": 4.042344000000071,
          "failureMessages": [],
          "meta": {}
        },
        {
          "ancestorTitles": ["Soul Power Drop System", "Soul Power Drop Manager"],
          "fullName": "Soul Power Drop System Soul Power Drop Manager should calculate drop chances and amounts correctly",
          "status": "passed",
          "title": "should calculate drop chances and amounts correctly",
          "duration": 0.93300899999997,
          "failureMessages": [],
          "meta": {}
        },
        {
          "ancestorTitles": ["Soul Power Drop System", "Soul Power Drop Manager"],
          "fullName": "Soul Power Drop System Soul Power Drop Manager should handle distance scaling (slower than Arcana)",
          "status": "passed",
          "title": "should handle distance scaling (slower than Arcana)",
          "duration": 0.42763800000000174,
          "failureMessages": [],
          "meta": {}
        },
        {
          "ancestorTitles": ["Soul Power Drop System", "Soul Power Drop Manager"],
          "fullName": "Soul Power Drop System Soul Power Drop Manager should handle ward scaling (slower than Arcana)",
          "status": "passed",
          "title": "should handle ward scaling (slower than Arcana)",
          "duration": 0.5847109999999702,
          "failureMessages": [],
          "meta": {}
        },
        {
          "ancestorTitles": ["Soul Power Drop System", "Soul Power Drop Manager"],
          "fullName": "Soul Power Drop System Soul Power Drop Manager should handle combined distance and ward scaling",
          "status": "passed",
          "title": "should handle combined distance and ward scaling",
          "duration": 0.41590499999995245,
          "failureMessages": [],
          "meta": {}
        },
        {
          "ancestorTitles": ["Soul Power Drop System", "Soul Power Drop Manager"],
          "fullName": "Soul Power Drop System Soul Power Drop Manager should spend Soul Power correctly",
          "status": "passed",
          "title": "should spend Soul Power correctly",
          "duration": 1.458077000000003,
          "failureMessages": [],
          "meta": {}
        },
        {
          "ancestorTitles": ["Soul Power Drop System", "Soul Power Drop Manager"],
          "fullName": "Soul Power Drop System Soul Power Drop Manager should track drop history",
          "status": "passed",
          "title": "should track drop history",
          "duration": 0.9230219999999463,
          "failureMessages": [],
          "meta": {}
        },
        {
          "ancestorTitles": ["Soul Power Drop System", "Soul Power Drop Manager"],
          "fullName": "Soul Power Drop System Soul Power Drop Manager should get lifetime statistics",
          "status": "failed",
          "title": "should get lifetime statistics",
          "duration": 9.260884000000033,
          "failureMessages": [
            "AssertionError: expected 0 to be greater than 0\n    at C:\\Users\\ediaz\\Coding_Projects\\dragonIdler\\tests\\economy\\soul-power-drop.test.ts:152:32\n    at file:///C:/Users/ediaz/Coding_Projects/dragonIdler/node_modules/.pnpm/@vitest+runner@3.2.4/node_modules/@vitest/runner/dist/chunk-hooks.js:155:11\n    at file:///C:/Users/ediaz/Coding_Projects/dragonIdler/node_modules/.pnpm/@vitest+runner@3.2.4/node_modules/@vitest/runner/dist/chunk-hooks.js:752:26\n    at file:///C:/Users/ediaz/Coding_Projects/dragonIdler/node_modules/.pnpm/@vitest+runner@3.2.4/node_modules/@vitest/runner/dist/chunk-hooks.js:1897:20\n    at new Promise (<anonymous>)\n    at runWithTimeout (file:///C:/Users/ediaz/Coding_Projects/dragonIdler/node_modules/.pnpm/@vitest+runner@3.2.4/node_modules/@vitest/runner/dist/chunk-hooks.js:1863:10)\n    at runTest (file:///C:/Users/ediaz/Coding_Projects/dragonIdler/node_modules/.pnpm/@vitest+runner@3.2.4/node_modules/@vitest/runner/dist/chunk-hooks.js:1574:12)\n    at processTicksAndRejections (node:internal/process/task_queues:105:5)\n    at runSuite (file:///C:/Users/ediaz/Coding_Projects/dragonIdler/node_modules/.pnpm/@vitest+runner@3.2.4/node_modules/@vitest/runner/dist/chunk-hooks.js:1729:8)\n    at runSuite (file:///C:/Users/ediaz/Coding_Projects/dragonIdler/node_modules/.pnpm/@vitest+runner@3.2.4/node_modules/@vitest/runner/dist/chunk-hooks.js:1729:8)"
          ],
          "meta": {}
        },
        {
          "ancestorTitles": ["Soul Power Drop System", "Soul Power Drop Manager"],
          "fullName": "Soul Power Drop System Soul Power Drop Manager should filter drops by source type",
          "status": "passed",
          "title": "should filter drops by source type",
          "duration": 1.6905080000000225,
          "failureMessages": [],
          "meta": {}
        },
        {
          "ancestorTitles": ["Soul Power Drop System", "Soul Power Drop Manager"],
          "fullName": "Soul Power Drop System Soul Power Drop Manager should calculate total drops by source type",
          "status": "passed",
          "title": "should calculate total drops by source type",
          "duration": 0.725371999999993,
          "failureMessages": [],
          "meta": {}
        },
        {
          "ancestorTitles": ["Soul Power Drop System", "Soul Power Drop Manager"],
          "fullName": "Soul Power Drop System Soul Power Drop Manager should get drop rate statistics",
          "status": "passed",
          "title": "should get drop rate statistics",
          "duration": 1.039447999999993,
          "failureMessages": [],
          "meta": {}
        },
        {
          "ancestorTitles": ["Soul Power Drop System", "Soul Power Drop Manager"],
          "fullName": "Soul Power Drop System Soul Power Drop Manager should get scaling statistics",
          "status": "passed",
          "title": "should get scaling statistics",
          "duration": 0.7337519999999813,
          "failureMessages": [],
          "meta": {}
        },
        {
          "ancestorTitles": ["Soul Power Drop System", "Soul Power Scaling System"],
          "fullName": "Soul Power Drop System Soul Power Scaling System should calculate distance scaling factor (slower than Arcana)",
          "status": "passed",
          "title": "should calculate distance scaling factor (slower than Arcana)",
          "duration": 0.3610800000000154,
          "failureMessages": [],
          "meta": {}
        },
        {
          "ancestorTitles": ["Soul Power Drop System", "Soul Power Scaling System"],
          "fullName": "Soul Power Drop System Soul Power Scaling System should calculate ward scaling factor (slower than Arcana)",
          "status": "passed",
          "title": "should calculate ward scaling factor (slower than Arcana)",
          "duration": 0.26972700000010263,
          "failureMessages": [],
          "meta": {}
        },
        {
          "ancestorTitles": ["Soul Power Drop System", "Soul Power Scaling System"],
          "fullName": "Soul Power Drop System Soul Power Scaling System should calculate total scaling factor",
          "status": "passed",
          "title": "should calculate total scaling factor",
          "duration": 0.281880000000001,
          "failureMessages": [],
          "meta": {}
        },
        {
          "ancestorTitles": ["Soul Power Drop System", "Soul Power Scaling System"],
          "fullName": "Soul Power Drop System Soul Power Scaling System should calculate drop amounts for different enemy types",
          "status": "passed",
          "title": "should calculate drop amounts for different enemy types",
          "duration": 0.30995599999994283,
          "failureMessages": [],
          "meta": {}
        },
        {
          "ancestorTitles": ["Soul Power Drop System", "Soul Power Scaling System"],
          "fullName": "Soul Power Drop System Soul Power Scaling System should apply scaling correctly",
          "status": "passed",
          "title": "should apply scaling correctly",
          "duration": 0.2975940000000037,
          "failureMessages": [],
          "meta": {}
        },
        {
          "ancestorTitles": ["Soul Power Drop System", "Soul Power Scaling System"],
          "fullName": "Soul Power Drop System Soul Power Scaling System should respect min/max drop amounts",
          "status": "passed",
          "title": "should respect min/max drop amounts",
          "duration": 0.1797709999999597,
          "failureMessages": [],
          "meta": {}
        },
        {
          "ancestorTitles": ["Soul Power Drop System", "Performance Tests"],
          "fullName": "Soul Power Drop System Performance Tests should handle many drops efficiently",
          "status": "passed",
          "title": "should handle many drops efficiently",
          "duration": 69.39611000000002,
          "failureMessages": [],
          "meta": {}
        },
        {
          "ancestorTitles": ["Soul Power Drop System", "Performance Tests"],
          "fullName": "Soul Power Drop System Performance Tests should handle scaling calculations efficiently",
          "status": "passed",
          "title": "should handle scaling calculations efficiently",
          "duration": 1.8035119999999552,
          "failureMessages": [],
          "meta": {}
        },
        {
          "ancestorTitles": ["Soul Power Drop System", "Edge Cases"],
          "fullName": "Soul Power Drop System Edge Cases should handle zero amounts gracefully",
          "status": "passed",
          "title": "should handle zero amounts gracefully",
          "duration": 0.40591700000004494,
          "failureMessages": [],
          "meta": {}
        },
        {
          "ancestorTitles": ["Soul Power Drop System", "Edge Cases"],
          "fullName": "Soul Power Drop System Edge Cases should handle negative amounts gracefully",
          "status": "passed",
          "title": "should handle negative amounts gracefully",
          "duration": 0.2549909999999045,
          "failureMessages": [],
          "meta": {}
        },
        {
          "ancestorTitles": ["Soul Power Drop System", "Edge Cases"],
          "fullName": "Soul Power Drop System Edge Cases should handle spending more than available",
          "status": "passed",
          "title": "should handle spending more than available",
          "duration": 0.5029279999999972,
          "failureMessages": [],
          "meta": {}
        },
        {
          "ancestorTitles": ["Soul Power Drop System", "Edge Cases"],
          "fullName": "Soul Power Drop System Edge Cases should handle spending zero amount",
          "status": "passed",
          "title": "should handle spending zero amount",
          "duration": 0.42198100000007344,
          "failureMessages": [],
          "meta": {}
        },
        {
          "ancestorTitles": ["Soul Power Drop System", "Edge Cases"],
          "fullName": "Soul Power Drop System Edge Cases should handle very low Arcana amounts",
          "status": "passed",
          "title": "should handle very low Arcana amounts",
          "duration": 0.17558099999996557,
          "failureMessages": [],
          "meta": {}
        },
        {
          "ancestorTitles": ["Soul Power Drop System", "Edge Cases"],
          "fullName": "Soul Power Drop System Edge Cases should handle very high Arcana amounts",
          "status": "passed",
[...]
          "failureMessages": [],
          "meta": {}
        },
        {
          "ancestorTitles": ["Flag Store", "appFlags store"],
          "fullName": "Flag Store appFlags store should update when set is called",
          "status": "passed",
          "title": "should update when set is called",
          "duration": 0.3339809999999943,
          "failureMessages": [],
          "meta": {}
        },
        {
          "ancestorTitles": ["Flag Store", "appFlags store"],
          "fullName": "Flag Store appFlags store should update when update is called",
          "status": "passed",
          "title": "should update when update is called",
          "duration": 0.4011680000000979,
          "failureMessages": [],
          "meta": {}
        },
        {
          "ancestorTitles": ["Flag Store", "appFlags store"],
          "fullName": "Flag Store appFlags store should notify subscribers when values change",
          "status": "passed",
          "title": "should notify subscribers when values change",
          "duration": 3.5450740000001133,
          "failureMessages": [],
          "meta": {}
        },
        {
          "ancestorTitles": ["Flag Store", "appFlags store"],
          "fullName": "Flag Store appFlags store should not notify unsubscribed listeners",
          "status": "passed",
          "title": "should not notify unsubscribed listeners",
          "duration": 0.7858539999999721,
          "failureMessages": [],
          "meta": {}
        },
        {
          "ancestorTitles": ["Flag Store", "derived stores"],
          "fullName": "Flag Store derived stores should derive hudEnabled correctly",
          "status": "passed",
          "title": "should derive hudEnabled correctly",
          "duration": 0.8307619999998224,
          "failureMessages": [],
          "meta": {}
        },
        {
          "ancestorTitles": ["Flag Store", "derived stores"],
          "fullName": "Flag Store derived stores should derive devMenuEnabled correctly",
          "status": "passed",
          "title": "should derive devMenuEnabled correctly",
          "duration": 0.342431999999917,
          "failureMessages": [],
          "meta": {}
        },
        {
          "ancestorTitles": ["Flag Store", "derived stores"],
          "fullName": "Flag Store derived stores should derive logConsoleEnabled correctly",
          "status": "passed",
          "title": "should derive logConsoleEnabled correctly",
          "duration": 0.37092699999993783,
          "failureMessages": [],
          "meta": {}
        },
        {
          "ancestorTitles": ["Flag Store", "derived stores"],
          "fullName": "Flag Store derived stores should derive legacyBgSimEnabled correctly",
          "status": "passed",
          "title": "should derive legacyBgSimEnabled correctly",
          "duration": 0.4584389999999985,
          "failureMessages": [],
          "meta": {}
        },
        {
          "ancestorTitles": ["Flag Store", "derived stores"],
          "fullName": "Flag Store derived stores should derive forceMode correctly",
          "status": "passed",
          "title": "should derive forceMode correctly",
          "duration": 0.43001299999991716,
          "failureMessages": [],
          "meta": {}
        },
        {
          "ancestorTitles": ["Flag Store", "derived stores"],
          "fullName": "Flag Store derived stores should update derived stores when parent store changes",
          "status": "passed",
          "title": "should update derived stores when parent store changes",
          "duration": 0.6169780000000173,
          "failureMessages": [],
          "meta": {}
        },
        {
          "ancestorTitles": ["Flag Store", "isFlagEnabled utility"],
          "fullName": "Flag Store isFlagEnabled utility should return a derived store for boolean flags",
          "status": "passed",
          "title": "should return a derived store for boolean flags",
          "duration": 0.28153000000020256,
          "failureMessages": [],
          "meta": {}
        },
        {
          "ancestorTitles": ["Flag Store", "isFlagEnabled utility"],
          "fullName": "Flag Store isFlagEnabled utility should work with all boolean flags",
          "status": "passed",
          "title": "should work with all boolean flags",
          "duration": 0.5810089999999946,
          "failureMessages": [],
          "meta": {}
        },
        {
          "ancestorTitles": ["Flag Store", "isFlagEnabled utility"],
          "fullName": "Flag Store isFlagEnabled utility should convert non-boolean values to boolean",
          "status": "passed",
          "title": "should convert non-boolean values to boolean",
          "duration": 0.19590500000003885,
          "failureMessages": [],
          "meta": {}
        },
        {
          "ancestorTitles": ["Flag Store", "isFlagEnabled utility"],
          "fullName": "Flag Store isFlagEnabled utility should update when flag values change",
          "status": "passed",
          "title": "should update when flag values change",
          "duration": 0.43434300000012627,
          "failureMessages": [],
          "meta": {}
        },
        {
          "ancestorTitles": ["Flag Store", "getCurrentFlags utility"],
          "fullName": "Flag Store getCurrentFlags utility should return current flag values",
          "status": "passed",
          "title": "should return current flag values",
          "duration": 0.31274899999993977,
          "failureMessages": [],
          "meta": {}
        },
        {
          "ancestorTitles": ["Flag Store", "getCurrentFlags utility"],
          "fullName": "Flag Store getCurrentFlags utility should return updated values after store changes",
          "status": "passed",
          "title": "should return updated values after store changes",
          "duration": 0.17083099999990736,
          "failureMessages": [],
          "meta": {}
        },
        {
          "ancestorTitles": ["Flag Store", "getCurrentFlags utility"],
          "fullName": "Flag Store getCurrentFlags utility should return a snapshot of current state",
          "status": "passed",
          "title": "should return a snapshot of current state",
          "duration": 0.2346669999999449,
          "failureMessages": [],
          "meta": {}
        },
        {
          "ancestorTitles": ["Flag Store", "store integration"],
          "fullName": "Flag Store store integration should maintain consistency across all derived stores",
          "status": "passed",
          "title": "should maintain consistency across all derived stores",
          "duration": 0.3198740000000271,
          "failureMessages": [],
          "meta": {}
        },
        {
          "ancestorTitles": ["Flag Store", "store integration"],
          "fullName": "Flag Store store integration should handle rapid updates correctly",
          "status": "passed",
          "title": "should handle rapid updates correctly",
          "duration": 0.24172100000009777,
          "failureMessages": [],
          "meta": {}
        },
        {
          "ancestorTitles": ["Flag Store", "store integration"],
          "fullName": "Flag Store store integration should handle partial updates correctly",
          "status": "passed",
          "title": "should handle partial updates correctly",
          "duration": 0.19632400000000416,
          "failureMessages": [],
          "meta": {}
        },
        {
          "ancestorTitles": ["Flag Store", "edge cases"],
          "fullName": "Flag Store edge cases should handle undefined values gracefully",
          "status": "passed",
          "title": "should handle undefined values gracefully",
          "duration": 0.9987300000000232,
          "failureMessages": [],
          "meta": {}
        },
        {
          "ancestorTitles": ["Flag Store", "edge cases"],
          "fullName": "Flag Store edge cases should handle multiple subscribers correctly",
          "status": "passed",
          "title": "should handle multiple subscribers correctly",
          "duration": 1.5981779999999617,
          "failureMessages": [],
          "meta": {}
        }
      ],
      "startTime": 1759266707435,
      "endTime": 1759266707452.5981,
      "status": "passed",
      "message": "",
      "name": "C:/Users/ediaz/Coding_Projects/dragonIdler/tests/flags/store.spec.ts"
    },
    {
      "assertionResults": [
        {
          "ancestorTitles": ["Error Boundary Integration Tests", "Error Handling Functions"],
          "fullName": "Error Boundary Integration Tests Error Handling Functions should handle page reload functionality",
          "status": "passed",
          "title": "should handle page reload functionality",
          "duration": 2.2335939999999255,
          "failureMessages": [],
          "meta": {}
        },
        {
          "ancestorTitles": ["Error Boundary Integration Tests", "Error Handling Functions"],
          "fullName": "Error Boundary Integration Tests Error Handling Functions should handle navigation to home",
          "status": "passed",
          "title": "should handle navigation to home",
          "duration": 0.41967699999997876,
          "failureMessages": [],
          "meta": {}
        },
        {
          "ancestorTitles": ["Error Boundary Integration Tests", "Error Handling Functions"],
          "fullName": "Error Boundary Integration Tests Error Handling Functions should handle log export functionality",
          "status": "passed",
          "title": "should handle log export functionality",
          "duration": 3.7131110000000263,
          "failureMessages": [],
          "meta": {}
        },
        {
          "ancestorTitles": ["Error Boundary Integration Tests", "Error Handling Functions"],
          "fullName": "Error Boundary Integration Tests Error Handling Functions should handle log export errors gracefully",
          "status": "passed",
          "title": "should handle log export errors gracefully",
          "duration": 9.88575400000002,
          "failureMessages": [],
          "meta": {}
        },
        {
          "ancestorTitles": ["Error Boundary Integration Tests", "Error Handling Functions"],
          "fullName": "Error Boundary Integration Tests Error Handling Functions should prevent multiple simultaneous log exports",
          "status": "passed",
          "title": "should prevent multiple simultaneous log exports",
          "duration": 102.45708599999989,
          "failureMessages": [],
          "meta": {}
        },
        {
          "ancestorTitles": ["Error Boundary Integration Tests", "Error Information Processing"],
          "fullName": "Error Boundary Integration Tests Error Information Processing should generate detailed error information",
          "status": "passed",
          "title": "should generate detailed error information",
          "duration": 1.0782090000000153,
          "failureMessages": [],
          "meta": {}
        },
        {
          "ancestorTitles": ["Error Boundary Integration Tests", "Error Information Processing"],
          "fullName": "Error Boundary Integration Tests Error Information Processing should handle missing error information gracefully",
          "status": "passed",
          "title": "should handle missing error information gracefully",
          "duration": 0.3988640000000032,
          "failureMessages": [],
          "meta": {}
        },
        {
          "ancestorTitles": ["Error Boundary Integration Tests", "Download Functionality"],
          "fullName": "Error Boundary Integration Tests Download Functionality should generate correct filename with current date",
          "status": "passed",
          "title": "should generate correct filename with current date",
          "duration": 0.36380399999995916,
          "failureMessages": [],
          "meta": {}
        },
        {
          "ancestorTitles": ["Error Boundary Integration Tests", "Download Functionality"],
          "fullName": "Error Boundary Integration Tests Download Functionality should handle download errors gracefully",
          "status": "passed",
          "title": "should handle download errors gracefully",
          "duration": 2.502342999999996,
          "failureMessages": [],
          "meta": {}
        },
        {
          "ancestorTitles": ["Error Boundary Integration Tests", "Integration Scenarios"],
          "fullName": "Error Boundary Integration Tests Integration Scenarios should handle complete error boundary workflow",
          "status": "passed",
          "title": "should handle complete error boundary workflow",
          "duration": 1.2367490000000316,
          "failureMessages": [],
          "meta": {}
        },
        {
          "ancestorTitles": ["Error Boundary Integration Tests", "Integration Scenarios"],
          "fullName": "Error Boundary Integration Tests Integration Scenarios should handle rapid user interactions without issues",
          "status": "passed",
          "title": "should handle rapid user interactions without issues",
          "duration": 0.5993780000000015,
          "failureMessages": [],
          "meta": {}
        }
      ],
      "startTime": 1759266707139,
      "endTime": 1759266707264.5994,
      "status": "passed",
      "message": "",
      "name": "C:/Users/ediaz/Coding_Projects/dragonIdler/tests/integration/error-boundary.int.spec.ts"
    },
    {
      "assertionResults": [
        {
          "ancestorTitles": ["Log Export Integration Tests", "NDJSON Export"],
          "fullName": "Log Export Integration Tests NDJSON Export should export logs as NDJSON blob",
          "status": "passed",
          "title": "should export logs as NDJSON blob",
          "duration": 10.046179000000052,
          "failureMessages": [],
          "meta": {}
        },
        {
          "ancestorTitles": ["Log Export Integration Tests", "NDJSON Export"],
          "fullName": "Log Export Integration Tests NDJSON Export should export empty logs when no logs are present",
          "status": "passed",
          "title": "should export empty logs when no logs are present",
          "duration": 0.8024070000000165,
          "failureMessages": [],
          "meta": {}
        },
        {
          "ancestorTitles": ["Log Export Integration Tests", "NDJSON Export"],
          "fullName": "Log Export Integration Tests NDJSON Export should include proper NDJSON formatting",
          "status": "passed",
          "title": "should include proper NDJSON formatting",
          "duration": 1.777949000000035,
          "failureMessages": [],
          "meta": {}
        },
        {
          "ancestorTitles": ["Log Export Integration Tests", "NDJSON Export"],
          "fullName": "Log Export Integration Tests NDJSON Export should handle multiple log entries correctly",
          "status": "passed",
          "title": "should handle multiple log entries correctly",
          "duration": 0.8600950000000012,
          "failureMessages": [],
          "meta": {}
        },
        {
          "ancestorTitles": ["Log Export Integration Tests", "Download Functionality"],
          "fullName": "Log Export Integration Tests Download Functionality should trigger download with correct filename",
          "status": "passed",
          "title": "should trigger download with correct filename",
          "duration": 2.720876999999973,
          "failureMessages": [],
          "meta": {}
        },
        {
          "ancestorTitles": ["Log Export Integration Tests", "Download Functionality"],
          "fullName": "Log Export Integration Tests Download Functionality should generate filename with current date",
          "status": "passed",
          "title": "should generate filename with current date",
          "duration": 0.463675999999964,
          "failureMessages": [],
          "meta": {}
        },
        {
          "ancestorTitles": ["Log Export Integration Tests", "Download Functionality"],
          "fullName": "Log Export Integration Tests Download Functionality should handle download errors gracefully",
          "status": "passed",
          "title": "should handle download errors gracefully",
          "duration": 0.8417279999999892,
          "failureMessages": [],
          "meta": {}
        },
        {
          "ancestorTitles": ["Log Export Integration Tests", "PII Redaction in Exports"],
          "fullName": "Log Export Integration Tests PII Redaction in Exports should redact sensitive information in exported logs",
          "status": "passed",
          "title": "should redact sensitive information in exported logs",
          "duration": 0.8024769999999535,
          "failureMessages": [],
          "meta": {}
        },
        {
          "ancestorTitles": ["Log Export Integration Tests", "PII Redaction in Exports"],
          "fullName": "Log Export Integration Tests PII Redaction in Exports should preserve allowed data fields in exports",
          "status": "passed",
          "title": "should preserve allowed data fields in exports",
          "duration": 1.0063430000000153,
          "failureMessages": [],
          "meta": {}
        },
        {
          "ancestorTitles": ["Log Export Integration Tests", "PII Redaction in Exports"],
          "fullName": "Log Export Integration Tests PII Redaction in Exports should handle nested objects in data field",
          "status": "passed",
          "title": "should handle nested objects in data field",
          "duration": 0.7404569999999921,
          "failureMessages": [],
          "meta": {}
        },
        {
          "ancestorTitles": ["Log Export Integration Tests", "Memory Management"],
          "fullName": "Log Export Integration Tests Memory Management should respect memory limits during export",
          "status": "passed",
          "title": "should respect memory limits during export",
          "duration": 0.6984130000000732,
          "failureMessages": [],
          "meta": {}
        },
        {
          "ancestorTitles": ["Log Export Integration Tests", "Memory Management"],
          "fullName": "Log Export Integration Tests Memory Management should handle large exports efficiently",
          "status": "passed",
          "title": "should handle large exports efficiently",
          "duration": 3.0279689999999846,
          "failureMessages": [],
          "meta": {}
        },
        {
          "ancestorTitles": ["Log Export Integration Tests", "Error Handling"],
          "fullName": "Log Export Integration Tests Error Handling should handle export errors gracefully",
          "status": "passed",
          "title": "should handle export errors gracefully",
          "duration": 1.7245209999999815,
          "failureMessages": [],
          "meta": {}
        },
        {
          "ancestorTitles": ["Log Export Integration Tests", "Error Handling"],
          "fullName": "Log Export Integration Tests Error Handling should handle corrupted log data",
          "status": "passed",
          "title": "should handle corrupted log data",
          "duration": 0.6855620000000044,
          "failureMessages": [],
          "meta": {}
        },
        {
          "ancestorTitles": ["Log Export Integration Tests", "Integration with Error Boundary"],
          "fullName": "Log Export Integration Tests Integration with Error Boundary should work correctly when called from error boundary",
          "status": "passed",
          "title": "should work correctly when called from error boundary",
          "duration": 1.2656640000000152,
          "failureMessages": [],
          "meta": {}
        }
      ],
      "startTime": 1759266707144,
      "endTime": 1759266707172.2656,
      "status": "passed",
      "message": "",
      "name": "C:/Users/ediaz/Coding_Projects/dragonIdler/tests/integration/export-logs.int.spec.ts"
    }
  ]
}
